c:\users\salom\dropbox\treinamento pavic\programacao paralela\project1\x64\debug\vc143.pdb
c:\users\salom\dropbox\treinamento pavic\programacao paralela\project1\x64\debug\.netframework,version=v4.7.2.assemblyattributes.obj
c:\users\salom\dropbox\treinamento pavic\programacao paralela\project1\x64\debug\myform.obj
c:\users\salom\dropbox\treinamento pavic\programacao paralela\project1\x64\debug\cuda_kernel.cu.obj
c:\users\salom\dropbox\treinamento pavic\programacao paralela\project1\x64\debug\file.cu.obj
c:\users\salom\dropbox\treinamento pavic\programacao paralela\project1\x64\debug\project1.exe
c:\users\salom\dropbox\treinamento pavic\programacao paralela\project1\x64\debug\project1.pdb
c:\users\salom\dropbox\treinamento pavic\programacao paralela\project1\x64\debug\cuda_kernel.cu.cache
c:\users\salom\dropbox\treinamento pavic\programacao paralela\project1\x64\debug\file.cu.cache
c:\users\salom\dropbox\treinamento pavic\programacao paralela\project1\x64\debug\project1.device-link.obj
c:\users\salom\dropbox\treinamento pavic\programacao paralela\project1\x64\debug\project1.exe.metagen
c:\users\salom\dropbox\treinamento pavic\programacao paralela\project1\x64\debug\project1.tlog\cl.command.1.tlog
c:\users\salom\dropbox\treinamento pavic\programacao paralela\project1\x64\debug\project1.tlog\cl.read.1.tlog
c:\users\salom\dropbox\treinamento pavic\programacao paralela\project1\x64\debug\project1.tlog\cl.write.1.tlog
c:\users\salom\dropbox\treinamento pavic\programacao paralela\project1\x64\debug\project1.tlog\cudacompile.read.1u.tlog
c:\users\salom\dropbox\treinamento pavic\programacao paralela\project1\x64\debug\project1.tlog\cudacompile.write.1u.tlog
c:\users\salom\dropbox\treinamento pavic\programacao paralela\project1\x64\debug\project1.tlog\link.command.1.tlog
c:\users\salom\dropbox\treinamento pavic\programacao paralela\project1\x64\debug\project1.tlog\link.read.1.tlog
c:\users\salom\dropbox\treinamento pavic\programacao paralela\project1\x64\debug\project1.tlog\link.write.1.tlog
c:\users\salom\dropbox\treinamento pavic\programacao paralela\project1\x64\debug\project1.tlog\metagen.read.1.tlog
c:\users\salom\dropbox\treinamento pavic\programacao paralela\project1\x64\debug\project1.tlog\metagen.write.1.tlog
