  Compiling CUDA source file cuda_kernel.cu...
  
  C:\Users\salom\Dropbox\Treinamento Pavic\Programacao Paralela\Project1>"C:\Program Files\NVIDIA GPU Computing Toolkit\CUDA\v11.8\bin\nvcc.exe" -gencode=arch=compute_52,code=\"sm_52,compute_52\" --use-local-env -ccbin "C:\Program Files\Microsoft Visual Studio\2022\Community\VC\Tools\MSVC\14.33.31629\bin\HostX64\x64" -x cu -rdc=true  -I"C:\Program Files\NVIDIA GPU Computing Toolkit\CUDA\v11.8\include" -I"C:\Program Files\NVIDIA GPU Computing Toolkit\CUDA\v11.8\include"  -G   --keep-dir x64\Debug  -maxrregcount=0  --machine 64 -ptx -cudart static  -D_DEBUG -D_UNICODE -DUNICODE -o "C:\Users\salom\Dropbox\Treinamento Pavic\Programacao Paralela\Project1\x64\Debug\cuda_kernel.cu.obj" "C:\Users\salom\Dropbox\Treinamento Pavic\Programacao Paralela\Project1\cuda_kernel.cu" 
  cuda_kernel.cu
  MyForm.cpp
C:\Users\salom\Dropbox\Treinamento Pavic\Programacao Paralela\Project1\include\stb_image_write.h(789,15): warning C4996: 'sprintf': This function or variable may be unsafe. Consider using sprintf_s instead. To disable deprecation, use _CRT_SECURE_NO_WARNINGS. See online help for details.
C:\Users\salom\Dropbox\Treinamento Pavic\Programacao Paralela\Project1\MyForm.h(104,27): warning C4244: '=': conversão de 'float' para 'unsigned char', possível perda de dados
C:\Users\salom\Dropbox\Treinamento Pavic\Programacao Paralela\Project1\MyForm.h(105,29): warning C4244: '=': conversão de 'float' para 'unsigned char', possível perda de dados
C:\Users\salom\Dropbox\Treinamento Pavic\Programacao Paralela\Project1\MyForm.h(106,28): warning C4244: '=': conversão de 'float' para 'unsigned char', possível perda de dados
C:\Users\salom\Dropbox\Treinamento Pavic\Programacao Paralela\Project1\MyForm.h(197,9): warning C4244: 'inicializando': conversão de 'float' para 'int', possível perda de dados
C:\Users\salom\Dropbox\Treinamento Pavic\Programacao Paralela\Project1\MyForm.h(202,8): warning C4244: 'inicializando': conversão de 'float' para 'int', possível perda de dados
C:\Users\salom\Dropbox\Treinamento Pavic\Programacao Paralela\Project1\include\stb_image.h(733): warning C4793: '`anonymous namespace'::stbi__cpuid3': função compilada como nativa:
  	Encontrado um intrínseco não suportado em código gerenciado
C:\Users\salom\Dropbox\Treinamento Pavic\Programacao Paralela\Project1\include\stb_image.h(2595): warning C4793: '`anonymous namespace'::stbi__idct_simd': função compilada como nativa:
  	Encontrado um intrínseco não suportado em código gerenciado
C:\Users\salom\Dropbox\Treinamento Pavic\Programacao Paralela\Project1\include\stb_image.h(2596): warning C4793: '`anonymous namespace'::stbi__idct_simd': função compilada como nativa:
  	Encontrado um intrínseco não suportado em código gerenciado
C:\Users\salom\Dropbox\Treinamento Pavic\Programacao Paralela\Project1\include\stb_image.h(2597): warning C4793: '`anonymous namespace'::stbi__idct_simd': função compilada como nativa:
  	Encontrado um intrínseco não suportado em código gerenciado
C:\Users\salom\Dropbox\Treinamento Pavic\Programacao Paralela\Project1\include\stb_image.h(2598): warning C4793: '`anonymous namespace'::stbi__idct_simd': função compilada como nativa:
  	Encontrado um intrínseco não suportado em código gerenciado
C:\Users\salom\Dropbox\Treinamento Pavic\Programacao Paralela\Project1\include\stb_image.h(2599): warning C4793: '`anonymous namespace'::stbi__idct_simd': função compilada como nativa:
  	Encontrado um intrínseco não suportado em código gerenciado
C:\Users\salom\Dropbox\Treinamento Pavic\Programacao Paralela\Project1\include\stb_image.h(2600): warning C4793: '`anonymous namespace'::stbi__idct_simd': função compilada como nativa:
  	Encontrado um intrínseco não suportado em código gerenciado
C:\Users\salom\Dropbox\Treinamento Pavic\Programacao Paralela\Project1\include\stb_image.h(2601): warning C4793: '`anonymous namespace'::stbi__idct_simd': função compilada como nativa:
  	Encontrado um intrínseco não suportado em código gerenciado
C:\Users\salom\Dropbox\Treinamento Pavic\Programacao Paralela\Project1\include\stb_image.h(2602): warning C4793: '`anonymous namespace'::stbi__idct_simd': função compilada como nativa:
  	Encontrado um intrínseco não suportado em código gerenciado
C:\Users\salom\Dropbox\Treinamento Pavic\Programacao Paralela\Project1\include\stb_image.h(2605): warning C4793: '`anonymous namespace'::stbi__idct_simd': função compilada como nativa:
  	Encontrado um intrínseco não suportado em código gerenciado
C:\Users\salom\Dropbox\Treinamento Pavic\Programacao Paralela\Project1\include\stb_image.h(2606): warning C4793: '`anonymous namespace'::stbi__idct_simd': função compilada como nativa:
  	Encontrado um intrínseco não suportado em código gerenciado
C:\Users\salom\Dropbox\Treinamento Pavic\Programacao Paralela\Project1\include\stb_image.h(2609): warning C4793: '`anonymous namespace'::stbi__idct_simd': função compilada como nativa:
  	Encontrado um intrínseco não suportado em código gerenciado
C:\Users\salom\Dropbox\Treinamento Pavic\Programacao Paralela\Project1\include\stb_image.h(2610): warning C4793: '`anonymous namespace'::stbi__idct_simd': função compilada como nativa:
  	Encontrado um intrínseco não suportado em código gerenciado
C:\Users\salom\Dropbox\Treinamento Pavic\Programacao Paralela\Project1\include\stb_image.h(2611): warning C4793: '`anonymous namespace'::stbi__idct_simd': função compilada como nativa:
  	Encontrado um intrínseco não suportado em código gerenciado
C:\Users\salom\Dropbox\Treinamento Pavic\Programacao Paralela\Project1\include\stb_image.h(2612): warning C4793: '`anonymous namespace'::stbi__idct_simd': função compilada como nativa:
  	Encontrado um intrínseco não suportado em código gerenciado
C:\Users\salom\Dropbox\Treinamento Pavic\Programacao Paralela\Project1\include\stb_image.h(2613): warning C4793: '`anonymous namespace'::stbi__idct_simd': função compilada como nativa:
  	Encontrado um intrínseco não suportado em código gerenciado
C:\Users\salom\Dropbox\Treinamento Pavic\Programacao Paralela\Project1\include\stb_image.h(2614): warning C4793: '`anonymous namespace'::stbi__idct_simd': função compilada como nativa:
  	Encontrado um intrínseco não suportado em código gerenciado
C:\Users\salom\Dropbox\Treinamento Pavic\Programacao Paralela\Project1\include\stb_image.h(2615): warning C4793: '`anonymous namespace'::stbi__idct_simd': função compilada como nativa:
  	Encontrado um intrínseco não suportado em código gerenciado
C:\Users\salom\Dropbox\Treinamento Pavic\Programacao Paralela\Project1\include\stb_image.h(2616): warning C4793: '`anonymous namespace'::stbi__idct_simd': função compilada como nativa:
  	Encontrado um intrínseco não suportado em código gerenciado
C:\Users\salom\Dropbox\Treinamento Pavic\Programacao Paralela\Project1\include\stb_image.h(2619): warning C4793: '`anonymous namespace'::stbi__idct_simd': função compilada como nativa:
  	Encontrado um intrínseco não suportado em código gerenciado
C:\Users\salom\Dropbox\Treinamento Pavic\Programacao Paralela\Project1\include\stb_image.h(2619): warning C4793: '`anonymous namespace'::stbi__idct_simd': função compilada como nativa:
  	Encontrado um intrínseco não suportado em código gerenciado
C:\Users\salom\Dropbox\Treinamento Pavic\Programacao Paralela\Project1\include\stb_image.h(2619): warning C4793: '`anonymous namespace'::stbi__idct_simd': função compilada como nativa:
  	Encontrado um intrínseco não suportado em código gerenciado
C:\Users\salom\Dropbox\Treinamento Pavic\Programacao Paralela\Project1\include\stb_image.h(2619): warning C4793: '`anonymous namespace'::stbi__idct_simd': função compilada como nativa:
  	Encontrado um intrínseco não suportado em código gerenciado
C:\Users\salom\Dropbox\Treinamento Pavic\Programacao Paralela\Project1\include\stb_image.h(2619): warning C4793: '`anonymous namespace'::stbi__idct_simd': função compilada como nativa:
  	Encontrado um intrínseco não suportado em código gerenciado
C:\Users\salom\Dropbox\Treinamento Pavic\Programacao Paralela\Project1\include\stb_image.h(2619): warning C4793: '`anonymous namespace'::stbi__idct_simd': função compilada como nativa:
  	Encontrado um intrínseco não suportado em código gerenciado
C:\Users\salom\Dropbox\Treinamento Pavic\Programacao Paralela\Project1\include\stb_image.h(2619): warning C4793: '`anonymous namespace'::stbi__idct_simd': função compilada como nativa:
  	Encontrado um intrínseco não suportado em código gerenciado
C:\Users\salom\Dropbox\Treinamento Pavic\Programacao Paralela\Project1\include\stb_image.h(2619): warning C4793: '`anonymous namespace'::stbi__idct_simd': função compilada como nativa:
  	Encontrado um intrínseco não suportado em código gerenciado
C:\Users\salom\Dropbox\Treinamento Pavic\Programacao Paralela\Project1\include\stb_image.h(2619): warning C4793: '`anonymous namespace'::stbi__idct_simd': função compilada como nativa:
  	Encontrado um intrínseco não suportado em código gerenciado
C:\Users\salom\Dropbox\Treinamento Pavic\Programacao Paralela\Project1\include\stb_image.h(2619): warning C4793: '`anonymous namespace'::stbi__idct_simd': função compilada como nativa:
  	Encontrado um intrínseco não suportado em código gerenciado
C:\Users\salom\Dropbox\Treinamento Pavic\Programacao Paralela\Project1\include\stb_image.h(2619): warning C4793: '`anonymous namespace'::stbi__idct_simd': função compilada como nativa:
  	Encontrado um intrínseco não suportado em código gerenciado
C:\Users\salom\Dropbox\Treinamento Pavic\Programacao Paralela\Project1\include\stb_image.h(2619): warning C4793: '`anonymous namespace'::stbi__idct_simd': função compilada como nativa:
  	Encontrado um intrínseco não suportado em código gerenciado
C:\Users\salom\Dropbox\Treinamento Pavic\Programacao Paralela\Project1\include\stb_image.h(2619): warning C4793: '`anonymous namespace'::stbi__idct_simd': função compilada como nativa:
  	Encontrado um intrínseco não suportado em código gerenciado
C:\Users\salom\Dropbox\Treinamento Pavic\Programacao Paralela\Project1\include\stb_image.h(2619): warning C4793: '`anonymous namespace'::stbi__idct_simd': função compilada como nativa:
  	Encontrado um intrínseco não suportado em código gerenciado
C:\Users\salom\Dropbox\Treinamento Pavic\Programacao Paralela\Project1\include\stb_image.h(2619): warning C4793: '`anonymous namespace'::stbi__idct_simd': função compilada como nativa:
  	Encontrado um intrínseco não suportado em código gerenciado
C:\Users\salom\Dropbox\Treinamento Pavic\Programacao Paralela\Project1\include\stb_image.h(2619): warning C4793: '`anonymous namespace'::stbi__idct_simd': função compilada como nativa:
  	Encontrado um intrínseco não suportado em código gerenciado
C:\Users\salom\Dropbox\Treinamento Pavic\Programacao Paralela\Project1\include\stb_image.h(2619): warning C4793: '`anonymous namespace'::stbi__idct_simd': função compilada como nativa:
  	Encontrado um intrínseco não suportado em código gerenciado
C:\Users\salom\Dropbox\Treinamento Pavic\Programacao Paralela\Project1\include\stb_image.h(2619): warning C4793: '`anonymous namespace'::stbi__idct_simd': função compilada como nativa:
  	Encontrado um intrínseco não suportado em código gerenciado
C:\Users\salom\Dropbox\Treinamento Pavic\Programacao Paralela\Project1\include\stb_image.h(2619): warning C4793: '`anonymous namespace'::stbi__idct_simd': função compilada como nativa:
  	Encontrado um intrínseco não suportado em código gerenciado
C:\Users\salom\Dropbox\Treinamento Pavic\Programacao Paralela\Project1\include\stb_image.h(2619): warning C4793: '`anonymous namespace'::stbi__idct_simd': função compilada como nativa:
  	Encontrado um intrínseco não suportado em código gerenciado
C:\Users\salom\Dropbox\Treinamento Pavic\Programacao Paralela\Project1\include\stb_image.h(2619): warning C4793: '`anonymous namespace'::stbi__idct_simd': função compilada como nativa:
  	Encontrado um intrínseco não suportado em código gerenciado
C:\Users\salom\Dropbox\Treinamento Pavic\Programacao Paralela\Project1\include\stb_image.h(2619): warning C4793: '`anonymous namespace'::stbi__idct_simd': função compilada como nativa:
  	Encontrado um intrínseco não suportado em código gerenciado
C:\Users\salom\Dropbox\Treinamento Pavic\Programacao Paralela\Project1\include\stb_image.h(2619): warning C4793: '`anonymous namespace'::stbi__idct_simd': função compilada como nativa:
  	Encontrado um intrínseco não suportado em código gerenciado
C:\Users\salom\Dropbox\Treinamento Pavic\Programacao Paralela\Project1\include\stb_image.h(2619): warning C4793: '`anonymous namespace'::stbi__idct_simd': função compilada como nativa:
  	Encontrado um intrínseco não suportado em código gerenciado
C:\Users\salom\Dropbox\Treinamento Pavic\Programacao Paralela\Project1\include\stb_image.h(2619): warning C4793: '`anonymous namespace'::stbi__idct_simd': função compilada como nativa:
  	Encontrado um intrínseco não suportado em código gerenciado
C:\Users\salom\Dropbox\Treinamento Pavic\Programacao Paralela\Project1\include\stb_image.h(2619): warning C4793: '`anonymous namespace'::stbi__idct_simd': função compilada como nativa:
  	Encontrado um intrínseco não suportado em código gerenciado
C:\Users\salom\Dropbox\Treinamento Pavic\Programacao Paralela\Project1\include\stb_image.h(2619): warning C4793: '`anonymous namespace'::stbi__idct_simd': função compilada como nativa:
  	Encontrado um intrínseco não suportado em código gerenciado
C:\Users\salom\Dropbox\Treinamento Pavic\Programacao Paralela\Project1\include\stb_image.h(2619): warning C4793: '`anonymous namespace'::stbi__idct_simd': função compilada como nativa:
  	Encontrado um intrínseco não suportado em código gerenciado
C:\Users\salom\Dropbox\Treinamento Pavic\Programacao Paralela\Project1\include\stb_image.h(2619): warning C4793: '`anonymous namespace'::stbi__idct_simd': função compilada como nativa:
  	Encontrado um intrínseco não suportado em código gerenciado
C:\Users\salom\Dropbox\Treinamento Pavic\Programacao Paralela\Project1\include\stb_image.h(2619): warning C4793: '`anonymous namespace'::stbi__idct_simd': função compilada como nativa:
  	Encontrado um intrínseco não suportado em código gerenciado
C:\Users\salom\Dropbox\Treinamento Pavic\Programacao Paralela\Project1\include\stb_image.h(2619): warning C4793: '`anonymous namespace'::stbi__idct_simd': função compilada como nativa:
  	Encontrado um intrínseco não suportado em código gerenciado
C:\Users\salom\Dropbox\Treinamento Pavic\Programacao Paralela\Project1\include\stb_image.h(2619): warning C4793: '`anonymous namespace'::stbi__idct_simd': função compilada como nativa:
  	Encontrado um intrínseco não suportado em código gerenciado
C:\Users\salom\Dropbox\Treinamento Pavic\Programacao Paralela\Project1\include\stb_image.h(2619): warning C4793: '`anonymous namespace'::stbi__idct_simd': função compilada como nativa:
  	Encontrado um intrínseco não suportado em código gerenciado
C:\Users\salom\Dropbox\Treinamento Pavic\Programacao Paralela\Project1\include\stb_image.h(2619): warning C4793: '`anonymous namespace'::stbi__idct_simd': função compilada como nativa:
  	Encontrado um intrínseco não suportado em código gerenciado
C:\Users\salom\Dropbox\Treinamento Pavic\Programacao Paralela\Project1\include\stb_image.h(2619): warning C4793: '`anonymous namespace'::stbi__idct_simd': função compilada como nativa:
  	Encontrado um intrínseco não suportado em código gerenciado
C:\Users\salom\Dropbox\Treinamento Pavic\Programacao Paralela\Project1\include\stb_image.h(2619): warning C4793: '`anonymous namespace'::stbi__idct_simd': função compilada como nativa:
  	Encontrado um intrínseco não suportado em código gerenciado
C:\Users\salom\Dropbox\Treinamento Pavic\Programacao Paralela\Project1\include\stb_image.h(2619): warning C4793: '`anonymous namespace'::stbi__idct_simd': função compilada como nativa:
  	Encontrado um intrínseco não suportado em código gerenciado
C:\Users\salom\Dropbox\Treinamento Pavic\Programacao Paralela\Project1\include\stb_image.h(2619): warning C4793: '`anonymous namespace'::stbi__idct_simd': função compilada como nativa:
  	Encontrado um intrínseco não suportado em código gerenciado
C:\Users\salom\Dropbox\Treinamento Pavic\Programacao Paralela\Project1\include\stb_image.h(2619): warning C4793: '`anonymous namespace'::stbi__idct_simd': função compilada como nativa:
  	Encontrado um intrínseco não suportado em código gerenciado
C:\Users\salom\Dropbox\Treinamento Pavic\Programacao Paralela\Project1\include\stb_image.h(2619): warning C4793: '`anonymous namespace'::stbi__idct_simd': função compilada como nativa:
  	Encontrado um intrínseco não suportado em código gerenciado
C:\Users\salom\Dropbox\Treinamento Pavic\Programacao Paralela\Project1\include\stb_image.h(2619): warning C4793: '`anonymous namespace'::stbi__idct_simd': função compilada como nativa:
  	Encontrado um intrínseco não suportado em código gerenciado
C:\Users\salom\Dropbox\Treinamento Pavic\Programacao Paralela\Project1\include\stb_image.h(2619): warning C4793: '`anonymous namespace'::stbi__idct_simd': função compilada como nativa:
  	Encontrado um intrínseco não suportado em código gerenciado
C:\Users\salom\Dropbox\Treinamento Pavic\Programacao Paralela\Project1\include\stb_image.h(2619): warning C4793: '`anonymous namespace'::stbi__idct_simd': função compilada como nativa:
  	Encontrado um intrínseco não suportado em código gerenciado
C:\Users\salom\Dropbox\Treinamento Pavic\Programacao Paralela\Project1\include\stb_image.h(2619): warning C4793: '`anonymous namespace'::stbi__idct_simd': função compilada como nativa:
  	Encontrado um intrínseco não suportado em código gerenciado
C:\Users\salom\Dropbox\Treinamento Pavic\Programacao Paralela\Project1\include\stb_image.h(2619): warning C4793: '`anonymous namespace'::stbi__idct_simd': função compilada como nativa:
  	Encontrado um intrínseco não suportado em código gerenciado
C:\Users\salom\Dropbox\Treinamento Pavic\Programacao Paralela\Project1\include\stb_image.h(2619): warning C4793: '`anonymous namespace'::stbi__idct_simd': função compilada como nativa:
  	Encontrado um intrínseco não suportado em código gerenciado
C:\Users\salom\Dropbox\Treinamento Pavic\Programacao Paralela\Project1\include\stb_image.h(2619): warning C4793: '`anonymous namespace'::stbi__idct_simd': função compilada como nativa:
  	Encontrado um intrínseco não suportado em código gerenciado
C:\Users\salom\Dropbox\Treinamento Pavic\Programacao Paralela\Project1\include\stb_image.h(2619): warning C4793: '`anonymous namespace'::stbi__idct_simd': função compilada como nativa:
  	Encontrado um intrínseco não suportado em código gerenciado
C:\Users\salom\Dropbox\Treinamento Pavic\Programacao Paralela\Project1\include\stb_image.h(2619): warning C4793: '`anonymous namespace'::stbi__idct_simd': função compilada como nativa:
  	Encontrado um intrínseco não suportado em código gerenciado
C:\Users\salom\Dropbox\Treinamento Pavic\Programacao Paralela\Project1\include\stb_image.h(2619): warning C4793: '`anonymous namespace'::stbi__idct_simd': função compilada como nativa:
  	Encontrado um intrínseco não suportado em código gerenciado
C:\Users\salom\Dropbox\Treinamento Pavic\Programacao Paralela\Project1\include\stb_image.h(2619): warning C4793: '`anonymous namespace'::stbi__idct_simd': função compilada como nativa:
  	Encontrado um intrínseco não suportado em código gerenciado
C:\Users\salom\Dropbox\Treinamento Pavic\Programacao Paralela\Project1\include\stb_image.h(2619): warning C4793: '`anonymous namespace'::stbi__idct_simd': função compilada como nativa:
  	Encontrado um intrínseco não suportado em código gerenciado
C:\Users\salom\Dropbox\Treinamento Pavic\Programacao Paralela\Project1\include\stb_image.h(2619): warning C4793: '`anonymous namespace'::stbi__idct_simd': função compilada como nativa:
  	Encontrado um intrínseco não suportado em código gerenciado
C:\Users\salom\Dropbox\Treinamento Pavic\Programacao Paralela\Project1\include\stb_image.h(2619): warning C4793: '`anonymous namespace'::stbi__idct_simd': função compilada como nativa:
  	Encontrado um intrínseco não suportado em código gerenciado
C:\Users\salom\Dropbox\Treinamento Pavic\Programacao Paralela\Project1\include\stb_image.h(2619): warning C4793: '`anonymous namespace'::stbi__idct_simd': função compilada como nativa:
  	Encontrado um intrínseco não suportado em código gerenciado
C:\Users\salom\Dropbox\Treinamento Pavic\Programacao Paralela\Project1\include\stb_image.h(2619): warning C4793: '`anonymous namespace'::stbi__idct_simd': função compilada como nativa:
  	Encontrado um intrínseco não suportado em código gerenciado
C:\Users\salom\Dropbox\Treinamento Pavic\Programacao Paralela\Project1\include\stb_image.h(2619): warning C4793: '`anonymous namespace'::stbi__idct_simd': função compilada como nativa:
  	Encontrado um intrínseco não suportado em código gerenciado
C:\Users\salom\Dropbox\Treinamento Pavic\Programacao Paralela\Project1\include\stb_image.h(2619): warning C4793: '`anonymous namespace'::stbi__idct_simd': função compilada como nativa:
  	Encontrado um intrínseco não suportado em código gerenciado
C:\Users\salom\Dropbox\Treinamento Pavic\Programacao Paralela\Project1\include\stb_image.h(2619): warning C4793: '`anonymous namespace'::stbi__idct_simd': função compilada como nativa:
  	Encontrado um intrínseco não suportado em código gerenciado
C:\Users\salom\Dropbox\Treinamento Pavic\Programacao Paralela\Project1\include\stb_image.h(2619): warning C4793: '`anonymous namespace'::stbi__idct_simd': função compilada como nativa:
  	Encontrado um intrínseco não suportado em código gerenciado
C:\Users\salom\Dropbox\Treinamento Pavic\Programacao Paralela\Project1\include\stb_image.h(2619): warning C4793: '`anonymous namespace'::stbi__idct_simd': função compilada como nativa:
  	Encontrado um intrínseco não suportado em código gerenciado
C:\Users\salom\Dropbox\Treinamento Pavic\Programacao Paralela\Project1\include\stb_image.h(2619): warning C4793: '`anonymous namespace'::stbi__idct_simd': função compilada como nativa:
  	Encontrado um intrínseco não suportado em código gerenciado
C:\Users\salom\Dropbox\Treinamento Pavic\Programacao Paralela\Project1\include\stb_image.h(2619): warning C4793: '`anonymous namespace'::stbi__idct_simd': função compilada como nativa:
  	Encontrado um intrínseco não suportado em código gerenciado
C:\Users\salom\Dropbox\Treinamento Pavic\Programacao Paralela\Project1\include\stb_image.h(2619): warning C4793: '`anonymous namespace'::stbi__idct_simd': função compilada como nativa:
  	Encontrado um intrínseco não suportado em código gerenciado
C:\Users\salom\Dropbox\Treinamento Pavic\Programacao Paralela\Project1\include\stb_image.h(2619): warning C4793: '`anonymous namespace'::stbi__idct_simd': função compilada como nativa:
  	Encontrado um intrínseco não suportado em código gerenciado
C:\Users\salom\Dropbox\Treinamento Pavic\Programacao Paralela\Project1\include\stb_image.h(2619): warning C4793: '`anonymous namespace'::stbi__idct_simd': função compilada como nativa:
  	Encontrado um intrínseco não suportado em código gerenciado
C:\Users\salom\Dropbox\Treinamento Pavic\Programacao Paralela\Project1\include\stb_image.h(2619): warning C4793: '`anonymous namespace'::stbi__idct_simd': função compilada como nativa:
  	Encontrado um intrínseco não suportado em código gerenciado
C:\Users\salom\Dropbox\Treinamento Pavic\Programacao Paralela\Project1\include\stb_image.h(2619): warning C4793: '`anonymous namespace'::stbi__idct_simd': função compilada como nativa:
  	Encontrado um intrínseco não suportado em código gerenciado
C:\Users\salom\Dropbox\Treinamento Pavic\Programacao Paralela\Project1\include\stb_image.h(2619): warning C4793: '`anonymous namespace'::stbi__idct_simd': função compilada como nativa:
  	Encontrado um intrínseco não suportado em código gerenciado
C:\Users\salom\Dropbox\Treinamento Pavic\Programacao Paralela\Project1\include\stb_image.h(2619): warning C4793: '`anonymous namespace'::stbi__idct_simd': função compilada como nativa:
  	Encontrado um intrínseco não suportado em código gerenciado
C:\Users\salom\Dropbox\Treinamento Pavic\Programacao Paralela\Project1\include\stb_image.h(2619): warning C4793: '`anonymous namespace'::stbi__idct_simd': função compilada como nativa:
  	Encontrado um intrínseco não suportado em código gerenciado
C:\Users\salom\Dropbox\Treinamento Pavic\Programacao Paralela\Project1\include\stb_image.h(2619): warning C4793: '`anonymous namespace'::stbi__idct_simd': função compilada como nativa:
  	Encontrado um intrínseco não suportado em código gerenciado
C:\Users\salom\Dropbox\Treinamento Pavic\Programacao Paralela\Project1\include\stb_image.h(2619): warning C4793: '`anonymous namespace'::stbi__idct_simd': função compilada como nativa:
  	Encontrado um intrínseco não suportado em código gerenciado
C:\Users\salom\Dropbox\Treinamento Pavic\Programacao Paralela\Project1\include\stb_image.h(2619): warning C4793: '`anonymous namespace'::stbi__idct_simd': função compilada como nativa:
  	Encontrado um intrínseco não suportado em código gerenciado
C:\Users\salom\Dropbox\Treinamento Pavic\Programacao Paralela\Project1\include\stb_image.h(2619): warning C4793: '`anonymous namespace'::stbi__idct_simd': função compilada como nativa:
  	Encontrado um intrínseco não suportado em código gerenciado
C:\Users\salom\Dropbox\Treinamento Pavic\Programacao Paralela\Project1\include\stb_image.h(2619): warning C4793: '`anonymous namespace'::stbi__idct_simd': função compilada como nativa:
  	Encontrado um intrínseco não suportado em código gerenciado
C:\Users\salom\Dropbox\Treinamento Pavic\Programacao Paralela\Project1\include\stb_image.h(2619): warning C4793: '`anonymous namespace'::stbi__idct_simd': função compilada como nativa:
  	Encontrado um intrínseco não suportado em código gerenciado
C:\Users\salom\Dropbox\Treinamento Pavic\Programacao Paralela\Project1\include\stb_image.h(2619): warning C4793: '`anonymous namespace'::stbi__idct_simd': função compilada como nativa:
  	Encontrado um intrínseco não suportado em código gerenciado
C:\Users\salom\Dropbox\Treinamento Pavic\Programacao Paralela\Project1\include\stb_image.h(2619): warning C4793: '`anonymous namespace'::stbi__idct_simd': função compilada como nativa:
  	Encontrado um intrínseco não suportado em código gerenciado
C:\Users\salom\Dropbox\Treinamento Pavic\Programacao Paralela\Project1\include\stb_image.h(2619): warning C4793: '`anonymous namespace'::stbi__idct_simd': função compilada como nativa:
  	Encontrado um intrínseco não suportado em código gerenciado
C:\Users\salom\Dropbox\Treinamento Pavic\Programacao Paralela\Project1\include\stb_image.h(2619): warning C4793: '`anonymous namespace'::stbi__idct_simd': função compilada como nativa:
  	Encontrado um intrínseco não suportado em código gerenciado
C:\Users\salom\Dropbox\Treinamento Pavic\Programacao Paralela\Project1\include\stb_image.h(2619): warning C4793: '`anonymous namespace'::stbi__idct_simd': função compilada como nativa:
  	Encontrado um intrínseco não suportado em código gerenciado
C:\Users\salom\Dropbox\Treinamento Pavic\Programacao Paralela\Project1\include\stb_image.h(2619): warning C4793: '`anonymous namespace'::stbi__idct_simd': função compilada como nativa:
  	Encontrado um intrínseco não suportado em código gerenciado
C:\Users\salom\Dropbox\Treinamento Pavic\Programacao Paralela\Project1\include\stb_image.h(2619): warning C4793: '`anonymous namespace'::stbi__idct_simd': função compilada como nativa:
  	Encontrado um intrínseco não suportado em código gerenciado
C:\Users\salom\Dropbox\Treinamento Pavic\Programacao Paralela\Project1\include\stb_image.h(2619): warning C4793: '`anonymous namespace'::stbi__idct_simd': função compilada como nativa:
  	Encontrado um intrínseco não suportado em código gerenciado
C:\Users\salom\Dropbox\Treinamento Pavic\Programacao Paralela\Project1\include\stb_image.h(2619): warning C4793: '`anonymous namespace'::stbi__idct_simd': função compilada como nativa:
  	Encontrado um intrínseco não suportado em código gerenciado
C:\Users\salom\Dropbox\Treinamento Pavic\Programacao Paralela\Project1\include\stb_image.h(2619): warning C4793: '`anonymous namespace'::stbi__idct_simd': função compilada como nativa:
  	Encontrado um intrínseco não suportado em código gerenciado
C:\Users\salom\Dropbox\Treinamento Pavic\Programacao Paralela\Project1\include\stb_image.h(2619): warning C4793: '`anonymous namespace'::stbi__idct_simd': função compilada como nativa:
  	Encontrado um intrínseco não suportado em código gerenciado
C:\Users\salom\Dropbox\Treinamento Pavic\Programacao Paralela\Project1\include\stb_image.h(2619): warning C4793: '`anonymous namespace'::stbi__idct_simd': função compilada como nativa:
  	Encontrado um intrínseco não suportado em código gerenciado
C:\Users\salom\Dropbox\Treinamento Pavic\Programacao Paralela\Project1\include\stb_image.h(2619): warning C4793: '`anonymous namespace'::stbi__idct_simd': função compilada como nativa:
  	Encontrado um intrínseco não suportado em código gerenciado
C:\Users\salom\Dropbox\Treinamento Pavic\Programacao Paralela\Project1\include\stb_image.h(2619): warning C4793: '`anonymous namespace'::stbi__idct_simd': função compilada como nativa:
  	Encontrado um intrínseco não suportado em código gerenciado
C:\Users\salom\Dropbox\Treinamento Pavic\Programacao Paralela\Project1\include\stb_image.h(2619): warning C4793: '`anonymous namespace'::stbi__idct_simd': função compilada como nativa:
  	Encontrado um intrínseco não suportado em código gerenciado
C:\Users\salom\Dropbox\Treinamento Pavic\Programacao Paralela\Project1\include\stb_image.h(2619): warning C4793: '`anonymous namespace'::stbi__idct_simd': função compilada como nativa:
  	Encontrado um intrínseco não suportado em código gerenciado
C:\Users\salom\Dropbox\Treinamento Pavic\Programacao Paralela\Project1\include\stb_image.h(2619): warning C4793: '`anonymous namespace'::stbi__idct_simd': função compilada como nativa:
  	Encontrado um intrínseco não suportado em código gerenciado
C:\Users\salom\Dropbox\Treinamento Pavic\Programacao Paralela\Project1\include\stb_image.h(2619): warning C4793: '`anonymous namespace'::stbi__idct_simd': função compilada como nativa:
  	Encontrado um intrínseco não suportado em código gerenciado
C:\Users\salom\Dropbox\Treinamento Pavic\Programacao Paralela\Project1\include\stb_image.h(2619): warning C4793: '`anonymous namespace'::stbi__idct_simd': função compilada como nativa:
  	Encontrado um intrínseco não suportado em código gerenciado
C:\Users\salom\Dropbox\Treinamento Pavic\Programacao Paralela\Project1\include\stb_image.h(2619): warning C4793: '`anonymous namespace'::stbi__idct_simd': função compilada como nativa:
  	Encontrado um intrínseco não suportado em código gerenciado
C:\Users\salom\Dropbox\Treinamento Pavic\Programacao Paralela\Project1\include\stb_image.h(2619): warning C4793: '`anonymous namespace'::stbi__idct_simd': função compilada como nativa:
  	Encontrado um intrínseco não suportado em código gerenciado
C:\Users\salom\Dropbox\Treinamento Pavic\Programacao Paralela\Project1\include\stb_image.h(2619): warning C4793: '`anonymous namespace'::stbi__idct_simd': função compilada como nativa:
  	Encontrado um intrínseco não suportado em código gerenciado
C:\Users\salom\Dropbox\Treinamento Pavic\Programacao Paralela\Project1\include\stb_image.h(2619): warning C4793: '`anonymous namespace'::stbi__idct_simd': função compilada como nativa:
  	Encontrado um intrínseco não suportado em código gerenciado
C:\Users\salom\Dropbox\Treinamento Pavic\Programacao Paralela\Project1\include\stb_image.h(2619): warning C4793: '`anonymous namespace'::stbi__idct_simd': função compilada como nativa:
  	Encontrado um intrínseco não suportado em código gerenciado
C:\Users\salom\Dropbox\Treinamento Pavic\Programacao Paralela\Project1\include\stb_image.h(2619): warning C4793: '`anonymous namespace'::stbi__idct_simd': função compilada como nativa:
  	Encontrado um intrínseco não suportado em código gerenciado
C:\Users\salom\Dropbox\Treinamento Pavic\Programacao Paralela\Project1\include\stb_image.h(2619): warning C4793: '`anonymous namespace'::stbi__idct_simd': função compilada como nativa:
  	Encontrado um intrínseco não suportado em código gerenciado
C:\Users\salom\Dropbox\Treinamento Pavic\Programacao Paralela\Project1\include\stb_image.h(2619): warning C4793: '`anonymous namespace'::stbi__idct_simd': função compilada como nativa:
  	Encontrado um intrínseco não suportado em código gerenciado
C:\Users\salom\Dropbox\Treinamento Pavic\Programacao Paralela\Project1\include\stb_image.h(2623): warning C4793: '`anonymous namespace'::stbi__idct_simd': função compilada como nativa:
  	Encontrado um intrínseco não suportado em código gerenciado
C:\Users\salom\Dropbox\Treinamento Pavic\Programacao Paralela\Project1\include\stb_image.h(2623): warning C4793: '`anonymous namespace'::stbi__idct_simd': função compilada como nativa:
  	Encontrado um intrínseco não suportado em código gerenciado
C:\Users\salom\Dropbox\Treinamento Pavic\Programacao Paralela\Project1\include\stb_image.h(2624): warning C4793: '`anonymous namespace'::stbi__idct_simd': função compilada como nativa:
  	Encontrado um intrínseco não suportado em código gerenciado
C:\Users\salom\Dropbox\Treinamento Pavic\Programacao Paralela\Project1\include\stb_image.h(2624): warning C4793: '`anonymous namespace'::stbi__idct_simd': função compilada como nativa:
  	Encontrado um intrínseco não suportado em código gerenciado
C:\Users\salom\Dropbox\Treinamento Pavic\Programacao Paralela\Project1\include\stb_image.h(2625): warning C4793: '`anonymous namespace'::stbi__idct_simd': função compilada como nativa:
  	Encontrado um intrínseco não suportado em código gerenciado
C:\Users\salom\Dropbox\Treinamento Pavic\Programacao Paralela\Project1\include\stb_image.h(2625): warning C4793: '`anonymous namespace'::stbi__idct_simd': função compilada como nativa:
  	Encontrado um intrínseco não suportado em código gerenciado
C:\Users\salom\Dropbox\Treinamento Pavic\Programacao Paralela\Project1\include\stb_image.h(2626): warning C4793: '`anonymous namespace'::stbi__idct_simd': função compilada como nativa:
  	Encontrado um intrínseco não suportado em código gerenciado
C:\Users\salom\Dropbox\Treinamento Pavic\Programacao Paralela\Project1\include\stb_image.h(2626): warning C4793: '`anonymous namespace'::stbi__idct_simd': função compilada como nativa:
  	Encontrado um intrínseco não suportado em código gerenciado
C:\Users\salom\Dropbox\Treinamento Pavic\Programacao Paralela\Project1\include\stb_image.h(2629): warning C4793: '`anonymous namespace'::stbi__idct_simd': função compilada como nativa:
  	Encontrado um intrínseco não suportado em código gerenciado
C:\Users\salom\Dropbox\Treinamento Pavic\Programacao Paralela\Project1\include\stb_image.h(2629): warning C4793: '`anonymous namespace'::stbi__idct_simd': função compilada como nativa:
  	Encontrado um intrínseco não suportado em código gerenciado
C:\Users\salom\Dropbox\Treinamento Pavic\Programacao Paralela\Project1\include\stb_image.h(2630): warning C4793: '`anonymous namespace'::stbi__idct_simd': função compilada como nativa:
  	Encontrado um intrínseco não suportado em código gerenciado
C:\Users\salom\Dropbox\Treinamento Pavic\Programacao Paralela\Project1\include\stb_image.h(2630): warning C4793: '`anonymous namespace'::stbi__idct_simd': função compilada como nativa:
  	Encontrado um intrínseco não suportado em código gerenciado
C:\Users\salom\Dropbox\Treinamento Pavic\Programacao Paralela\Project1\include\stb_image.h(2631): warning C4793: '`anonymous namespace'::stbi__idct_simd': função compilada como nativa:
  	Encontrado um intrínseco não suportado em código gerenciado
C:\Users\salom\Dropbox\Treinamento Pavic\Programacao Paralela\Project1\include\stb_image.h(2631): warning C4793: '`anonymous namespace'::stbi__idct_simd': função compilada como nativa:
  	Encontrado um intrínseco não suportado em código gerenciado
C:\Users\salom\Dropbox\Treinamento Pavic\Programacao Paralela\Project1\include\stb_image.h(2632): warning C4793: '`anonymous namespace'::stbi__idct_simd': função compilada como nativa:
  	Encontrado um intrínseco não suportado em código gerenciado
C:\Users\salom\Dropbox\Treinamento Pavic\Programacao Paralela\Project1\include\stb_image.h(2632): warning C4793: '`anonymous namespace'::stbi__idct_simd': função compilada como nativa:
  	Encontrado um intrínseco não suportado em código gerenciado
C:\Users\salom\Dropbox\Treinamento Pavic\Programacao Paralela\Project1\include\stb_image.h(2635): warning C4793: '`anonymous namespace'::stbi__idct_simd': função compilada como nativa:
  	Encontrado um intrínseco não suportado em código gerenciado
C:\Users\salom\Dropbox\Treinamento Pavic\Programacao Paralela\Project1\include\stb_image.h(2635): warning C4793: '`anonymous namespace'::stbi__idct_simd': função compilada como nativa:
  	Encontrado um intrínseco não suportado em código gerenciado
C:\Users\salom\Dropbox\Treinamento Pavic\Programacao Paralela\Project1\include\stb_image.h(2636): warning C4793: '`anonymous namespace'::stbi__idct_simd': função compilada como nativa:
  	Encontrado um intrínseco não suportado em código gerenciado
C:\Users\salom\Dropbox\Treinamento Pavic\Programacao Paralela\Project1\include\stb_image.h(2636): warning C4793: '`anonymous namespace'::stbi__idct_simd': função compilada como nativa:
  	Encontrado um intrínseco não suportado em código gerenciado
C:\Users\salom\Dropbox\Treinamento Pavic\Programacao Paralela\Project1\include\stb_image.h(2637): warning C4793: '`anonymous namespace'::stbi__idct_simd': função compilada como nativa:
  	Encontrado um intrínseco não suportado em código gerenciado
C:\Users\salom\Dropbox\Treinamento Pavic\Programacao Paralela\Project1\include\stb_image.h(2637): warning C4793: '`anonymous namespace'::stbi__idct_simd': função compilada como nativa:
  	Encontrado um intrínseco não suportado em código gerenciado
C:\Users\salom\Dropbox\Treinamento Pavic\Programacao Paralela\Project1\include\stb_image.h(2638): warning C4793: '`anonymous namespace'::stbi__idct_simd': função compilada como nativa:
  	Encontrado um intrínseco não suportado em código gerenciado
C:\Users\salom\Dropbox\Treinamento Pavic\Programacao Paralela\Project1\include\stb_image.h(2638): warning C4793: '`anonymous namespace'::stbi__idct_simd': função compilada como nativa:
  	Encontrado um intrínseco não suportado em código gerenciado
C:\Users\salom\Dropbox\Treinamento Pavic\Programacao Paralela\Project1\include\stb_image.h(2642): warning C4793: '`anonymous namespace'::stbi__idct_simd': função compilada como nativa:
  	Encontrado um intrínseco não suportado em código gerenciado
C:\Users\salom\Dropbox\Treinamento Pavic\Programacao Paralela\Project1\include\stb_image.h(2642): warning C4793: '`anonymous namespace'::stbi__idct_simd': função compilada como nativa:
  	Encontrado um intrínseco não suportado em código gerenciado
C:\Users\salom\Dropbox\Treinamento Pavic\Programacao Paralela\Project1\include\stb_image.h(2642): warning C4793: '`anonymous namespace'::stbi__idct_simd': função compilada como nativa:
  	Encontrado um intrínseco não suportado em código gerenciado
C:\Users\salom\Dropbox\Treinamento Pavic\Programacao Paralela\Project1\include\stb_image.h(2642): warning C4793: '`anonymous namespace'::stbi__idct_simd': função compilada como nativa:
  	Encontrado um intrínseco não suportado em código gerenciado
C:\Users\salom\Dropbox\Treinamento Pavic\Programacao Paralela\Project1\include\stb_image.h(2642): warning C4793: '`anonymous namespace'::stbi__idct_simd': função compilada como nativa:
  	Encontrado um intrínseco não suportado em código gerenciado
C:\Users\salom\Dropbox\Treinamento Pavic\Programacao Paralela\Project1\include\stb_image.h(2642): warning C4793: '`anonymous namespace'::stbi__idct_simd': função compilada como nativa:
  	Encontrado um intrínseco não suportado em código gerenciado
C:\Users\salom\Dropbox\Treinamento Pavic\Programacao Paralela\Project1\include\stb_image.h(2642): warning C4793: '`anonymous namespace'::stbi__idct_simd': função compilada como nativa:
  	Encontrado um intrínseco não suportado em código gerenciado
C:\Users\salom\Dropbox\Treinamento Pavic\Programacao Paralela\Project1\include\stb_image.h(2642): warning C4793: '`anonymous namespace'::stbi__idct_simd': função compilada como nativa:
  	Encontrado um intrínseco não suportado em código gerenciado
C:\Users\salom\Dropbox\Treinamento Pavic\Programacao Paralela\Project1\include\stb_image.h(2642): warning C4793: '`anonymous namespace'::stbi__idct_simd': função compilada como nativa:
  	Encontrado um intrínseco não suportado em código gerenciado
C:\Users\salom\Dropbox\Treinamento Pavic\Programacao Paralela\Project1\include\stb_image.h(2642): warning C4793: '`anonymous namespace'::stbi__idct_simd': função compilada como nativa:
  	Encontrado um intrínseco não suportado em código gerenciado
C:\Users\salom\Dropbox\Treinamento Pavic\Programacao Paralela\Project1\include\stb_image.h(2642): warning C4793: '`anonymous namespace'::stbi__idct_simd': função compilada como nativa:
  	Encontrado um intrínseco não suportado em código gerenciado
C:\Users\salom\Dropbox\Treinamento Pavic\Programacao Paralela\Project1\include\stb_image.h(2642): warning C4793: '`anonymous namespace'::stbi__idct_simd': função compilada como nativa:
  	Encontrado um intrínseco não suportado em código gerenciado
C:\Users\salom\Dropbox\Treinamento Pavic\Programacao Paralela\Project1\include\stb_image.h(2642): warning C4793: '`anonymous namespace'::stbi__idct_simd': função compilada como nativa:
  	Encontrado um intrínseco não suportado em código gerenciado
C:\Users\salom\Dropbox\Treinamento Pavic\Programacao Paralela\Project1\include\stb_image.h(2642): warning C4793: '`anonymous namespace'::stbi__idct_simd': função compilada como nativa:
  	Encontrado um intrínseco não suportado em código gerenciado
C:\Users\salom\Dropbox\Treinamento Pavic\Programacao Paralela\Project1\include\stb_image.h(2642): warning C4793: '`anonymous namespace'::stbi__idct_simd': função compilada como nativa:
  	Encontrado um intrínseco não suportado em código gerenciado
C:\Users\salom\Dropbox\Treinamento Pavic\Programacao Paralela\Project1\include\stb_image.h(2642): warning C4793: '`anonymous namespace'::stbi__idct_simd': função compilada como nativa:
  	Encontrado um intrínseco não suportado em código gerenciado
C:\Users\salom\Dropbox\Treinamento Pavic\Programacao Paralela\Project1\include\stb_image.h(2642): warning C4793: '`anonymous namespace'::stbi__idct_simd': função compilada como nativa:
  	Encontrado um intrínseco não suportado em código gerenciado
C:\Users\salom\Dropbox\Treinamento Pavic\Programacao Paralela\Project1\include\stb_image.h(2642): warning C4793: '`anonymous namespace'::stbi__idct_simd': função compilada como nativa:
  	Encontrado um intrínseco não suportado em código gerenciado
C:\Users\salom\Dropbox\Treinamento Pavic\Programacao Paralela\Project1\include\stb_image.h(2642): warning C4793: '`anonymous namespace'::stbi__idct_simd': função compilada como nativa:
  	Encontrado um intrínseco não suportado em código gerenciado
C:\Users\salom\Dropbox\Treinamento Pavic\Programacao Paralela\Project1\include\stb_image.h(2642): warning C4793: '`anonymous namespace'::stbi__idct_simd': função compilada como nativa:
  	Encontrado um intrínseco não suportado em código gerenciado
C:\Users\salom\Dropbox\Treinamento Pavic\Programacao Paralela\Project1\include\stb_image.h(2642): warning C4793: '`anonymous namespace'::stbi__idct_simd': função compilada como nativa:
  	Encontrado um intrínseco não suportado em código gerenciado
C:\Users\salom\Dropbox\Treinamento Pavic\Programacao Paralela\Project1\include\stb_image.h(2642): warning C4793: '`anonymous namespace'::stbi__idct_simd': função compilada como nativa:
  	Encontrado um intrínseco não suportado em código gerenciado
C:\Users\salom\Dropbox\Treinamento Pavic\Programacao Paralela\Project1\include\stb_image.h(2642): warning C4793: '`anonymous namespace'::stbi__idct_simd': função compilada como nativa:
  	Encontrado um intrínseco não suportado em código gerenciado
C:\Users\salom\Dropbox\Treinamento Pavic\Programacao Paralela\Project1\include\stb_image.h(2642): warning C4793: '`anonymous namespace'::stbi__idct_simd': função compilada como nativa:
  	Encontrado um intrínseco não suportado em código gerenciado
C:\Users\salom\Dropbox\Treinamento Pavic\Programacao Paralela\Project1\include\stb_image.h(2642): warning C4793: '`anonymous namespace'::stbi__idct_simd': função compilada como nativa:
  	Encontrado um intrínseco não suportado em código gerenciado
C:\Users\salom\Dropbox\Treinamento Pavic\Programacao Paralela\Project1\include\stb_image.h(2642): warning C4793: '`anonymous namespace'::stbi__idct_simd': função compilada como nativa:
  	Encontrado um intrínseco não suportado em código gerenciado
C:\Users\salom\Dropbox\Treinamento Pavic\Programacao Paralela\Project1\include\stb_image.h(2642): warning C4793: '`anonymous namespace'::stbi__idct_simd': função compilada como nativa:
  	Encontrado um intrínseco não suportado em código gerenciado
C:\Users\salom\Dropbox\Treinamento Pavic\Programacao Paralela\Project1\include\stb_image.h(2642): warning C4793: '`anonymous namespace'::stbi__idct_simd': função compilada como nativa:
  	Encontrado um intrínseco não suportado em código gerenciado
C:\Users\salom\Dropbox\Treinamento Pavic\Programacao Paralela\Project1\include\stb_image.h(2642): warning C4793: '`anonymous namespace'::stbi__idct_simd': função compilada como nativa:
  	Encontrado um intrínseco não suportado em código gerenciado
C:\Users\salom\Dropbox\Treinamento Pavic\Programacao Paralela\Project1\include\stb_image.h(2642): warning C4793: '`anonymous namespace'::stbi__idct_simd': função compilada como nativa:
  	Encontrado um intrínseco não suportado em código gerenciado
C:\Users\salom\Dropbox\Treinamento Pavic\Programacao Paralela\Project1\include\stb_image.h(2642): warning C4793: '`anonymous namespace'::stbi__idct_simd': função compilada como nativa:
  	Encontrado um intrínseco não suportado em código gerenciado
C:\Users\salom\Dropbox\Treinamento Pavic\Programacao Paralela\Project1\include\stb_image.h(2642): warning C4793: '`anonymous namespace'::stbi__idct_simd': função compilada como nativa:
  	Encontrado um intrínseco não suportado em código gerenciado
C:\Users\salom\Dropbox\Treinamento Pavic\Programacao Paralela\Project1\include\stb_image.h(2642): warning C4793: '`anonymous namespace'::stbi__idct_simd': função compilada como nativa:
  	Encontrado um intrínseco não suportado em código gerenciado
C:\Users\salom\Dropbox\Treinamento Pavic\Programacao Paralela\Project1\include\stb_image.h(2642): warning C4793: '`anonymous namespace'::stbi__idct_simd': função compilada como nativa:
  	Encontrado um intrínseco não suportado em código gerenciado
C:\Users\salom\Dropbox\Treinamento Pavic\Programacao Paralela\Project1\include\stb_image.h(2642): warning C4793: '`anonymous namespace'::stbi__idct_simd': função compilada como nativa:
  	Encontrado um intrínseco não suportado em código gerenciado
C:\Users\salom\Dropbox\Treinamento Pavic\Programacao Paralela\Project1\include\stb_image.h(2642): warning C4793: '`anonymous namespace'::stbi__idct_simd': função compilada como nativa:
  	Encontrado um intrínseco não suportado em código gerenciado
C:\Users\salom\Dropbox\Treinamento Pavic\Programacao Paralela\Project1\include\stb_image.h(2642): warning C4793: '`anonymous namespace'::stbi__idct_simd': função compilada como nativa:
  	Encontrado um intrínseco não suportado em código gerenciado
C:\Users\salom\Dropbox\Treinamento Pavic\Programacao Paralela\Project1\include\stb_image.h(2642): warning C4793: '`anonymous namespace'::stbi__idct_simd': função compilada como nativa:
  	Encontrado um intrínseco não suportado em código gerenciado
C:\Users\salom\Dropbox\Treinamento Pavic\Programacao Paralela\Project1\include\stb_image.h(2642): warning C4793: '`anonymous namespace'::stbi__idct_simd': função compilada como nativa:
  	Encontrado um intrínseco não suportado em código gerenciado
C:\Users\salom\Dropbox\Treinamento Pavic\Programacao Paralela\Project1\include\stb_image.h(2642): warning C4793: '`anonymous namespace'::stbi__idct_simd': função compilada como nativa:
  	Encontrado um intrínseco não suportado em código gerenciado
C:\Users\salom\Dropbox\Treinamento Pavic\Programacao Paralela\Project1\include\stb_image.h(2642): warning C4793: '`anonymous namespace'::stbi__idct_simd': função compilada como nativa:
  	Encontrado um intrínseco não suportado em código gerenciado
C:\Users\salom\Dropbox\Treinamento Pavic\Programacao Paralela\Project1\include\stb_image.h(2642): warning C4793: '`anonymous namespace'::stbi__idct_simd': função compilada como nativa:
  	Encontrado um intrínseco não suportado em código gerenciado
C:\Users\salom\Dropbox\Treinamento Pavic\Programacao Paralela\Project1\include\stb_image.h(2642): warning C4793: '`anonymous namespace'::stbi__idct_simd': função compilada como nativa:
  	Encontrado um intrínseco não suportado em código gerenciado
C:\Users\salom\Dropbox\Treinamento Pavic\Programacao Paralela\Project1\include\stb_image.h(2642): warning C4793: '`anonymous namespace'::stbi__idct_simd': função compilada como nativa:
  	Encontrado um intrínseco não suportado em código gerenciado
C:\Users\salom\Dropbox\Treinamento Pavic\Programacao Paralela\Project1\include\stb_image.h(2642): warning C4793: '`anonymous namespace'::stbi__idct_simd': função compilada como nativa:
  	Encontrado um intrínseco não suportado em código gerenciado
C:\Users\salom\Dropbox\Treinamento Pavic\Programacao Paralela\Project1\include\stb_image.h(2642): warning C4793: '`anonymous namespace'::stbi__idct_simd': função compilada como nativa:
  	Encontrado um intrínseco não suportado em código gerenciado
C:\Users\salom\Dropbox\Treinamento Pavic\Programacao Paralela\Project1\include\stb_image.h(2642): warning C4793: '`anonymous namespace'::stbi__idct_simd': função compilada como nativa:
  	Encontrado um intrínseco não suportado em código gerenciado
C:\Users\salom\Dropbox\Treinamento Pavic\Programacao Paralela\Project1\include\stb_image.h(2642): warning C4793: '`anonymous namespace'::stbi__idct_simd': função compilada como nativa:
  	Encontrado um intrínseco não suportado em código gerenciado
C:\Users\salom\Dropbox\Treinamento Pavic\Programacao Paralela\Project1\include\stb_image.h(2642): warning C4793: '`anonymous namespace'::stbi__idct_simd': função compilada como nativa:
  	Encontrado um intrínseco não suportado em código gerenciado
C:\Users\salom\Dropbox\Treinamento Pavic\Programacao Paralela\Project1\include\stb_image.h(2642): warning C4793: '`anonymous namespace'::stbi__idct_simd': função compilada como nativa:
  	Encontrado um intrínseco não suportado em código gerenciado
C:\Users\salom\Dropbox\Treinamento Pavic\Programacao Paralela\Project1\include\stb_image.h(2642): warning C4793: '`anonymous namespace'::stbi__idct_simd': função compilada como nativa:
  	Encontrado um intrínseco não suportado em código gerenciado
C:\Users\salom\Dropbox\Treinamento Pavic\Programacao Paralela\Project1\include\stb_image.h(2642): warning C4793: '`anonymous namespace'::stbi__idct_simd': função compilada como nativa:
  	Encontrado um intrínseco não suportado em código gerenciado
C:\Users\salom\Dropbox\Treinamento Pavic\Programacao Paralela\Project1\include\stb_image.h(2642): warning C4793: '`anonymous namespace'::stbi__idct_simd': função compilada como nativa:
  	Encontrado um intrínseco não suportado em código gerenciado
C:\Users\salom\Dropbox\Treinamento Pavic\Programacao Paralela\Project1\include\stb_image.h(2642): warning C4793: '`anonymous namespace'::stbi__idct_simd': função compilada como nativa:
  	Encontrado um intrínseco não suportado em código gerenciado
C:\Users\salom\Dropbox\Treinamento Pavic\Programacao Paralela\Project1\include\stb_image.h(2642): warning C4793: '`anonymous namespace'::stbi__idct_simd': função compilada como nativa:
  	Encontrado um intrínseco não suportado em código gerenciado
C:\Users\salom\Dropbox\Treinamento Pavic\Programacao Paralela\Project1\include\stb_image.h(2642): warning C4793: '`anonymous namespace'::stbi__idct_simd': função compilada como nativa:
  	Encontrado um intrínseco não suportado em código gerenciado
C:\Users\salom\Dropbox\Treinamento Pavic\Programacao Paralela\Project1\include\stb_image.h(2642): warning C4793: '`anonymous namespace'::stbi__idct_simd': função compilada como nativa:
  	Encontrado um intrínseco não suportado em código gerenciado
C:\Users\salom\Dropbox\Treinamento Pavic\Programacao Paralela\Project1\include\stb_image.h(2642): warning C4793: '`anonymous namespace'::stbi__idct_simd': função compilada como nativa:
  	Encontrado um intrínseco não suportado em código gerenciado
C:\Users\salom\Dropbox\Treinamento Pavic\Programacao Paralela\Project1\include\stb_image.h(2642): warning C4793: '`anonymous namespace'::stbi__idct_simd': função compilada como nativa:
  	Encontrado um intrínseco não suportado em código gerenciado
C:\Users\salom\Dropbox\Treinamento Pavic\Programacao Paralela\Project1\include\stb_image.h(2642): warning C4793: '`anonymous namespace'::stbi__idct_simd': função compilada como nativa:
  	Encontrado um intrínseco não suportado em código gerenciado
C:\Users\salom\Dropbox\Treinamento Pavic\Programacao Paralela\Project1\include\stb_image.h(2642): warning C4793: '`anonymous namespace'::stbi__idct_simd': função compilada como nativa:
  	Encontrado um intrínseco não suportado em código gerenciado
C:\Users\salom\Dropbox\Treinamento Pavic\Programacao Paralela\Project1\include\stb_image.h(2642): warning C4793: '`anonymous namespace'::stbi__idct_simd': função compilada como nativa:
  	Encontrado um intrínseco não suportado em código gerenciado
C:\Users\salom\Dropbox\Treinamento Pavic\Programacao Paralela\Project1\include\stb_image.h(2642): warning C4793: '`anonymous namespace'::stbi__idct_simd': função compilada como nativa:
  	Encontrado um intrínseco não suportado em código gerenciado
C:\Users\salom\Dropbox\Treinamento Pavic\Programacao Paralela\Project1\include\stb_image.h(2642): warning C4793: '`anonymous namespace'::stbi__idct_simd': função compilada como nativa:
  	Encontrado um intrínseco não suportado em código gerenciado
C:\Users\salom\Dropbox\Treinamento Pavic\Programacao Paralela\Project1\include\stb_image.h(2642): warning C4793: '`anonymous namespace'::stbi__idct_simd': função compilada como nativa:
  	Encontrado um intrínseco não suportado em código gerenciado
C:\Users\salom\Dropbox\Treinamento Pavic\Programacao Paralela\Project1\include\stb_image.h(2642): warning C4793: '`anonymous namespace'::stbi__idct_simd': função compilada como nativa:
  	Encontrado um intrínseco não suportado em código gerenciado
C:\Users\salom\Dropbox\Treinamento Pavic\Programacao Paralela\Project1\include\stb_image.h(2642): warning C4793: '`anonymous namespace'::stbi__idct_simd': função compilada como nativa:
  	Encontrado um intrínseco não suportado em código gerenciado
C:\Users\salom\Dropbox\Treinamento Pavic\Programacao Paralela\Project1\include\stb_image.h(2642): warning C4793: '`anonymous namespace'::stbi__idct_simd': função compilada como nativa:
  	Encontrado um intrínseco não suportado em código gerenciado
C:\Users\salom\Dropbox\Treinamento Pavic\Programacao Paralela\Project1\include\stb_image.h(2642): warning C4793: '`anonymous namespace'::stbi__idct_simd': função compilada como nativa:
  	Encontrado um intrínseco não suportado em código gerenciado
C:\Users\salom\Dropbox\Treinamento Pavic\Programacao Paralela\Project1\include\stb_image.h(2642): warning C4793: '`anonymous namespace'::stbi__idct_simd': função compilada como nativa:
  	Encontrado um intrínseco não suportado em código gerenciado
C:\Users\salom\Dropbox\Treinamento Pavic\Programacao Paralela\Project1\include\stb_image.h(2642): warning C4793: '`anonymous namespace'::stbi__idct_simd': função compilada como nativa:
  	Encontrado um intrínseco não suportado em código gerenciado
C:\Users\salom\Dropbox\Treinamento Pavic\Programacao Paralela\Project1\include\stb_image.h(2642): warning C4793: '`anonymous namespace'::stbi__idct_simd': função compilada como nativa:
  	Encontrado um intrínseco não suportado em código gerenciado
C:\Users\salom\Dropbox\Treinamento Pavic\Programacao Paralela\Project1\include\stb_image.h(2642): warning C4793: '`anonymous namespace'::stbi__idct_simd': função compilada como nativa:
  	Encontrado um intrínseco não suportado em código gerenciado
C:\Users\salom\Dropbox\Treinamento Pavic\Programacao Paralela\Project1\include\stb_image.h(2642): warning C4793: '`anonymous namespace'::stbi__idct_simd': função compilada como nativa:
  	Encontrado um intrínseco não suportado em código gerenciado
C:\Users\salom\Dropbox\Treinamento Pavic\Programacao Paralela\Project1\include\stb_image.h(2642): warning C4793: '`anonymous namespace'::stbi__idct_simd': função compilada como nativa:
  	Encontrado um intrínseco não suportado em código gerenciado
C:\Users\salom\Dropbox\Treinamento Pavic\Programacao Paralela\Project1\include\stb_image.h(2642): warning C4793: '`anonymous namespace'::stbi__idct_simd': função compilada como nativa:
  	Encontrado um intrínseco não suportado em código gerenciado
C:\Users\salom\Dropbox\Treinamento Pavic\Programacao Paralela\Project1\include\stb_image.h(2642): warning C4793: '`anonymous namespace'::stbi__idct_simd': função compilada como nativa:
  	Encontrado um intrínseco não suportado em código gerenciado
C:\Users\salom\Dropbox\Treinamento Pavic\Programacao Paralela\Project1\include\stb_image.h(2642): warning C4793: '`anonymous namespace'::stbi__idct_simd': função compilada como nativa:
  	Encontrado um intrínseco não suportado em código gerenciado
C:\Users\salom\Dropbox\Treinamento Pavic\Programacao Paralela\Project1\include\stb_image.h(2642): warning C4793: '`anonymous namespace'::stbi__idct_simd': função compilada como nativa:
  	Encontrado um intrínseco não suportado em código gerenciado
C:\Users\salom\Dropbox\Treinamento Pavic\Programacao Paralela\Project1\include\stb_image.h(2642): warning C4793: '`anonymous namespace'::stbi__idct_simd': função compilada como nativa:
  	Encontrado um intrínseco não suportado em código gerenciado
C:\Users\salom\Dropbox\Treinamento Pavic\Programacao Paralela\Project1\include\stb_image.h(2642): warning C4793: '`anonymous namespace'::stbi__idct_simd': função compilada como nativa:
  	Encontrado um intrínseco não suportado em código gerenciado
C:\Users\salom\Dropbox\Treinamento Pavic\Programacao Paralela\Project1\include\stb_image.h(2642): warning C4793: '`anonymous namespace'::stbi__idct_simd': função compilada como nativa:
  	Encontrado um intrínseco não suportado em código gerenciado
C:\Users\salom\Dropbox\Treinamento Pavic\Programacao Paralela\Project1\include\stb_image.h(2642): warning C4793: '`anonymous namespace'::stbi__idct_simd': função compilada como nativa:
  	Encontrado um intrínseco não suportado em código gerenciado
C:\Users\salom\Dropbox\Treinamento Pavic\Programacao Paralela\Project1\include\stb_image.h(2642): warning C4793: '`anonymous namespace'::stbi__idct_simd': função compilada como nativa:
  	Encontrado um intrínseco não suportado em código gerenciado
C:\Users\salom\Dropbox\Treinamento Pavic\Programacao Paralela\Project1\include\stb_image.h(2642): warning C4793: '`anonymous namespace'::stbi__idct_simd': função compilada como nativa:
  	Encontrado um intrínseco não suportado em código gerenciado
C:\Users\salom\Dropbox\Treinamento Pavic\Programacao Paralela\Project1\include\stb_image.h(2642): warning C4793: '`anonymous namespace'::stbi__idct_simd': função compilada como nativa:
  	Encontrado um intrínseco não suportado em código gerenciado
C:\Users\salom\Dropbox\Treinamento Pavic\Programacao Paralela\Project1\include\stb_image.h(2642): warning C4793: '`anonymous namespace'::stbi__idct_simd': função compilada como nativa:
  	Encontrado um intrínseco não suportado em código gerenciado
C:\Users\salom\Dropbox\Treinamento Pavic\Programacao Paralela\Project1\include\stb_image.h(2642): warning C4793: '`anonymous namespace'::stbi__idct_simd': função compilada como nativa:
  	Encontrado um intrínseco não suportado em código gerenciado
C:\Users\salom\Dropbox\Treinamento Pavic\Programacao Paralela\Project1\include\stb_image.h(2642): warning C4793: '`anonymous namespace'::stbi__idct_simd': função compilada como nativa:
  	Encontrado um intrínseco não suportado em código gerenciado
C:\Users\salom\Dropbox\Treinamento Pavic\Programacao Paralela\Project1\include\stb_image.h(2642): warning C4793: '`anonymous namespace'::stbi__idct_simd': função compilada como nativa:
  	Encontrado um intrínseco não suportado em código gerenciado
C:\Users\salom\Dropbox\Treinamento Pavic\Programacao Paralela\Project1\include\stb_image.h(2642): warning C4793: '`anonymous namespace'::stbi__idct_simd': função compilada como nativa:
  	Encontrado um intrínseco não suportado em código gerenciado
C:\Users\salom\Dropbox\Treinamento Pavic\Programacao Paralela\Project1\include\stb_image.h(2642): warning C4793: '`anonymous namespace'::stbi__idct_simd': função compilada como nativa:
  	Encontrado um intrínseco não suportado em código gerenciado
C:\Users\salom\Dropbox\Treinamento Pavic\Programacao Paralela\Project1\include\stb_image.h(2642): warning C4793: '`anonymous namespace'::stbi__idct_simd': função compilada como nativa:
  	Encontrado um intrínseco não suportado em código gerenciado
C:\Users\salom\Dropbox\Treinamento Pavic\Programacao Paralela\Project1\include\stb_image.h(2642): warning C4793: '`anonymous namespace'::stbi__idct_simd': função compilada como nativa:
  	Encontrado um intrínseco não suportado em código gerenciado
C:\Users\salom\Dropbox\Treinamento Pavic\Programacao Paralela\Project1\include\stb_image.h(2642): warning C4793: '`anonymous namespace'::stbi__idct_simd': função compilada como nativa:
  	Encontrado um intrínseco não suportado em código gerenciado
C:\Users\salom\Dropbox\Treinamento Pavic\Programacao Paralela\Project1\include\stb_image.h(2642): warning C4793: '`anonymous namespace'::stbi__idct_simd': função compilada como nativa:
  	Encontrado um intrínseco não suportado em código gerenciado
C:\Users\salom\Dropbox\Treinamento Pavic\Programacao Paralela\Project1\include\stb_image.h(2642): warning C4793: '`anonymous namespace'::stbi__idct_simd': função compilada como nativa:
  	Encontrado um intrínseco não suportado em código gerenciado
C:\Users\salom\Dropbox\Treinamento Pavic\Programacao Paralela\Project1\include\stb_image.h(2642): warning C4793: '`anonymous namespace'::stbi__idct_simd': função compilada como nativa:
  	Encontrado um intrínseco não suportado em código gerenciado
C:\Users\salom\Dropbox\Treinamento Pavic\Programacao Paralela\Project1\include\stb_image.h(2642): warning C4793: '`anonymous namespace'::stbi__idct_simd': função compilada como nativa:
  	Encontrado um intrínseco não suportado em código gerenciado
C:\Users\salom\Dropbox\Treinamento Pavic\Programacao Paralela\Project1\include\stb_image.h(2642): warning C4793: '`anonymous namespace'::stbi__idct_simd': função compilada como nativa:
  	Encontrado um intrínseco não suportado em código gerenciado
C:\Users\salom\Dropbox\Treinamento Pavic\Programacao Paralela\Project1\include\stb_image.h(2642): warning C4793: '`anonymous namespace'::stbi__idct_simd': função compilada como nativa:
  	Encontrado um intrínseco não suportado em código gerenciado
C:\Users\salom\Dropbox\Treinamento Pavic\Programacao Paralela\Project1\include\stb_image.h(2642): warning C4793: '`anonymous namespace'::stbi__idct_simd': função compilada como nativa:
  	Encontrado um intrínseco não suportado em código gerenciado
C:\Users\salom\Dropbox\Treinamento Pavic\Programacao Paralela\Project1\include\stb_image.h(2642): warning C4793: '`anonymous namespace'::stbi__idct_simd': função compilada como nativa:
  	Encontrado um intrínseco não suportado em código gerenciado
C:\Users\salom\Dropbox\Treinamento Pavic\Programacao Paralela\Project1\include\stb_image.h(2642): warning C4793: '`anonymous namespace'::stbi__idct_simd': função compilada como nativa:
  	Encontrado um intrínseco não suportado em código gerenciado
C:\Users\salom\Dropbox\Treinamento Pavic\Programacao Paralela\Project1\include\stb_image.h(2646): warning C4793: '`anonymous namespace'::stbi__idct_simd': função compilada como nativa:
  	Encontrado um intrínseco não suportado em código gerenciado
C:\Users\salom\Dropbox\Treinamento Pavic\Programacao Paralela\Project1\include\stb_image.h(2647): warning C4793: '`anonymous namespace'::stbi__idct_simd': função compilada como nativa:
  	Encontrado um intrínseco não suportado em código gerenciado
C:\Users\salom\Dropbox\Treinamento Pavic\Programacao Paralela\Project1\include\stb_image.h(2648): warning C4793: '`anonymous namespace'::stbi__idct_simd': função compilada como nativa:
  	Encontrado um intrínseco não suportado em código gerenciado
C:\Users\salom\Dropbox\Treinamento Pavic\Programacao Paralela\Project1\include\stb_image.h(2649): warning C4793: '`anonymous namespace'::stbi__idct_simd': função compilada como nativa:
  	Encontrado um intrínseco não suportado em código gerenciado
C:\Users\salom\Dropbox\Treinamento Pavic\Programacao Paralela\Project1\include\stb_image.h(2652): warning C4793: '`anonymous namespace'::stbi__idct_simd': função compilada como nativa:
  	Encontrado um intrínseco não suportado em código gerenciado
C:\Users\salom\Dropbox\Treinamento Pavic\Programacao Paralela\Project1\include\stb_image.h(2652): warning C4793: '`anonymous namespace'::stbi__idct_simd': função compilada como nativa:
  	Encontrado um intrínseco não suportado em código gerenciado
C:\Users\salom\Dropbox\Treinamento Pavic\Programacao Paralela\Project1\include\stb_image.h(2653): warning C4793: '`anonymous namespace'::stbi__idct_simd': função compilada como nativa:
  	Encontrado um intrínseco não suportado em código gerenciado
C:\Users\salom\Dropbox\Treinamento Pavic\Programacao Paralela\Project1\include\stb_image.h(2653): warning C4793: '`anonymous namespace'::stbi__idct_simd': função compilada como nativa:
  	Encontrado um intrínseco não suportado em código gerenciado
C:\Users\salom\Dropbox\Treinamento Pavic\Programacao Paralela\Project1\include\stb_image.h(2656): warning C4793: '`anonymous namespace'::stbi__idct_simd': função compilada como nativa:
  	Encontrado um intrínseco não suportado em código gerenciado
C:\Users\salom\Dropbox\Treinamento Pavic\Programacao Paralela\Project1\include\stb_image.h(2656): warning C4793: '`anonymous namespace'::stbi__idct_simd': função compilada como nativa:
  	Encontrado um intrínseco não suportado em código gerenciado
C:\Users\salom\Dropbox\Treinamento Pavic\Programacao Paralela\Project1\include\stb_image.h(2657): warning C4793: '`anonymous namespace'::stbi__idct_simd': função compilada como nativa:
  	Encontrado um intrínseco não suportado em código gerenciado
C:\Users\salom\Dropbox\Treinamento Pavic\Programacao Paralela\Project1\include\stb_image.h(2657): warning C4793: '`anonymous namespace'::stbi__idct_simd': função compilada como nativa:
  	Encontrado um intrínseco não suportado em código gerenciado
C:\Users\salom\Dropbox\Treinamento Pavic\Programacao Paralela\Project1\include\stb_image.h(2660): warning C4793: '`anonymous namespace'::stbi__idct_simd': função compilada como nativa:
  	Encontrado um intrínseco não suportado em código gerenciado
C:\Users\salom\Dropbox\Treinamento Pavic\Programacao Paralela\Project1\include\stb_image.h(2660): warning C4793: '`anonymous namespace'::stbi__idct_simd': função compilada como nativa:
  	Encontrado um intrínseco não suportado em código gerenciado
C:\Users\salom\Dropbox\Treinamento Pavic\Programacao Paralela\Project1\include\stb_image.h(2661): warning C4793: '`anonymous namespace'::stbi__idct_simd': função compilada como nativa:
  	Encontrado um intrínseco não suportado em código gerenciado
C:\Users\salom\Dropbox\Treinamento Pavic\Programacao Paralela\Project1\include\stb_image.h(2661): warning C4793: '`anonymous namespace'::stbi__idct_simd': função compilada como nativa:
  	Encontrado um intrínseco não suportado em código gerenciado
C:\Users\salom\Dropbox\Treinamento Pavic\Programacao Paralela\Project1\include\stb_image.h(2664): warning C4793: '`anonymous namespace'::stbi__idct_simd': função compilada como nativa:
  	Encontrado um intrínseco não suportado em código gerenciado
C:\Users\salom\Dropbox\Treinamento Pavic\Programacao Paralela\Project1\include\stb_image.h(2665): warning C4793: '`anonymous namespace'::stbi__idct_simd': função compilada como nativa:
  	Encontrado um intrínseco não suportado em código gerenciado
C:\Users\salom\Dropbox\Treinamento Pavic\Programacao Paralela\Project1\include\stb_image.h(2665): warning C4793: '`anonymous namespace'::stbi__idct_simd': função compilada como nativa:
  	Encontrado um intrínseco não suportado em código gerenciado
C:\Users\salom\Dropbox\Treinamento Pavic\Programacao Paralela\Project1\include\stb_image.h(2666): warning C4793: '`anonymous namespace'::stbi__idct_simd': função compilada como nativa:
  	Encontrado um intrínseco não suportado em código gerenciado
C:\Users\salom\Dropbox\Treinamento Pavic\Programacao Paralela\Project1\include\stb_image.h(2667): warning C4793: '`anonymous namespace'::stbi__idct_simd': função compilada como nativa:
  	Encontrado um intrínseco não suportado em código gerenciado
C:\Users\salom\Dropbox\Treinamento Pavic\Programacao Paralela\Project1\include\stb_image.h(2667): warning C4793: '`anonymous namespace'::stbi__idct_simd': função compilada como nativa:
  	Encontrado um intrínseco não suportado em código gerenciado
C:\Users\salom\Dropbox\Treinamento Pavic\Programacao Paralela\Project1\include\stb_image.h(2668): warning C4793: '`anonymous namespace'::stbi__idct_simd': função compilada como nativa:
  	Encontrado um intrínseco não suportado em código gerenciado
C:\Users\salom\Dropbox\Treinamento Pavic\Programacao Paralela\Project1\include\stb_image.h(2669): warning C4793: '`anonymous namespace'::stbi__idct_simd': função compilada como nativa:
  	Encontrado um intrínseco não suportado em código gerenciado
C:\Users\salom\Dropbox\Treinamento Pavic\Programacao Paralela\Project1\include\stb_image.h(2669): warning C4793: '`anonymous namespace'::stbi__idct_simd': função compilada como nativa:
  	Encontrado um intrínseco não suportado em código gerenciado
C:\Users\salom\Dropbox\Treinamento Pavic\Programacao Paralela\Project1\include\stb_image.h(2670): warning C4793: '`anonymous namespace'::stbi__idct_simd': função compilada como nativa:
  	Encontrado um intrínseco não suportado em código gerenciado
C:\Users\salom\Dropbox\Treinamento Pavic\Programacao Paralela\Project1\include\stb_image.h(2671): warning C4793: '`anonymous namespace'::stbi__idct_simd': função compilada como nativa:
  	Encontrado um intrínseco não suportado em código gerenciado
C:\Users\salom\Dropbox\Treinamento Pavic\Programacao Paralela\Project1\include\stb_image.h(2671): warning C4793: '`anonymous namespace'::stbi__idct_simd': função compilada como nativa:
  	Encontrado um intrínseco não suportado em código gerenciado
C:\Users\salom\Dropbox\Treinamento Pavic\Programacao Paralela\Project1\include\stb_image.h(3665): warning C4793: '`anonymous namespace'::stbi__YCbCr_to_RGB_simd': função compilada como nativa:
  	Encontrado um intrínseco não suportado em código gerenciado
C:\Users\salom\Dropbox\Treinamento Pavic\Programacao Paralela\Project1\include\stb_image.h(3666): warning C4793: '`anonymous namespace'::stbi__YCbCr_to_RGB_simd': função compilada como nativa:
  	Encontrado um intrínseco não suportado em código gerenciado
C:\Users\salom\Dropbox\Treinamento Pavic\Programacao Paralela\Project1\include\stb_image.h(3667): warning C4793: '`anonymous namespace'::stbi__YCbCr_to_RGB_simd': função compilada como nativa:
  	Encontrado um intrínseco não suportado em código gerenciado
C:\Users\salom\Dropbox\Treinamento Pavic\Programacao Paralela\Project1\include\stb_image.h(3668): warning C4793: '`anonymous namespace'::stbi__YCbCr_to_RGB_simd': função compilada como nativa:
  	Encontrado um intrínseco não suportado em código gerenciado
C:\Users\salom\Dropbox\Treinamento Pavic\Programacao Paralela\Project1\include\stb_image.h(3669): warning C4793: '`anonymous namespace'::stbi__YCbCr_to_RGB_simd': função compilada como nativa:
  	Encontrado um intrínseco não suportado em código gerenciado
C:\Users\salom\Dropbox\Treinamento Pavic\Programacao Paralela\Project1\include\stb_image.h(3670): warning C4793: '`anonymous namespace'::stbi__YCbCr_to_RGB_simd': função compilada como nativa:
  	Encontrado um intrínseco não suportado em código gerenciado
C:\Users\salom\Dropbox\Treinamento Pavic\Programacao Paralela\Project1\include\stb_image.h(3671): warning C4793: '`anonymous namespace'::stbi__YCbCr_to_RGB_simd': função compilada como nativa:
  	Encontrado um intrínseco não suportado em código gerenciado
C:\Users\salom\Dropbox\Treinamento Pavic\Programacao Paralela\Project1\include\stb_image.h(3675): warning C4793: '`anonymous namespace'::stbi__YCbCr_to_RGB_simd': função compilada como nativa:
  	Encontrado um intrínseco não suportado em código gerenciado
C:\Users\salom\Dropbox\Treinamento Pavic\Programacao Paralela\Project1\include\stb_image.h(3676): warning C4793: '`anonymous namespace'::stbi__YCbCr_to_RGB_simd': função compilada como nativa:
  	Encontrado um intrínseco não suportado em código gerenciado
C:\Users\salom\Dropbox\Treinamento Pavic\Programacao Paralela\Project1\include\stb_image.h(3677): warning C4793: '`anonymous namespace'::stbi__YCbCr_to_RGB_simd': função compilada como nativa:
  	Encontrado um intrínseco não suportado em código gerenciado
C:\Users\salom\Dropbox\Treinamento Pavic\Programacao Paralela\Project1\include\stb_image.h(3678): warning C4793: '`anonymous namespace'::stbi__YCbCr_to_RGB_simd': função compilada como nativa:
  	Encontrado um intrínseco não suportado em código gerenciado
C:\Users\salom\Dropbox\Treinamento Pavic\Programacao Paralela\Project1\include\stb_image.h(3679): warning C4793: '`anonymous namespace'::stbi__YCbCr_to_RGB_simd': função compilada como nativa:
  	Encontrado um intrínseco não suportado em código gerenciado
C:\Users\salom\Dropbox\Treinamento Pavic\Programacao Paralela\Project1\include\stb_image.h(3682): warning C4793: '`anonymous namespace'::stbi__YCbCr_to_RGB_simd': função compilada como nativa:
  	Encontrado um intrínseco não suportado em código gerenciado
C:\Users\salom\Dropbox\Treinamento Pavic\Programacao Paralela\Project1\include\stb_image.h(3683): warning C4793: '`anonymous namespace'::stbi__YCbCr_to_RGB_simd': função compilada como nativa:
  	Encontrado um intrínseco não suportado em código gerenciado
C:\Users\salom\Dropbox\Treinamento Pavic\Programacao Paralela\Project1\include\stb_image.h(3683): warning C4793: '`anonymous namespace'::stbi__YCbCr_to_RGB_simd': função compilada como nativa:
  	Encontrado um intrínseco não suportado em código gerenciado
C:\Users\salom\Dropbox\Treinamento Pavic\Programacao Paralela\Project1\include\stb_image.h(3684): warning C4793: '`anonymous namespace'::stbi__YCbCr_to_RGB_simd': função compilada como nativa:
  	Encontrado um intrínseco não suportado em código gerenciado
C:\Users\salom\Dropbox\Treinamento Pavic\Programacao Paralela\Project1\include\stb_image.h(3684): warning C4793: '`anonymous namespace'::stbi__YCbCr_to_RGB_simd': função compilada como nativa:
  	Encontrado um intrínseco não suportado em código gerenciado
C:\Users\salom\Dropbox\Treinamento Pavic\Programacao Paralela\Project1\include\stb_image.h(3687): warning C4793: '`anonymous namespace'::stbi__YCbCr_to_RGB_simd': função compilada como nativa:
  	Encontrado um intrínseco não suportado em código gerenciado
C:\Users\salom\Dropbox\Treinamento Pavic\Programacao Paralela\Project1\include\stb_image.h(3688): warning C4793: '`anonymous namespace'::stbi__YCbCr_to_RGB_simd': função compilada como nativa:
  	Encontrado um intrínseco não suportado em código gerenciado
C:\Users\salom\Dropbox\Treinamento Pavic\Programacao Paralela\Project1\include\stb_image.h(3689): warning C4793: '`anonymous namespace'::stbi__YCbCr_to_RGB_simd': função compilada como nativa:
  	Encontrado um intrínseco não suportado em código gerenciado
C:\Users\salom\Dropbox\Treinamento Pavic\Programacao Paralela\Project1\include\stb_image.h(3690): warning C4793: '`anonymous namespace'::stbi__YCbCr_to_RGB_simd': função compilada como nativa:
  	Encontrado um intrínseco não suportado em código gerenciado
C:\Users\salom\Dropbox\Treinamento Pavic\Programacao Paralela\Project1\include\stb_image.h(3691): warning C4793: '`anonymous namespace'::stbi__YCbCr_to_RGB_simd': função compilada como nativa:
  	Encontrado um intrínseco não suportado em código gerenciado
C:\Users\salom\Dropbox\Treinamento Pavic\Programacao Paralela\Project1\include\stb_image.h(3692): warning C4793: '`anonymous namespace'::stbi__YCbCr_to_RGB_simd': função compilada como nativa:
  	Encontrado um intrínseco não suportado em código gerenciado
C:\Users\salom\Dropbox\Treinamento Pavic\Programacao Paralela\Project1\include\stb_image.h(3693): warning C4793: '`anonymous namespace'::stbi__YCbCr_to_RGB_simd': função compilada como nativa:
  	Encontrado um intrínseco não suportado em código gerenciado
C:\Users\salom\Dropbox\Treinamento Pavic\Programacao Paralela\Project1\include\stb_image.h(3694): warning C4793: '`anonymous namespace'::stbi__YCbCr_to_RGB_simd': função compilada como nativa:
  	Encontrado um intrínseco não suportado em código gerenciado
C:\Users\salom\Dropbox\Treinamento Pavic\Programacao Paralela\Project1\include\stb_image.h(3695): warning C4793: '`anonymous namespace'::stbi__YCbCr_to_RGB_simd': função compilada como nativa:
  	Encontrado um intrínseco não suportado em código gerenciado
C:\Users\salom\Dropbox\Treinamento Pavic\Programacao Paralela\Project1\include\stb_image.h(3698): warning C4793: '`anonymous namespace'::stbi__YCbCr_to_RGB_simd': função compilada como nativa:
  	Encontrado um intrínseco não suportado em código gerenciado
C:\Users\salom\Dropbox\Treinamento Pavic\Programacao Paralela\Project1\include\stb_image.h(3699): warning C4793: '`anonymous namespace'::stbi__YCbCr_to_RGB_simd': função compilada como nativa:
  	Encontrado um intrínseco não suportado em código gerenciado
C:\Users\salom\Dropbox\Treinamento Pavic\Programacao Paralela\Project1\include\stb_image.h(3700): warning C4793: '`anonymous namespace'::stbi__YCbCr_to_RGB_simd': função compilada como nativa:
  	Encontrado um intrínseco não suportado em código gerenciado
C:\Users\salom\Dropbox\Treinamento Pavic\Programacao Paralela\Project1\include\stb_image.h(3703): warning C4793: '`anonymous namespace'::stbi__YCbCr_to_RGB_simd': função compilada como nativa:
  	Encontrado um intrínseco não suportado em código gerenciado
C:\Users\salom\Dropbox\Treinamento Pavic\Programacao Paralela\Project1\include\stb_image.h(3704): warning C4793: '`anonymous namespace'::stbi__YCbCr_to_RGB_simd': função compilada como nativa:
  	Encontrado um intrínseco não suportado em código gerenciado
C:\Users\salom\Dropbox\Treinamento Pavic\Programacao Paralela\Project1\include\stb_image.h(3707): warning C4793: '`anonymous namespace'::stbi__YCbCr_to_RGB_simd': função compilada como nativa:
  	Encontrado um intrínseco não suportado em código gerenciado
C:\Users\salom\Dropbox\Treinamento Pavic\Programacao Paralela\Project1\include\stb_image.h(3708): warning C4793: '`anonymous namespace'::stbi__YCbCr_to_RGB_simd': função compilada como nativa:
  	Encontrado um intrínseco não suportado em código gerenciado
C:\Users\salom\Dropbox\Treinamento Pavic\Programacao Paralela\Project1\include\stb_image.h(3709): warning C4793: '`anonymous namespace'::stbi__YCbCr_to_RGB_simd': função compilada como nativa:
  	Encontrado um intrínseco não suportado em código gerenciado
C:\Users\salom\Dropbox\Treinamento Pavic\Programacao Paralela\Project1\include\stb_image.h(3710): warning C4793: '`anonymous namespace'::stbi__YCbCr_to_RGB_simd': função compilada como nativa:
  	Encontrado um intrínseco não suportado em código gerenciado
C:\Users\salom\Dropbox\Treinamento Pavic\Programacao Paralela\Project1\include\stb_image.h(3713): warning C4793: '`anonymous namespace'::stbi__YCbCr_to_RGB_simd': função compilada como nativa:
  	Encontrado um intrínseco não suportado em código gerenciado
C:\Users\salom\Dropbox\Treinamento Pavic\Programacao Paralela\Project1\include\stb_image.h(3714): warning C4793: '`anonymous namespace'::stbi__YCbCr_to_RGB_simd': função compilada como nativa:
  	Encontrado um intrínseco não suportado em código gerenciado
C:\Users\salom\Dropbox\Treinamento Pavic\Programacao Paralela\Project1\include\stb_image.h(3517): warning C4793: '`anonymous namespace'::stbi__resample_row_hv_2_simd': função compilada como nativa:
  	Encontrado um intrínseco não suportado em código gerenciado
C:\Users\salom\Dropbox\Treinamento Pavic\Programacao Paralela\Project1\include\stb_image.h(3518): warning C4793: '`anonymous namespace'::stbi__resample_row_hv_2_simd': função compilada como nativa:
  	Encontrado um intrínseco não suportado em código gerenciado
C:\Users\salom\Dropbox\Treinamento Pavic\Programacao Paralela\Project1\include\stb_image.h(3519): warning C4793: '`anonymous namespace'::stbi__resample_row_hv_2_simd': função compilada como nativa:
  	Encontrado um intrínseco não suportado em código gerenciado
C:\Users\salom\Dropbox\Treinamento Pavic\Programacao Paralela\Project1\include\stb_image.h(3520): warning C4793: '`anonymous namespace'::stbi__resample_row_hv_2_simd': função compilada como nativa:
  	Encontrado um intrínseco não suportado em código gerenciado
C:\Users\salom\Dropbox\Treinamento Pavic\Programacao Paralela\Project1\include\stb_image.h(3521): warning C4793: '`anonymous namespace'::stbi__resample_row_hv_2_simd': função compilada como nativa:
  	Encontrado um intrínseco não suportado em código gerenciado
C:\Users\salom\Dropbox\Treinamento Pavic\Programacao Paralela\Project1\include\stb_image.h(3522): warning C4793: '`anonymous namespace'::stbi__resample_row_hv_2_simd': função compilada como nativa:
  	Encontrado um intrínseco não suportado em código gerenciado
C:\Users\salom\Dropbox\Treinamento Pavic\Programacao Paralela\Project1\include\stb_image.h(3523): warning C4793: '`anonymous namespace'::stbi__resample_row_hv_2_simd': função compilada como nativa:
  	Encontrado um intrínseco não suportado em código gerenciado
C:\Users\salom\Dropbox\Treinamento Pavic\Programacao Paralela\Project1\include\stb_image.h(3524): warning C4793: '`anonymous namespace'::stbi__resample_row_hv_2_simd': função compilada como nativa:
  	Encontrado um intrínseco não suportado em código gerenciado
C:\Users\salom\Dropbox\Treinamento Pavic\Programacao Paralela\Project1\include\stb_image.h(3531): warning C4793: '`anonymous namespace'::stbi__resample_row_hv_2_simd': função compilada como nativa:
  	Encontrado um intrínseco não suportado em código gerenciado
C:\Users\salom\Dropbox\Treinamento Pavic\Programacao Paralela\Project1\include\stb_image.h(3532): warning C4793: '`anonymous namespace'::stbi__resample_row_hv_2_simd': função compilada como nativa:
  	Encontrado um intrínseco não suportado em código gerenciado
C:\Users\salom\Dropbox\Treinamento Pavic\Programacao Paralela\Project1\include\stb_image.h(3533): warning C4793: '`anonymous namespace'::stbi__resample_row_hv_2_simd': função compilada como nativa:
  	Encontrado um intrínseco não suportado em código gerenciado
C:\Users\salom\Dropbox\Treinamento Pavic\Programacao Paralela\Project1\include\stb_image.h(3534): warning C4793: '`anonymous namespace'::stbi__resample_row_hv_2_simd': função compilada como nativa:
  	Encontrado um intrínseco não suportado em código gerenciado
C:\Users\salom\Dropbox\Treinamento Pavic\Programacao Paralela\Project1\include\stb_image.h(3540): warning C4793: '`anonymous namespace'::stbi__resample_row_hv_2_simd': função compilada como nativa:
  	Encontrado um intrínseco não suportado em código gerenciado
C:\Users\salom\Dropbox\Treinamento Pavic\Programacao Paralela\Project1\include\stb_image.h(3541): warning C4793: '`anonymous namespace'::stbi__resample_row_hv_2_simd': função compilada como nativa:
  	Encontrado um intrínseco não suportado em código gerenciado
C:\Users\salom\Dropbox\Treinamento Pavic\Programacao Paralela\Project1\include\stb_image.h(3542): warning C4793: '`anonymous namespace'::stbi__resample_row_hv_2_simd': função compilada como nativa:
  	Encontrado um intrínseco não suportado em código gerenciado
C:\Users\salom\Dropbox\Treinamento Pavic\Programacao Paralela\Project1\include\stb_image.h(3543): warning C4793: '`anonymous namespace'::stbi__resample_row_hv_2_simd': função compilada como nativa:
  	Encontrado um intrínseco não suportado em código gerenciado
C:\Users\salom\Dropbox\Treinamento Pavic\Programacao Paralela\Project1\include\stb_image.h(3544): warning C4793: '`anonymous namespace'::stbi__resample_row_hv_2_simd': função compilada como nativa:
  	Encontrado um intrínseco não suportado em código gerenciado
C:\Users\salom\Dropbox\Treinamento Pavic\Programacao Paralela\Project1\include\stb_image.h(3545): warning C4793: '`anonymous namespace'::stbi__resample_row_hv_2_simd': função compilada como nativa:
  	Encontrado um intrínseco não suportado em código gerenciado
C:\Users\salom\Dropbox\Treinamento Pavic\Programacao Paralela\Project1\include\stb_image.h(3546): warning C4793: '`anonymous namespace'::stbi__resample_row_hv_2_simd': função compilada como nativa:
  	Encontrado um intrínseco não suportado em código gerenciado
C:\Users\salom\Dropbox\Treinamento Pavic\Programacao Paralela\Project1\include\stb_image.h(3549): warning C4793: '`anonymous namespace'::stbi__resample_row_hv_2_simd': função compilada como nativa:
  	Encontrado um intrínseco não suportado em código gerenciado
C:\Users\salom\Dropbox\Treinamento Pavic\Programacao Paralela\Project1\include\stb_image.h(3550): warning C4793: '`anonymous namespace'::stbi__resample_row_hv_2_simd': função compilada como nativa:
  	Encontrado um intrínseco não suportado em código gerenciado
C:\Users\salom\Dropbox\Treinamento Pavic\Programacao Paralela\Project1\include\stb_image.h(3551): warning C4793: '`anonymous namespace'::stbi__resample_row_hv_2_simd': função compilada como nativa:
  	Encontrado um intrínseco não suportado em código gerenciado
C:\Users\salom\Dropbox\Treinamento Pavic\Programacao Paralela\Project1\include\stb_image.h(3552): warning C4793: '`anonymous namespace'::stbi__resample_row_hv_2_simd': função compilada como nativa:
  	Encontrado um intrínseco não suportado em código gerenciado
C:\Users\salom\Dropbox\Treinamento Pavic\Programacao Paralela\Project1\include\stb_image.h(3555): warning C4793: '`anonymous namespace'::stbi__resample_row_hv_2_simd': função compilada como nativa:
  	Encontrado um intrínseco não suportado em código gerenciado
C:\Users\salom\Dropbox\Treinamento Pavic\Programacao Paralela\Project1\include\stb_image.h(3556): warning C4793: '`anonymous namespace'::stbi__resample_row_hv_2_simd': função compilada como nativa:
  	Encontrado um intrínseco não suportado em código gerenciado
C:\Users\salom\Dropbox\Treinamento Pavic\Programacao Paralela\Project1\include\stb_image_write.h(480): warning C4793: '`anonymous namespace'::stbiw__outfile': função compilada como nativa:
  	varargs não suportados sob /clr
C:\Users\salom\Dropbox\Treinamento Pavic\Programacao Paralela\Project1\include\stb_image_write.h(486): warning C4793: '`anonymous namespace'::stbiw__outfile': função compilada como nativa:
  	Encontrado um intrínseco não suportado em código gerenciado
C:\Users\salom\Dropbox\Treinamento Pavic\Programacao Paralela\Project1\include\stb_image_write.h(488): warning C4793: '`anonymous namespace'::stbiw__outfile': função compilada como nativa:
  	Encontrado um intrínseco não suportado em código gerenciado
C:\Users\salom\Dropbox\Treinamento Pavic\Programacao Paralela\Project1\include\stb_image_write.h(379): warning C4793: '`anonymous namespace'::stbiw__writef': função compilada como nativa:
  	varargs não suportados sob /clr
C:\Users\salom\Dropbox\Treinamento Pavic\Programacao Paralela\Project1\include\stb_image_write.h(381): warning C4793: '`anonymous namespace'::stbiw__writef': função compilada como nativa:
  	Encontrado um intrínseco não suportado em código gerenciado
C:\Users\salom\Dropbox\Treinamento Pavic\Programacao Paralela\Project1\include\stb_image_write.h(383): warning C4793: '`anonymous namespace'::stbiw__writef': função compilada como nativa:
  	Encontrado um intrínseco não suportado em código gerenciado
C:\Users\salom\Dropbox\Treinamento Pavic\Programacao Paralela\Project1\include\stb_image_write.h(354): warning C4793: '`anonymous namespace'::stbiw__writefv': função compilada como nativa:
  	Encontrado um intrínseco não suportado em código gerenciado
C:\Users\salom\Dropbox\Treinamento Pavic\Programacao Paralela\Project1\include\stb_image_write.h(357): warning C4793: '`anonymous namespace'::stbiw__writefv': função compilada como nativa:
  	Encontrado um intrínseco não suportado em código gerenciado
C:\Users\salom\Dropbox\Treinamento Pavic\Programacao Paralela\Project1\include\stb_image_write.h(363): warning C4793: '`anonymous namespace'::stbiw__writefv': função compilada como nativa:
  	Encontrado um intrínseco não suportado em código gerenciado
  
  C:\Users\salom\Dropbox\Treinamento Pavic\Programacao Paralela\Project1>"C:\Program Files\NVIDIA GPU Computing Toolkit\CUDA\v11.8\bin\nvcc.exe" -dlink -o x64\Debug\Project1.device-link.obj -Xcompiler "/EHsc /W3 /nologo /Od /Fdx64\Debug\vc143.pdb /Zi  /MDd " -L"C:\Program Files\NVIDIA GPU Computing Toolkit\CUDA\v11.8\bin/crt" -LC:\opencv\build\x64\vc15\lib -L"C:\Program Files\NVIDIA GPU Computing Toolkit\CUDA\v11.8\lib\x64" opencv_world455d.lib cudart_static.lib cudadevrt.lib cudart.lib cuda.lib kernel32.lib user32.lib gdi32.lib winspool.lib comdlg32.lib advapi32.lib shell32.lib ole32.lib oleaut32.lib uuid.lib odbc32.lib odbccp32.lib  -gencode=arch=compute_52,code=sm_52 -G --machine 64 "C:\Users\salom\Dropbox\Treinamento Pavic\Programacao Paralela\Project1\x64\Debug\cuda_kernel.cu.obj" 
  opencv_world455d.lib
  cudart_static.lib
  cudadevrt.lib
  cudart.lib
  cuda.lib
  kernel32.lib
  user32.lib
  gdi32.lib
  winspool.lib
  comdlg32.lib
  advapi32.lib
  shell32.lib
  ole32.lib
  oleaut32.lib
  uuid.lib
  odbc32.lib
  odbccp32.lib
  cuda_kernel.cu.obj
  MyForm.obj : Módulo MSIL encontrado; vínculo incremental está desabilitado para MSIL; executando link completo
  Project1.vcxproj -> C:\Users\salom\Dropbox\Treinamento Pavic\Programacao Paralela\Project1\x64\Debug\Project1.exe
