c:\users\salom\dropbox\treinamento pavic\programacao paralela\project2\x64\debug\vc143.pdb
c:\users\salom\dropbox\treinamento pavic\programacao paralela\project2\x64\debug\.netframework,version=v4.7.2.assemblyattributes.obj
c:\users\salom\dropbox\treinamento pavic\programacao paralela\project2\x64\debug\myform.obj
c:\users\salom\dropbox\treinamento pavic\programacao paralela\project2\x64\debug\addwithcuda.obj
c:\users\salom\dropbox\treinamento pavic\programacao paralela\project2\x64\debug\project2.exe
c:\users\salom\dropbox\treinamento pavic\programacao paralela\project2\x64\debug\project2.pdb
c:\users\salom\dropbox\treinamento pavic\programacao paralela\project2\x64\debug\project2.exe.metagen
c:\users\salom\dropbox\treinamento pavic\programacao paralela\project2\x64\debug\project2.tlog\cl.command.1.tlog
c:\users\salom\dropbox\treinamento pavic\programacao paralela\project2\x64\debug\project2.tlog\cl.read.1.tlog
c:\users\salom\dropbox\treinamento pavic\programacao paralela\project2\x64\debug\project2.tlog\cl.write.1.tlog
c:\users\salom\dropbox\treinamento pavic\programacao paralela\project2\x64\debug\project2.tlog\link.3720-cvtres.read.1.tlog
c:\users\salom\dropbox\treinamento pavic\programacao paralela\project2\x64\debug\project2.tlog\link.3720-cvtres.write.1.tlog
c:\users\salom\dropbox\treinamento pavic\programacao paralela\project2\x64\debug\project2.tlog\link.3720-rc.read.1.tlog
c:\users\salom\dropbox\treinamento pavic\programacao paralela\project2\x64\debug\project2.tlog\link.3720-rc.write.1.tlog
c:\users\salom\dropbox\treinamento pavic\programacao paralela\project2\x64\debug\project2.tlog\link.3720.read.1.tlog
c:\users\salom\dropbox\treinamento pavic\programacao paralela\project2\x64\debug\project2.tlog\link.3720.read.3.tlog
c:\users\salom\dropbox\treinamento pavic\programacao paralela\project2\x64\debug\project2.tlog\link.3720.write.1.tlog
c:\users\salom\dropbox\treinamento pavic\programacao paralela\project2\x64\debug\project2.tlog\link.9048-cvtres.read.1.tlog
c:\users\salom\dropbox\treinamento pavic\programacao paralela\project2\x64\debug\project2.tlog\link.9048-cvtres.write.1.tlog
c:\users\salom\dropbox\treinamento pavic\programacao paralela\project2\x64\debug\project2.tlog\link.9048-rc.read.1.tlog
c:\users\salom\dropbox\treinamento pavic\programacao paralela\project2\x64\debug\project2.tlog\link.9048-rc.write.1.tlog
c:\users\salom\dropbox\treinamento pavic\programacao paralela\project2\x64\debug\project2.tlog\link.9048.read.1.tlog
c:\users\salom\dropbox\treinamento pavic\programacao paralela\project2\x64\debug\project2.tlog\link.9048.read.3.tlog
c:\users\salom\dropbox\treinamento pavic\programacao paralela\project2\x64\debug\project2.tlog\link.9048.write.1.tlog
c:\users\salom\dropbox\treinamento pavic\programacao paralela\project2\x64\debug\project2.tlog\link.command.1.tlog
c:\users\salom\dropbox\treinamento pavic\programacao paralela\project2\x64\debug\project2.tlog\link.read.1.tlog
c:\users\salom\dropbox\treinamento pavic\programacao paralela\project2\x64\debug\project2.tlog\link.read.2.tlog
c:\users\salom\dropbox\treinamento pavic\programacao paralela\project2\x64\debug\project2.tlog\link.read.3.tlog
c:\users\salom\dropbox\treinamento pavic\programacao paralela\project2\x64\debug\project2.tlog\link.write.1.tlog
c:\users\salom\dropbox\treinamento pavic\programacao paralela\project2\x64\debug\project2.tlog\metagen.read.1.tlog
c:\users\salom\dropbox\treinamento pavic\programacao paralela\project2\x64\debug\project2.tlog\metagen.write.1.tlog
c:\users\salom\dropbox\treinamento pavic\programacao paralela\project2\x64\debug\project2.tlog\resgen.command.1.tlog
c:\users\salom\dropbox\treinamento pavic\programacao paralela\project2\x64\debug\project2.tlog\resgen.read.1.tlog
c:\users\salom\dropbox\treinamento pavic\programacao paralela\project2\x64\debug\project2.tlog\resgen.write.1.tlog
