  MyForm.cpp
C:\Users\salom\Dropbox\Treinamento Pavic\Programacao Paralela\Project2\include\stb_image_write.h(789,15): warning C4996: 'sprintf': This function or variable may be unsafe. Consider using sprintf_s instead. To disable deprecation, use _CRT_SECURE_NO_WARNINGS. See online help for details.
C:\Users\salom\Dropbox\Treinamento Pavic\Programacao Paralela\Project2\MyForm.h(105,27): warning C4244: '=': conversão de 'float' para 'unsigned char', possível perda de dados
C:\Users\salom\Dropbox\Treinamento Pavic\Programacao Paralela\Project2\MyForm.h(106,29): warning C4244: '=': conversão de 'float' para 'unsigned char', possível perda de dados
C:\Users\salom\Dropbox\Treinamento Pavic\Programacao Paralela\Project2\MyForm.h(107,28): warning C4244: '=': conversão de 'float' para 'unsigned char', possível perda de dados
C:\Users\salom\Dropbox\Treinamento Pavic\Programacao Paralela\Project2\MyForm.h(198,9): warning C4244: 'inicializando': conversão de 'float' para 'int', possível perda de dados
C:\Users\salom\Dropbox\Treinamento Pavic\Programacao Paralela\Project2\MyForm.h(203,8): warning C4244: 'inicializando': conversão de 'float' para 'int', possível perda de dados
C:\Users\salom\Dropbox\Treinamento Pavic\Programacao Paralela\Project2\include\stb_image.h(733): warning C4793: '`anonymous namespace'::stbi__cpuid3': função compilada como nativa:
  	Encontrado um intrínseco não suportado em código gerenciado
C:\Users\salom\Dropbox\Treinamento Pavic\Programacao Paralela\Project2\include\stb_image.h(2595): warning C4793: '`anonymous namespace'::stbi__idct_simd': função compilada como nativa:
  	Encontrado um intrínseco não suportado em código gerenciado
C:\Users\salom\Dropbox\Treinamento Pavic\Programacao Paralela\Project2\include\stb_image.h(2596): warning C4793: '`anonymous namespace'::stbi__idct_simd': função compilada como nativa:
  	Encontrado um intrínseco não suportado em código gerenciado
C:\Users\salom\Dropbox\Treinamento Pavic\Programacao Paralela\Project2\include\stb_image.h(2597): warning C4793: '`anonymous namespace'::stbi__idct_simd': função compilada como nativa:
  	Encontrado um intrínseco não suportado em código gerenciado
C:\Users\salom\Dropbox\Treinamento Pavic\Programacao Paralela\Project2\include\stb_image.h(2598): warning C4793: '`anonymous namespace'::stbi__idct_simd': função compilada como nativa:
  	Encontrado um intrínseco não suportado em código gerenciado
C:\Users\salom\Dropbox\Treinamento Pavic\Programacao Paralela\Project2\include\stb_image.h(2599): warning C4793: '`anonymous namespace'::stbi__idct_simd': função compilada como nativa:
  	Encontrado um intrínseco não suportado em código gerenciado
C:\Users\salom\Dropbox\Treinamento Pavic\Programacao Paralela\Project2\include\stb_image.h(2600): warning C4793: '`anonymous namespace'::stbi__idct_simd': função compilada como nativa:
  	Encontrado um intrínseco não suportado em código gerenciado
C:\Users\salom\Dropbox\Treinamento Pavic\Programacao Paralela\Project2\include\stb_image.h(2601): warning C4793: '`anonymous namespace'::stbi__idct_simd': função compilada como nativa:
  	Encontrado um intrínseco não suportado em código gerenciado
C:\Users\salom\Dropbox\Treinamento Pavic\Programacao Paralela\Project2\include\stb_image.h(2602): warning C4793: '`anonymous namespace'::stbi__idct_simd': função compilada como nativa:
  	Encontrado um intrínseco não suportado em código gerenciado
C:\Users\salom\Dropbox\Treinamento Pavic\Programacao Paralela\Project2\include\stb_image.h(2605): warning C4793: '`anonymous namespace'::stbi__idct_simd': função compilada como nativa:
  	Encontrado um intrínseco não suportado em código gerenciado
C:\Users\salom\Dropbox\Treinamento Pavic\Programacao Paralela\Project2\include\stb_image.h(2606): warning C4793: '`anonymous namespace'::stbi__idct_simd': função compilada como nativa:
  	Encontrado um intrínseco não suportado em código gerenciado
C:\Users\salom\Dropbox\Treinamento Pavic\Programacao Paralela\Project2\include\stb_image.h(2609): warning C4793: '`anonymous namespace'::stbi__idct_simd': função compilada como nativa:
  	Encontrado um intrínseco não suportado em código gerenciado
C:\Users\salom\Dropbox\Treinamento Pavic\Programacao Paralela\Project2\include\stb_image.h(2610): warning C4793: '`anonymous namespace'::stbi__idct_simd': função compilada como nativa:
  	Encontrado um intrínseco não suportado em código gerenciado
C:\Users\salom\Dropbox\Treinamento Pavic\Programacao Paralela\Project2\include\stb_image.h(2611): warning C4793: '`anonymous namespace'::stbi__idct_simd': função compilada como nativa:
  	Encontrado um intrínseco não suportado em código gerenciado
C:\Users\salom\Dropbox\Treinamento Pavic\Programacao Paralela\Project2\include\stb_image.h(2612): warning C4793: '`anonymous namespace'::stbi__idct_simd': função compilada como nativa:
  	Encontrado um intrínseco não suportado em código gerenciado
C:\Users\salom\Dropbox\Treinamento Pavic\Programacao Paralela\Project2\include\stb_image.h(2613): warning C4793: '`anonymous namespace'::stbi__idct_simd': função compilada como nativa:
  	Encontrado um intrínseco não suportado em código gerenciado
C:\Users\salom\Dropbox\Treinamento Pavic\Programacao Paralela\Project2\include\stb_image.h(2614): warning C4793: '`anonymous namespace'::stbi__idct_simd': função compilada como nativa:
  	Encontrado um intrínseco não suportado em código gerenciado
C:\Users\salom\Dropbox\Treinamento Pavic\Programacao Paralela\Project2\include\stb_image.h(2615): warning C4793: '`anonymous namespace'::stbi__idct_simd': função compilada como nativa:
  	Encontrado um intrínseco não suportado em código gerenciado
C:\Users\salom\Dropbox\Treinamento Pavic\Programacao Paralela\Project2\include\stb_image.h(2616): warning C4793: '`anonymous namespace'::stbi__idct_simd': função compilada como nativa:
  	Encontrado um intrínseco não suportado em código gerenciado
C:\Users\salom\Dropbox\Treinamento Pavic\Programacao Paralela\Project2\include\stb_image.h(2619): warning C4793: '`anonymous namespace'::stbi__idct_simd': função compilada como nativa:
  	Encontrado um intrínseco não suportado em código gerenciado
C:\Users\salom\Dropbox\Treinamento Pavic\Programacao Paralela\Project2\include\stb_image.h(2619): warning C4793: '`anonymous namespace'::stbi__idct_simd': função compilada como nativa:
  	Encontrado um intrínseco não suportado em código gerenciado
C:\Users\salom\Dropbox\Treinamento Pavic\Programacao Paralela\Project2\include\stb_image.h(2619): warning C4793: '`anonymous namespace'::stbi__idct_simd': função compilada como nativa:
  	Encontrado um intrínseco não suportado em código gerenciado
C:\Users\salom\Dropbox\Treinamento Pavic\Programacao Paralela\Project2\include\stb_image.h(2619): warning C4793: '`anonymous namespace'::stbi__idct_simd': função compilada como nativa:
  	Encontrado um intrínseco não suportado em código gerenciado
C:\Users\salom\Dropbox\Treinamento Pavic\Programacao Paralela\Project2\include\stb_image.h(2619): warning C4793: '`anonymous namespace'::stbi__idct_simd': função compilada como nativa:
  	Encontrado um intrínseco não suportado em código gerenciado
C:\Users\salom\Dropbox\Treinamento Pavic\Programacao Paralela\Project2\include\stb_image.h(2619): warning C4793: '`anonymous namespace'::stbi__idct_simd': função compilada como nativa:
  	Encontrado um intrínseco não suportado em código gerenciado
C:\Users\salom\Dropbox\Treinamento Pavic\Programacao Paralela\Project2\include\stb_image.h(2619): warning C4793: '`anonymous namespace'::stbi__idct_simd': função compilada como nativa:
  	Encontrado um intrínseco não suportado em código gerenciado
C:\Users\salom\Dropbox\Treinamento Pavic\Programacao Paralela\Project2\include\stb_image.h(2619): warning C4793: '`anonymous namespace'::stbi__idct_simd': função compilada como nativa:
  	Encontrado um intrínseco não suportado em código gerenciado
C:\Users\salom\Dropbox\Treinamento Pavic\Programacao Paralela\Project2\include\stb_image.h(2619): warning C4793: '`anonymous namespace'::stbi__idct_simd': função compilada como nativa:
  	Encontrado um intrínseco não suportado em código gerenciado
C:\Users\salom\Dropbox\Treinamento Pavic\Programacao Paralela\Project2\include\stb_image.h(2619): warning C4793: '`anonymous namespace'::stbi__idct_simd': função compilada como nativa:
  	Encontrado um intrínseco não suportado em código gerenciado
C:\Users\salom\Dropbox\Treinamento Pavic\Programacao Paralela\Project2\include\stb_image.h(2619): warning C4793: '`anonymous namespace'::stbi__idct_simd': função compilada como nativa:
  	Encontrado um intrínseco não suportado em código gerenciado
C:\Users\salom\Dropbox\Treinamento Pavic\Programacao Paralela\Project2\include\stb_image.h(2619): warning C4793: '`anonymous namespace'::stbi__idct_simd': função compilada como nativa:
  	Encontrado um intrínseco não suportado em código gerenciado
C:\Users\salom\Dropbox\Treinamento Pavic\Programacao Paralela\Project2\include\stb_image.h(2619): warning C4793: '`anonymous namespace'::stbi__idct_simd': função compilada como nativa:
  	Encontrado um intrínseco não suportado em código gerenciado
C:\Users\salom\Dropbox\Treinamento Pavic\Programacao Paralela\Project2\include\stb_image.h(2619): warning C4793: '`anonymous namespace'::stbi__idct_simd': função compilada como nativa:
  	Encontrado um intrínseco não suportado em código gerenciado
C:\Users\salom\Dropbox\Treinamento Pavic\Programacao Paralela\Project2\include\stb_image.h(2619): warning C4793: '`anonymous namespace'::stbi__idct_simd': função compilada como nativa:
  	Encontrado um intrínseco não suportado em código gerenciado
C:\Users\salom\Dropbox\Treinamento Pavic\Programacao Paralela\Project2\include\stb_image.h(2619): warning C4793: '`anonymous namespace'::stbi__idct_simd': função compilada como nativa:
  	Encontrado um intrínseco não suportado em código gerenciado
C:\Users\salom\Dropbox\Treinamento Pavic\Programacao Paralela\Project2\include\stb_image.h(2619): warning C4793: '`anonymous namespace'::stbi__idct_simd': função compilada como nativa:
  	Encontrado um intrínseco não suportado em código gerenciado
C:\Users\salom\Dropbox\Treinamento Pavic\Programacao Paralela\Project2\include\stb_image.h(2619): warning C4793: '`anonymous namespace'::stbi__idct_simd': função compilada como nativa:
  	Encontrado um intrínseco não suportado em código gerenciado
C:\Users\salom\Dropbox\Treinamento Pavic\Programacao Paralela\Project2\include\stb_image.h(2619): warning C4793: '`anonymous namespace'::stbi__idct_simd': função compilada como nativa:
  	Encontrado um intrínseco não suportado em código gerenciado
C:\Users\salom\Dropbox\Treinamento Pavic\Programacao Paralela\Project2\include\stb_image.h(2619): warning C4793: '`anonymous namespace'::stbi__idct_simd': função compilada como nativa:
  	Encontrado um intrínseco não suportado em código gerenciado
C:\Users\salom\Dropbox\Treinamento Pavic\Programacao Paralela\Project2\include\stb_image.h(2619): warning C4793: '`anonymous namespace'::stbi__idct_simd': função compilada como nativa:
  	Encontrado um intrínseco não suportado em código gerenciado
C:\Users\salom\Dropbox\Treinamento Pavic\Programacao Paralela\Project2\include\stb_image.h(2619): warning C4793: '`anonymous namespace'::stbi__idct_simd': função compilada como nativa:
  	Encontrado um intrínseco não suportado em código gerenciado
C:\Users\salom\Dropbox\Treinamento Pavic\Programacao Paralela\Project2\include\stb_image.h(2619): warning C4793: '`anonymous namespace'::stbi__idct_simd': função compilada como nativa:
  	Encontrado um intrínseco não suportado em código gerenciado
C:\Users\salom\Dropbox\Treinamento Pavic\Programacao Paralela\Project2\include\stb_image.h(2619): warning C4793: '`anonymous namespace'::stbi__idct_simd': função compilada como nativa:
  	Encontrado um intrínseco não suportado em código gerenciado
C:\Users\salom\Dropbox\Treinamento Pavic\Programacao Paralela\Project2\include\stb_image.h(2619): warning C4793: '`anonymous namespace'::stbi__idct_simd': função compilada como nativa:
  	Encontrado um intrínseco não suportado em código gerenciado
C:\Users\salom\Dropbox\Treinamento Pavic\Programacao Paralela\Project2\include\stb_image.h(2619): warning C4793: '`anonymous namespace'::stbi__idct_simd': função compilada como nativa:
  	Encontrado um intrínseco não suportado em código gerenciado
C:\Users\salom\Dropbox\Treinamento Pavic\Programacao Paralela\Project2\include\stb_image.h(2619): warning C4793: '`anonymous namespace'::stbi__idct_simd': função compilada como nativa:
  	Encontrado um intrínseco não suportado em código gerenciado
C:\Users\salom\Dropbox\Treinamento Pavic\Programacao Paralela\Project2\include\stb_image.h(2619): warning C4793: '`anonymous namespace'::stbi__idct_simd': função compilada como nativa:
  	Encontrado um intrínseco não suportado em código gerenciado
C:\Users\salom\Dropbox\Treinamento Pavic\Programacao Paralela\Project2\include\stb_image.h(2619): warning C4793: '`anonymous namespace'::stbi__idct_simd': função compilada como nativa:
  	Encontrado um intrínseco não suportado em código gerenciado
C:\Users\salom\Dropbox\Treinamento Pavic\Programacao Paralela\Project2\include\stb_image.h(2619): warning C4793: '`anonymous namespace'::stbi__idct_simd': função compilada como nativa:
  	Encontrado um intrínseco não suportado em código gerenciado
C:\Users\salom\Dropbox\Treinamento Pavic\Programacao Paralela\Project2\include\stb_image.h(2619): warning C4793: '`anonymous namespace'::stbi__idct_simd': função compilada como nativa:
  	Encontrado um intrínseco não suportado em código gerenciado
C:\Users\salom\Dropbox\Treinamento Pavic\Programacao Paralela\Project2\include\stb_image.h(2619): warning C4793: '`anonymous namespace'::stbi__idct_simd': função compilada como nativa:
  	Encontrado um intrínseco não suportado em código gerenciado
C:\Users\salom\Dropbox\Treinamento Pavic\Programacao Paralela\Project2\include\stb_image.h(2619): warning C4793: '`anonymous namespace'::stbi__idct_simd': função compilada como nativa:
  	Encontrado um intrínseco não suportado em código gerenciado
C:\Users\salom\Dropbox\Treinamento Pavic\Programacao Paralela\Project2\include\stb_image.h(2619): warning C4793: '`anonymous namespace'::stbi__idct_simd': função compilada como nativa:
  	Encontrado um intrínseco não suportado em código gerenciado
C:\Users\salom\Dropbox\Treinamento Pavic\Programacao Paralela\Project2\include\stb_image.h(2619): warning C4793: '`anonymous namespace'::stbi__idct_simd': função compilada como nativa:
  	Encontrado um intrínseco não suportado em código gerenciado
C:\Users\salom\Dropbox\Treinamento Pavic\Programacao Paralela\Project2\include\stb_image.h(2619): warning C4793: '`anonymous namespace'::stbi__idct_simd': função compilada como nativa:
  	Encontrado um intrínseco não suportado em código gerenciado
C:\Users\salom\Dropbox\Treinamento Pavic\Programacao Paralela\Project2\include\stb_image.h(2619): warning C4793: '`anonymous namespace'::stbi__idct_simd': função compilada como nativa:
  	Encontrado um intrínseco não suportado em código gerenciado
C:\Users\salom\Dropbox\Treinamento Pavic\Programacao Paralela\Project2\include\stb_image.h(2619): warning C4793: '`anonymous namespace'::stbi__idct_simd': função compilada como nativa:
  	Encontrado um intrínseco não suportado em código gerenciado
C:\Users\salom\Dropbox\Treinamento Pavic\Programacao Paralela\Project2\include\stb_image.h(2619): warning C4793: '`anonymous namespace'::stbi__idct_simd': função compilada como nativa:
  	Encontrado um intrínseco não suportado em código gerenciado
C:\Users\salom\Dropbox\Treinamento Pavic\Programacao Paralela\Project2\include\stb_image.h(2619): warning C4793: '`anonymous namespace'::stbi__idct_simd': função compilada como nativa:
  	Encontrado um intrínseco não suportado em código gerenciado
C:\Users\salom\Dropbox\Treinamento Pavic\Programacao Paralela\Project2\include\stb_image.h(2619): warning C4793: '`anonymous namespace'::stbi__idct_simd': função compilada como nativa:
  	Encontrado um intrínseco não suportado em código gerenciado
C:\Users\salom\Dropbox\Treinamento Pavic\Programacao Paralela\Project2\include\stb_image.h(2619): warning C4793: '`anonymous namespace'::stbi__idct_simd': função compilada como nativa:
  	Encontrado um intrínseco não suportado em código gerenciado
C:\Users\salom\Dropbox\Treinamento Pavic\Programacao Paralela\Project2\include\stb_image.h(2619): warning C4793: '`anonymous namespace'::stbi__idct_simd': função compilada como nativa:
  	Encontrado um intrínseco não suportado em código gerenciado
C:\Users\salom\Dropbox\Treinamento Pavic\Programacao Paralela\Project2\include\stb_image.h(2619): warning C4793: '`anonymous namespace'::stbi__idct_simd': função compilada como nativa:
  	Encontrado um intrínseco não suportado em código gerenciado
C:\Users\salom\Dropbox\Treinamento Pavic\Programacao Paralela\Project2\include\stb_image.h(2619): warning C4793: '`anonymous namespace'::stbi__idct_simd': função compilada como nativa:
  	Encontrado um intrínseco não suportado em código gerenciado
C:\Users\salom\Dropbox\Treinamento Pavic\Programacao Paralela\Project2\include\stb_image.h(2619): warning C4793: '`anonymous namespace'::stbi__idct_simd': função compilada como nativa:
  	Encontrado um intrínseco não suportado em código gerenciado
C:\Users\salom\Dropbox\Treinamento Pavic\Programacao Paralela\Project2\include\stb_image.h(2619): warning C4793: '`anonymous namespace'::stbi__idct_simd': função compilada como nativa:
  	Encontrado um intrínseco não suportado em código gerenciado
C:\Users\salom\Dropbox\Treinamento Pavic\Programacao Paralela\Project2\include\stb_image.h(2619): warning C4793: '`anonymous namespace'::stbi__idct_simd': função compilada como nativa:
  	Encontrado um intrínseco não suportado em código gerenciado
C:\Users\salom\Dropbox\Treinamento Pavic\Programacao Paralela\Project2\include\stb_image.h(2619): warning C4793: '`anonymous namespace'::stbi__idct_simd': função compilada como nativa:
  	Encontrado um intrínseco não suportado em código gerenciado
C:\Users\salom\Dropbox\Treinamento Pavic\Programacao Paralela\Project2\include\stb_image.h(2619): warning C4793: '`anonymous namespace'::stbi__idct_simd': função compilada como nativa:
  	Encontrado um intrínseco não suportado em código gerenciado
C:\Users\salom\Dropbox\Treinamento Pavic\Programacao Paralela\Project2\include\stb_image.h(2619): warning C4793: '`anonymous namespace'::stbi__idct_simd': função compilada como nativa:
  	Encontrado um intrínseco não suportado em código gerenciado
C:\Users\salom\Dropbox\Treinamento Pavic\Programacao Paralela\Project2\include\stb_image.h(2619): warning C4793: '`anonymous namespace'::stbi__idct_simd': função compilada como nativa:
  	Encontrado um intrínseco não suportado em código gerenciado
C:\Users\salom\Dropbox\Treinamento Pavic\Programacao Paralela\Project2\include\stb_image.h(2619): warning C4793: '`anonymous namespace'::stbi__idct_simd': função compilada como nativa:
  	Encontrado um intrínseco não suportado em código gerenciado
C:\Users\salom\Dropbox\Treinamento Pavic\Programacao Paralela\Project2\include\stb_image.h(2619): warning C4793: '`anonymous namespace'::stbi__idct_simd': função compilada como nativa:
  	Encontrado um intrínseco não suportado em código gerenciado
C:\Users\salom\Dropbox\Treinamento Pavic\Programacao Paralela\Project2\include\stb_image.h(2619): warning C4793: '`anonymous namespace'::stbi__idct_simd': função compilada como nativa:
  	Encontrado um intrínseco não suportado em código gerenciado
C:\Users\salom\Dropbox\Treinamento Pavic\Programacao Paralela\Project2\include\stb_image.h(2619): warning C4793: '`anonymous namespace'::stbi__idct_simd': função compilada como nativa:
  	Encontrado um intrínseco não suportado em código gerenciado
C:\Users\salom\Dropbox\Treinamento Pavic\Programacao Paralela\Project2\include\stb_image.h(2619): warning C4793: '`anonymous namespace'::stbi__idct_simd': função compilada como nativa:
  	Encontrado um intrínseco não suportado em código gerenciado
C:\Users\salom\Dropbox\Treinamento Pavic\Programacao Paralela\Project2\include\stb_image.h(2619): warning C4793: '`anonymous namespace'::stbi__idct_simd': função compilada como nativa:
  	Encontrado um intrínseco não suportado em código gerenciado
C:\Users\salom\Dropbox\Treinamento Pavic\Programacao Paralela\Project2\include\stb_image.h(2619): warning C4793: '`anonymous namespace'::stbi__idct_simd': função compilada como nativa:
  	Encontrado um intrínseco não suportado em código gerenciado
C:\Users\salom\Dropbox\Treinamento Pavic\Programacao Paralela\Project2\include\stb_image.h(2619): warning C4793: '`anonymous namespace'::stbi__idct_simd': função compilada como nativa:
  	Encontrado um intrínseco não suportado em código gerenciado
C:\Users\salom\Dropbox\Treinamento Pavic\Programacao Paralela\Project2\include\stb_image.h(2619): warning C4793: '`anonymous namespace'::stbi__idct_simd': função compilada como nativa:
  	Encontrado um intrínseco não suportado em código gerenciado
C:\Users\salom\Dropbox\Treinamento Pavic\Programacao Paralela\Project2\include\stb_image.h(2619): warning C4793: '`anonymous namespace'::stbi__idct_simd': função compilada como nativa:
  	Encontrado um intrínseco não suportado em código gerenciado
C:\Users\salom\Dropbox\Treinamento Pavic\Programacao Paralela\Project2\include\stb_image.h(2619): warning C4793: '`anonymous namespace'::stbi__idct_simd': função compilada como nativa:
  	Encontrado um intrínseco não suportado em código gerenciado
C:\Users\salom\Dropbox\Treinamento Pavic\Programacao Paralela\Project2\include\stb_image.h(2619): warning C4793: '`anonymous namespace'::stbi__idct_simd': função compilada como nativa:
  	Encontrado um intrínseco não suportado em código gerenciado
C:\Users\salom\Dropbox\Treinamento Pavic\Programacao Paralela\Project2\include\stb_image.h(2619): warning C4793: '`anonymous namespace'::stbi__idct_simd': função compilada como nativa:
  	Encontrado um intrínseco não suportado em código gerenciado
C:\Users\salom\Dropbox\Treinamento Pavic\Programacao Paralela\Project2\include\stb_image.h(2619): warning C4793: '`anonymous namespace'::stbi__idct_simd': função compilada como nativa:
  	Encontrado um intrínseco não suportado em código gerenciado
C:\Users\salom\Dropbox\Treinamento Pavic\Programacao Paralela\Project2\include\stb_image.h(2619): warning C4793: '`anonymous namespace'::stbi__idct_simd': função compilada como nativa:
  	Encontrado um intrínseco não suportado em código gerenciado
C:\Users\salom\Dropbox\Treinamento Pavic\Programacao Paralela\Project2\include\stb_image.h(2619): warning C4793: '`anonymous namespace'::stbi__idct_simd': função compilada como nativa:
  	Encontrado um intrínseco não suportado em código gerenciado
C:\Users\salom\Dropbox\Treinamento Pavic\Programacao Paralela\Project2\include\stb_image.h(2619): warning C4793: '`anonymous namespace'::stbi__idct_simd': função compilada como nativa:
  	Encontrado um intrínseco não suportado em código gerenciado
C:\Users\salom\Dropbox\Treinamento Pavic\Programacao Paralela\Project2\include\stb_image.h(2619): warning C4793: '`anonymous namespace'::stbi__idct_simd': função compilada como nativa:
  	Encontrado um intrínseco não suportado em código gerenciado
C:\Users\salom\Dropbox\Treinamento Pavic\Programacao Paralela\Project2\include\stb_image.h(2619): warning C4793: '`anonymous namespace'::stbi__idct_simd': função compilada como nativa:
  	Encontrado um intrínseco não suportado em código gerenciado
C:\Users\salom\Dropbox\Treinamento Pavic\Programacao Paralela\Project2\include\stb_image.h(2619): warning C4793: '`anonymous namespace'::stbi__idct_simd': função compilada como nativa:
  	Encontrado um intrínseco não suportado em código gerenciado
C:\Users\salom\Dropbox\Treinamento Pavic\Programacao Paralela\Project2\include\stb_image.h(2619): warning C4793: '`anonymous namespace'::stbi__idct_simd': função compilada como nativa:
  	Encontrado um intrínseco não suportado em código gerenciado
C:\Users\salom\Dropbox\Treinamento Pavic\Programacao Paralela\Project2\include\stb_image.h(2619): warning C4793: '`anonymous namespace'::stbi__idct_simd': função compilada como nativa:
  	Encontrado um intrínseco não suportado em código gerenciado
C:\Users\salom\Dropbox\Treinamento Pavic\Programacao Paralela\Project2\include\stb_image.h(2619): warning C4793: '`anonymous namespace'::stbi__idct_simd': função compilada como nativa:
  	Encontrado um intrínseco não suportado em código gerenciado
C:\Users\salom\Dropbox\Treinamento Pavic\Programacao Paralela\Project2\include\stb_image.h(2619): warning C4793: '`anonymous namespace'::stbi__idct_simd': função compilada como nativa:
  	Encontrado um intrínseco não suportado em código gerenciado
C:\Users\salom\Dropbox\Treinamento Pavic\Programacao Paralela\Project2\include\stb_image.h(2619): warning C4793: '`anonymous namespace'::stbi__idct_simd': função compilada como nativa:
  	Encontrado um intrínseco não suportado em código gerenciado
C:\Users\salom\Dropbox\Treinamento Pavic\Programacao Paralela\Project2\include\stb_image.h(2619): warning C4793: '`anonymous namespace'::stbi__idct_simd': função compilada como nativa:
  	Encontrado um intrínseco não suportado em código gerenciado
C:\Users\salom\Dropbox\Treinamento Pavic\Programacao Paralela\Project2\include\stb_image.h(2619): warning C4793: '`anonymous namespace'::stbi__idct_simd': função compilada como nativa:
  	Encontrado um intrínseco não suportado em código gerenciado
C:\Users\salom\Dropbox\Treinamento Pavic\Programacao Paralela\Project2\include\stb_image.h(2619): warning C4793: '`anonymous namespace'::stbi__idct_simd': função compilada como nativa:
  	Encontrado um intrínseco não suportado em código gerenciado
C:\Users\salom\Dropbox\Treinamento Pavic\Programacao Paralela\Project2\include\stb_image.h(2619): warning C4793: '`anonymous namespace'::stbi__idct_simd': função compilada como nativa:
  	Encontrado um intrínseco não suportado em código gerenciado
C:\Users\salom\Dropbox\Treinamento Pavic\Programacao Paralela\Project2\include\stb_image.h(2619): warning C4793: '`anonymous namespace'::stbi__idct_simd': função compilada como nativa:
  	Encontrado um intrínseco não suportado em código gerenciado
C:\Users\salom\Dropbox\Treinamento Pavic\Programacao Paralela\Project2\include\stb_image.h(2619): warning C4793: '`anonymous namespace'::stbi__idct_simd': função compilada como nativa:
  	Encontrado um intrínseco não suportado em código gerenciado
C:\Users\salom\Dropbox\Treinamento Pavic\Programacao Paralela\Project2\include\stb_image.h(2619): warning C4793: '`anonymous namespace'::stbi__idct_simd': função compilada como nativa:
  	Encontrado um intrínseco não suportado em código gerenciado
C:\Users\salom\Dropbox\Treinamento Pavic\Programacao Paralela\Project2\include\stb_image.h(2619): warning C4793: '`anonymous namespace'::stbi__idct_simd': função compilada como nativa:
  	Encontrado um intrínseco não suportado em código gerenciado
C:\Users\salom\Dropbox\Treinamento Pavic\Programacao Paralela\Project2\include\stb_image.h(2619): warning C4793: '`anonymous namespace'::stbi__idct_simd': função compilada como nativa:
  	Encontrado um intrínseco não suportado em código gerenciado
C:\Users\salom\Dropbox\Treinamento Pavic\Programacao Paralela\Project2\include\stb_image.h(2619): warning C4793: '`anonymous namespace'::stbi__idct_simd': função compilada como nativa:
  	Encontrado um intrínseco não suportado em código gerenciado
C:\Users\salom\Dropbox\Treinamento Pavic\Programacao Paralela\Project2\include\stb_image.h(2619): warning C4793: '`anonymous namespace'::stbi__idct_simd': função compilada como nativa:
  	Encontrado um intrínseco não suportado em código gerenciado
C:\Users\salom\Dropbox\Treinamento Pavic\Programacao Paralela\Project2\include\stb_image.h(2619): warning C4793: '`anonymous namespace'::stbi__idct_simd': função compilada como nativa:
  	Encontrado um intrínseco não suportado em código gerenciado
C:\Users\salom\Dropbox\Treinamento Pavic\Programacao Paralela\Project2\include\stb_image.h(2619): warning C4793: '`anonymous namespace'::stbi__idct_simd': função compilada como nativa:
  	Encontrado um intrínseco não suportado em código gerenciado
C:\Users\salom\Dropbox\Treinamento Pavic\Programacao Paralela\Project2\include\stb_image.h(2619): warning C4793: '`anonymous namespace'::stbi__idct_simd': função compilada como nativa:
  	Encontrado um intrínseco não suportado em código gerenciado
C:\Users\salom\Dropbox\Treinamento Pavic\Programacao Paralela\Project2\include\stb_image.h(2619): warning C4793: '`anonymous namespace'::stbi__idct_simd': função compilada como nativa:
  	Encontrado um intrínseco não suportado em código gerenciado
C:\Users\salom\Dropbox\Treinamento Pavic\Programacao Paralela\Project2\include\stb_image.h(2619): warning C4793: '`anonymous namespace'::stbi__idct_simd': função compilada como nativa:
  	Encontrado um intrínseco não suportado em código gerenciado
C:\Users\salom\Dropbox\Treinamento Pavic\Programacao Paralela\Project2\include\stb_image.h(2619): warning C4793: '`anonymous namespace'::stbi__idct_simd': função compilada como nativa:
  	Encontrado um intrínseco não suportado em código gerenciado
C:\Users\salom\Dropbox\Treinamento Pavic\Programacao Paralela\Project2\include\stb_image.h(2619): warning C4793: '`anonymous namespace'::stbi__idct_simd': função compilada como nativa:
  	Encontrado um intrínseco não suportado em código gerenciado
C:\Users\salom\Dropbox\Treinamento Pavic\Programacao Paralela\Project2\include\stb_image.h(2619): warning C4793: '`anonymous namespace'::stbi__idct_simd': função compilada como nativa:
  	Encontrado um intrínseco não suportado em código gerenciado
C:\Users\salom\Dropbox\Treinamento Pavic\Programacao Paralela\Project2\include\stb_image.h(2619): warning C4793: '`anonymous namespace'::stbi__idct_simd': função compilada como nativa:
  	Encontrado um intrínseco não suportado em código gerenciado
C:\Users\salom\Dropbox\Treinamento Pavic\Programacao Paralela\Project2\include\stb_image.h(2619): warning C4793: '`anonymous namespace'::stbi__idct_simd': função compilada como nativa:
  	Encontrado um intrínseco não suportado em código gerenciado
C:\Users\salom\Dropbox\Treinamento Pavic\Programacao Paralela\Project2\include\stb_image.h(2619): warning C4793: '`anonymous namespace'::stbi__idct_simd': função compilada como nativa:
  	Encontrado um intrínseco não suportado em código gerenciado
C:\Users\salom\Dropbox\Treinamento Pavic\Programacao Paralela\Project2\include\stb_image.h(2619): warning C4793: '`anonymous namespace'::stbi__idct_simd': função compilada como nativa:
  	Encontrado um intrínseco não suportado em código gerenciado
C:\Users\salom\Dropbox\Treinamento Pavic\Programacao Paralela\Project2\include\stb_image.h(2619): warning C4793: '`anonymous namespace'::stbi__idct_simd': função compilada como nativa:
  	Encontrado um intrínseco não suportado em código gerenciado
C:\Users\salom\Dropbox\Treinamento Pavic\Programacao Paralela\Project2\include\stb_image.h(2619): warning C4793: '`anonymous namespace'::stbi__idct_simd': função compilada como nativa:
  	Encontrado um intrínseco não suportado em código gerenciado
C:\Users\salom\Dropbox\Treinamento Pavic\Programacao Paralela\Project2\include\stb_image.h(2619): warning C4793: '`anonymous namespace'::stbi__idct_simd': função compilada como nativa:
  	Encontrado um intrínseco não suportado em código gerenciado
C:\Users\salom\Dropbox\Treinamento Pavic\Programacao Paralela\Project2\include\stb_image.h(2619): warning C4793: '`anonymous namespace'::stbi__idct_simd': função compilada como nativa:
  	Encontrado um intrínseco não suportado em código gerenciado
C:\Users\salom\Dropbox\Treinamento Pavic\Programacao Paralela\Project2\include\stb_image.h(2623): warning C4793: '`anonymous namespace'::stbi__idct_simd': função compilada como nativa:
  	Encontrado um intrínseco não suportado em código gerenciado
C:\Users\salom\Dropbox\Treinamento Pavic\Programacao Paralela\Project2\include\stb_image.h(2623): warning C4793: '`anonymous namespace'::stbi__idct_simd': função compilada como nativa:
  	Encontrado um intrínseco não suportado em código gerenciado
C:\Users\salom\Dropbox\Treinamento Pavic\Programacao Paralela\Project2\include\stb_image.h(2624): warning C4793: '`anonymous namespace'::stbi__idct_simd': função compilada como nativa:
  	Encontrado um intrínseco não suportado em código gerenciado
C:\Users\salom\Dropbox\Treinamento Pavic\Programacao Paralela\Project2\include\stb_image.h(2624): warning C4793: '`anonymous namespace'::stbi__idct_simd': função compilada como nativa:
  	Encontrado um intrínseco não suportado em código gerenciado
C:\Users\salom\Dropbox\Treinamento Pavic\Programacao Paralela\Project2\include\stb_image.h(2625): warning C4793: '`anonymous namespace'::stbi__idct_simd': função compilada como nativa:
  	Encontrado um intrínseco não suportado em código gerenciado
C:\Users\salom\Dropbox\Treinamento Pavic\Programacao Paralela\Project2\include\stb_image.h(2625): warning C4793: '`anonymous namespace'::stbi__idct_simd': função compilada como nativa:
  	Encontrado um intrínseco não suportado em código gerenciado
C:\Users\salom\Dropbox\Treinamento Pavic\Programacao Paralela\Project2\include\stb_image.h(2626): warning C4793: '`anonymous namespace'::stbi__idct_simd': função compilada como nativa:
  	Encontrado um intrínseco não suportado em código gerenciado
C:\Users\salom\Dropbox\Treinamento Pavic\Programacao Paralela\Project2\include\stb_image.h(2626): warning C4793: '`anonymous namespace'::stbi__idct_simd': função compilada como nativa:
  	Encontrado um intrínseco não suportado em código gerenciado
C:\Users\salom\Dropbox\Treinamento Pavic\Programacao Paralela\Project2\include\stb_image.h(2629): warning C4793: '`anonymous namespace'::stbi__idct_simd': função compilada como nativa:
  	Encontrado um intrínseco não suportado em código gerenciado
C:\Users\salom\Dropbox\Treinamento Pavic\Programacao Paralela\Project2\include\stb_image.h(2629): warning C4793: '`anonymous namespace'::stbi__idct_simd': função compilada como nativa:
  	Encontrado um intrínseco não suportado em código gerenciado
C:\Users\salom\Dropbox\Treinamento Pavic\Programacao Paralela\Project2\include\stb_image.h(2630): warning C4793: '`anonymous namespace'::stbi__idct_simd': função compilada como nativa:
  	Encontrado um intrínseco não suportado em código gerenciado
C:\Users\salom\Dropbox\Treinamento Pavic\Programacao Paralela\Project2\include\stb_image.h(2630): warning C4793: '`anonymous namespace'::stbi__idct_simd': função compilada como nativa:
  	Encontrado um intrínseco não suportado em código gerenciado
C:\Users\salom\Dropbox\Treinamento Pavic\Programacao Paralela\Project2\include\stb_image.h(2631): warning C4793: '`anonymous namespace'::stbi__idct_simd': função compilada como nativa:
  	Encontrado um intrínseco não suportado em código gerenciado
C:\Users\salom\Dropbox\Treinamento Pavic\Programacao Paralela\Project2\include\stb_image.h(2631): warning C4793: '`anonymous namespace'::stbi__idct_simd': função compilada como nativa:
  	Encontrado um intrínseco não suportado em código gerenciado
C:\Users\salom\Dropbox\Treinamento Pavic\Programacao Paralela\Project2\include\stb_image.h(2632): warning C4793: '`anonymous namespace'::stbi__idct_simd': função compilada como nativa:
  	Encontrado um intrínseco não suportado em código gerenciado
C:\Users\salom\Dropbox\Treinamento Pavic\Programacao Paralela\Project2\include\stb_image.h(2632): warning C4793: '`anonymous namespace'::stbi__idct_simd': função compilada como nativa:
  	Encontrado um intrínseco não suportado em código gerenciado
C:\Users\salom\Dropbox\Treinamento Pavic\Programacao Paralela\Project2\include\stb_image.h(2635): warning C4793: '`anonymous namespace'::stbi__idct_simd': função compilada como nativa:
  	Encontrado um intrínseco não suportado em código gerenciado
C:\Users\salom\Dropbox\Treinamento Pavic\Programacao Paralela\Project2\include\stb_image.h(2635): warning C4793: '`anonymous namespace'::stbi__idct_simd': função compilada como nativa:
  	Encontrado um intrínseco não suportado em código gerenciado
C:\Users\salom\Dropbox\Treinamento Pavic\Programacao Paralela\Project2\include\stb_image.h(2636): warning C4793: '`anonymous namespace'::stbi__idct_simd': função compilada como nativa:
  	Encontrado um intrínseco não suportado em código gerenciado
C:\Users\salom\Dropbox\Treinamento Pavic\Programacao Paralela\Project2\include\stb_image.h(2636): warning C4793: '`anonymous namespace'::stbi__idct_simd': função compilada como nativa:
  	Encontrado um intrínseco não suportado em código gerenciado
C:\Users\salom\Dropbox\Treinamento Pavic\Programacao Paralela\Project2\include\stb_image.h(2637): warning C4793: '`anonymous namespace'::stbi__idct_simd': função compilada como nativa:
  	Encontrado um intrínseco não suportado em código gerenciado
C:\Users\salom\Dropbox\Treinamento Pavic\Programacao Paralela\Project2\include\stb_image.h(2637): warning C4793: '`anonymous namespace'::stbi__idct_simd': função compilada como nativa:
  	Encontrado um intrínseco não suportado em código gerenciado
C:\Users\salom\Dropbox\Treinamento Pavic\Programacao Paralela\Project2\include\stb_image.h(2638): warning C4793: '`anonymous namespace'::stbi__idct_simd': função compilada como nativa:
  	Encontrado um intrínseco não suportado em código gerenciado
C:\Users\salom\Dropbox\Treinamento Pavic\Programacao Paralela\Project2\include\stb_image.h(2638): warning C4793: '`anonymous namespace'::stbi__idct_simd': função compilada como nativa:
  	Encontrado um intrínseco não suportado em código gerenciado
C:\Users\salom\Dropbox\Treinamento Pavic\Programacao Paralela\Project2\include\stb_image.h(2642): warning C4793: '`anonymous namespace'::stbi__idct_simd': função compilada como nativa:
  	Encontrado um intrínseco não suportado em código gerenciado
C:\Users\salom\Dropbox\Treinamento Pavic\Programacao Paralela\Project2\include\stb_image.h(2642): warning C4793: '`anonymous namespace'::stbi__idct_simd': função compilada como nativa:
  	Encontrado um intrínseco não suportado em código gerenciado
C:\Users\salom\Dropbox\Treinamento Pavic\Programacao Paralela\Project2\include\stb_image.h(2642): warning C4793: '`anonymous namespace'::stbi__idct_simd': função compilada como nativa:
  	Encontrado um intrínseco não suportado em código gerenciado
C:\Users\salom\Dropbox\Treinamento Pavic\Programacao Paralela\Project2\include\stb_image.h(2642): warning C4793: '`anonymous namespace'::stbi__idct_simd': função compilada como nativa:
  	Encontrado um intrínseco não suportado em código gerenciado
C:\Users\salom\Dropbox\Treinamento Pavic\Programacao Paralela\Project2\include\stb_image.h(2642): warning C4793: '`anonymous namespace'::stbi__idct_simd': função compilada como nativa:
  	Encontrado um intrínseco não suportado em código gerenciado
C:\Users\salom\Dropbox\Treinamento Pavic\Programacao Paralela\Project2\include\stb_image.h(2642): warning C4793: '`anonymous namespace'::stbi__idct_simd': função compilada como nativa:
  	Encontrado um intrínseco não suportado em código gerenciado
C:\Users\salom\Dropbox\Treinamento Pavic\Programacao Paralela\Project2\include\stb_image.h(2642): warning C4793: '`anonymous namespace'::stbi__idct_simd': função compilada como nativa:
  	Encontrado um intrínseco não suportado em código gerenciado
C:\Users\salom\Dropbox\Treinamento Pavic\Programacao Paralela\Project2\include\stb_image.h(2642): warning C4793: '`anonymous namespace'::stbi__idct_simd': função compilada como nativa:
  	Encontrado um intrínseco não suportado em código gerenciado
C:\Users\salom\Dropbox\Treinamento Pavic\Programacao Paralela\Project2\include\stb_image.h(2642): warning C4793: '`anonymous namespace'::stbi__idct_simd': função compilada como nativa:
  	Encontrado um intrínseco não suportado em código gerenciado
C:\Users\salom\Dropbox\Treinamento Pavic\Programacao Paralela\Project2\include\stb_image.h(2642): warning C4793: '`anonymous namespace'::stbi__idct_simd': função compilada como nativa:
  	Encontrado um intrínseco não suportado em código gerenciado
C:\Users\salom\Dropbox\Treinamento Pavic\Programacao Paralela\Project2\include\stb_image.h(2642): warning C4793: '`anonymous namespace'::stbi__idct_simd': função compilada como nativa:
  	Encontrado um intrínseco não suportado em código gerenciado
C:\Users\salom\Dropbox\Treinamento Pavic\Programacao Paralela\Project2\include\stb_image.h(2642): warning C4793: '`anonymous namespace'::stbi__idct_simd': função compilada como nativa:
  	Encontrado um intrínseco não suportado em código gerenciado
C:\Users\salom\Dropbox\Treinamento Pavic\Programacao Paralela\Project2\include\stb_image.h(2642): warning C4793: '`anonymous namespace'::stbi__idct_simd': função compilada como nativa:
  	Encontrado um intrínseco não suportado em código gerenciado
C:\Users\salom\Dropbox\Treinamento Pavic\Programacao Paralela\Project2\include\stb_image.h(2642): warning C4793: '`anonymous namespace'::stbi__idct_simd': função compilada como nativa:
  	Encontrado um intrínseco não suportado em código gerenciado
C:\Users\salom\Dropbox\Treinamento Pavic\Programacao Paralela\Project2\include\stb_image.h(2642): warning C4793: '`anonymous namespace'::stbi__idct_simd': função compilada como nativa:
  	Encontrado um intrínseco não suportado em código gerenciado
C:\Users\salom\Dropbox\Treinamento Pavic\Programacao Paralela\Project2\include\stb_image.h(2642): warning C4793: '`anonymous namespace'::stbi__idct_simd': função compilada como nativa:
  	Encontrado um intrínseco não suportado em código gerenciado
C:\Users\salom\Dropbox\Treinamento Pavic\Programacao Paralela\Project2\include\stb_image.h(2642): warning C4793: '`anonymous namespace'::stbi__idct_simd': função compilada como nativa:
  	Encontrado um intrínseco não suportado em código gerenciado
C:\Users\salom\Dropbox\Treinamento Pavic\Programacao Paralela\Project2\include\stb_image.h(2642): warning C4793: '`anonymous namespace'::stbi__idct_simd': função compilada como nativa:
  	Encontrado um intrínseco não suportado em código gerenciado
C:\Users\salom\Dropbox\Treinamento Pavic\Programacao Paralela\Project2\include\stb_image.h(2642): warning C4793: '`anonymous namespace'::stbi__idct_simd': função compilada como nativa:
  	Encontrado um intrínseco não suportado em código gerenciado
C:\Users\salom\Dropbox\Treinamento Pavic\Programacao Paralela\Project2\include\stb_image.h(2642): warning C4793: '`anonymous namespace'::stbi__idct_simd': função compilada como nativa:
  	Encontrado um intrínseco não suportado em código gerenciado
C:\Users\salom\Dropbox\Treinamento Pavic\Programacao Paralela\Project2\include\stb_image.h(2642): warning C4793: '`anonymous namespace'::stbi__idct_simd': função compilada como nativa:
  	Encontrado um intrínseco não suportado em código gerenciado
C:\Users\salom\Dropbox\Treinamento Pavic\Programacao Paralela\Project2\include\stb_image.h(2642): warning C4793: '`anonymous namespace'::stbi__idct_simd': função compilada como nativa:
  	Encontrado um intrínseco não suportado em código gerenciado
C:\Users\salom\Dropbox\Treinamento Pavic\Programacao Paralela\Project2\include\stb_image.h(2642): warning C4793: '`anonymous namespace'::stbi__idct_simd': função compilada como nativa:
  	Encontrado um intrínseco não suportado em código gerenciado
C:\Users\salom\Dropbox\Treinamento Pavic\Programacao Paralela\Project2\include\stb_image.h(2642): warning C4793: '`anonymous namespace'::stbi__idct_simd': função compilada como nativa:
  	Encontrado um intrínseco não suportado em código gerenciado
C:\Users\salom\Dropbox\Treinamento Pavic\Programacao Paralela\Project2\include\stb_image.h(2642): warning C4793: '`anonymous namespace'::stbi__idct_simd': função compilada como nativa:
  	Encontrado um intrínseco não suportado em código gerenciado
C:\Users\salom\Dropbox\Treinamento Pavic\Programacao Paralela\Project2\include\stb_image.h(2642): warning C4793: '`anonymous namespace'::stbi__idct_simd': função compilada como nativa:
  	Encontrado um intrínseco não suportado em código gerenciado
C:\Users\salom\Dropbox\Treinamento Pavic\Programacao Paralela\Project2\include\stb_image.h(2642): warning C4793: '`anonymous namespace'::stbi__idct_simd': função compilada como nativa:
  	Encontrado um intrínseco não suportado em código gerenciado
C:\Users\salom\Dropbox\Treinamento Pavic\Programacao Paralela\Project2\include\stb_image.h(2642): warning C4793: '`anonymous namespace'::stbi__idct_simd': função compilada como nativa:
  	Encontrado um intrínseco não suportado em código gerenciado
C:\Users\salom\Dropbox\Treinamento Pavic\Programacao Paralela\Project2\include\stb_image.h(2642): warning C4793: '`anonymous namespace'::stbi__idct_simd': função compilada como nativa:
  	Encontrado um intrínseco não suportado em código gerenciado
C:\Users\salom\Dropbox\Treinamento Pavic\Programacao Paralela\Project2\include\stb_image.h(2642): warning C4793: '`anonymous namespace'::stbi__idct_simd': função compilada como nativa:
  	Encontrado um intrínseco não suportado em código gerenciado
C:\Users\salom\Dropbox\Treinamento Pavic\Programacao Paralela\Project2\include\stb_image.h(2642): warning C4793: '`anonymous namespace'::stbi__idct_simd': função compilada como nativa:
  	Encontrado um intrínseco não suportado em código gerenciado
C:\Users\salom\Dropbox\Treinamento Pavic\Programacao Paralela\Project2\include\stb_image.h(2642): warning C4793: '`anonymous namespace'::stbi__idct_simd': função compilada como nativa:
  	Encontrado um intrínseco não suportado em código gerenciado
C:\Users\salom\Dropbox\Treinamento Pavic\Programacao Paralela\Project2\include\stb_image.h(2642): warning C4793: '`anonymous namespace'::stbi__idct_simd': função compilada como nativa:
  	Encontrado um intrínseco não suportado em código gerenciado
C:\Users\salom\Dropbox\Treinamento Pavic\Programacao Paralela\Project2\include\stb_image.h(2642): warning C4793: '`anonymous namespace'::stbi__idct_simd': função compilada como nativa:
  	Encontrado um intrínseco não suportado em código gerenciado
C:\Users\salom\Dropbox\Treinamento Pavic\Programacao Paralela\Project2\include\stb_image.h(2642): warning C4793: '`anonymous namespace'::stbi__idct_simd': função compilada como nativa:
  	Encontrado um intrínseco não suportado em código gerenciado
C:\Users\salom\Dropbox\Treinamento Pavic\Programacao Paralela\Project2\include\stb_image.h(2642): warning C4793: '`anonymous namespace'::stbi__idct_simd': função compilada como nativa:
  	Encontrado um intrínseco não suportado em código gerenciado
C:\Users\salom\Dropbox\Treinamento Pavic\Programacao Paralela\Project2\include\stb_image.h(2642): warning C4793: '`anonymous namespace'::stbi__idct_simd': função compilada como nativa:
  	Encontrado um intrínseco não suportado em código gerenciado
C:\Users\salom\Dropbox\Treinamento Pavic\Programacao Paralela\Project2\include\stb_image.h(2642): warning C4793: '`anonymous namespace'::stbi__idct_simd': função compilada como nativa:
  	Encontrado um intrínseco não suportado em código gerenciado
C:\Users\salom\Dropbox\Treinamento Pavic\Programacao Paralela\Project2\include\stb_image.h(2642): warning C4793: '`anonymous namespace'::stbi__idct_simd': função compilada como nativa:
  	Encontrado um intrínseco não suportado em código gerenciado
C:\Users\salom\Dropbox\Treinamento Pavic\Programacao Paralela\Project2\include\stb_image.h(2642): warning C4793: '`anonymous namespace'::stbi__idct_simd': função compilada como nativa:
  	Encontrado um intrínseco não suportado em código gerenciado
C:\Users\salom\Dropbox\Treinamento Pavic\Programacao Paralela\Project2\include\stb_image.h(2642): warning C4793: '`anonymous namespace'::stbi__idct_simd': função compilada como nativa:
  	Encontrado um intrínseco não suportado em código gerenciado
C:\Users\salom\Dropbox\Treinamento Pavic\Programacao Paralela\Project2\include\stb_image.h(2642): warning C4793: '`anonymous namespace'::stbi__idct_simd': função compilada como nativa:
  	Encontrado um intrínseco não suportado em código gerenciado
C:\Users\salom\Dropbox\Treinamento Pavic\Programacao Paralela\Project2\include\stb_image.h(2642): warning C4793: '`anonymous namespace'::stbi__idct_simd': função compilada como nativa:
  	Encontrado um intrínseco não suportado em código gerenciado
C:\Users\salom\Dropbox\Treinamento Pavic\Programacao Paralela\Project2\include\stb_image.h(2642): warning C4793: '`anonymous namespace'::stbi__idct_simd': função compilada como nativa:
  	Encontrado um intrínseco não suportado em código gerenciado
C:\Users\salom\Dropbox\Treinamento Pavic\Programacao Paralela\Project2\include\stb_image.h(2642): warning C4793: '`anonymous namespace'::stbi__idct_simd': função compilada como nativa:
  	Encontrado um intrínseco não suportado em código gerenciado
C:\Users\salom\Dropbox\Treinamento Pavic\Programacao Paralela\Project2\include\stb_image.h(2642): warning C4793: '`anonymous namespace'::stbi__idct_simd': função compilada como nativa:
  	Encontrado um intrínseco não suportado em código gerenciado
C:\Users\salom\Dropbox\Treinamento Pavic\Programacao Paralela\Project2\include\stb_image.h(2642): warning C4793: '`anonymous namespace'::stbi__idct_simd': função compilada como nativa:
  	Encontrado um intrínseco não suportado em código gerenciado
C:\Users\salom\Dropbox\Treinamento Pavic\Programacao Paralela\Project2\include\stb_image.h(2642): warning C4793: '`anonymous namespace'::stbi__idct_simd': função compilada como nativa:
  	Encontrado um intrínseco não suportado em código gerenciado
C:\Users\salom\Dropbox\Treinamento Pavic\Programacao Paralela\Project2\include\stb_image.h(2642): warning C4793: '`anonymous namespace'::stbi__idct_simd': função compilada como nativa:
  	Encontrado um intrínseco não suportado em código gerenciado
C:\Users\salom\Dropbox\Treinamento Pavic\Programacao Paralela\Project2\include\stb_image.h(2642): warning C4793: '`anonymous namespace'::stbi__idct_simd': função compilada como nativa:
  	Encontrado um intrínseco não suportado em código gerenciado
C:\Users\salom\Dropbox\Treinamento Pavic\Programacao Paralela\Project2\include\stb_image.h(2642): warning C4793: '`anonymous namespace'::stbi__idct_simd': função compilada como nativa:
  	Encontrado um intrínseco não suportado em código gerenciado
C:\Users\salom\Dropbox\Treinamento Pavic\Programacao Paralela\Project2\include\stb_image.h(2642): warning C4793: '`anonymous namespace'::stbi__idct_simd': função compilada como nativa:
  	Encontrado um intrínseco não suportado em código gerenciado
C:\Users\salom\Dropbox\Treinamento Pavic\Programacao Paralela\Project2\include\stb_image.h(2642): warning C4793: '`anonymous namespace'::stbi__idct_simd': função compilada como nativa:
  	Encontrado um intrínseco não suportado em código gerenciado
C:\Users\salom\Dropbox\Treinamento Pavic\Programacao Paralela\Project2\include\stb_image.h(2642): warning C4793: '`anonymous namespace'::stbi__idct_simd': função compilada como nativa:
  	Encontrado um intrínseco não suportado em código gerenciado
C:\Users\salom\Dropbox\Treinamento Pavic\Programacao Paralela\Project2\include\stb_image.h(2642): warning C4793: '`anonymous namespace'::stbi__idct_simd': função compilada como nativa:
  	Encontrado um intrínseco não suportado em código gerenciado
C:\Users\salom\Dropbox\Treinamento Pavic\Programacao Paralela\Project2\include\stb_image.h(2642): warning C4793: '`anonymous namespace'::stbi__idct_simd': função compilada como nativa:
  	Encontrado um intrínseco não suportado em código gerenciado
C:\Users\salom\Dropbox\Treinamento Pavic\Programacao Paralela\Project2\include\stb_image.h(2642): warning C4793: '`anonymous namespace'::stbi__idct_simd': função compilada como nativa:
  	Encontrado um intrínseco não suportado em código gerenciado
C:\Users\salom\Dropbox\Treinamento Pavic\Programacao Paralela\Project2\include\stb_image.h(2642): warning C4793: '`anonymous namespace'::stbi__idct_simd': função compilada como nativa:
  	Encontrado um intrínseco não suportado em código gerenciado
C:\Users\salom\Dropbox\Treinamento Pavic\Programacao Paralela\Project2\include\stb_image.h(2642): warning C4793: '`anonymous namespace'::stbi__idct_simd': função compilada como nativa:
  	Encontrado um intrínseco não suportado em código gerenciado
C:\Users\salom\Dropbox\Treinamento Pavic\Programacao Paralela\Project2\include\stb_image.h(2642): warning C4793: '`anonymous namespace'::stbi__idct_simd': função compilada como nativa:
  	Encontrado um intrínseco não suportado em código gerenciado
C:\Users\salom\Dropbox\Treinamento Pavic\Programacao Paralela\Project2\include\stb_image.h(2642): warning C4793: '`anonymous namespace'::stbi__idct_simd': função compilada como nativa:
  	Encontrado um intrínseco não suportado em código gerenciado
C:\Users\salom\Dropbox\Treinamento Pavic\Programacao Paralela\Project2\include\stb_image.h(2642): warning C4793: '`anonymous namespace'::stbi__idct_simd': função compilada como nativa:
  	Encontrado um intrínseco não suportado em código gerenciado
C:\Users\salom\Dropbox\Treinamento Pavic\Programacao Paralela\Project2\include\stb_image.h(2642): warning C4793: '`anonymous namespace'::stbi__idct_simd': função compilada como nativa:
  	Encontrado um intrínseco não suportado em código gerenciado
C:\Users\salom\Dropbox\Treinamento Pavic\Programacao Paralela\Project2\include\stb_image.h(2642): warning C4793: '`anonymous namespace'::stbi__idct_simd': função compilada como nativa:
  	Encontrado um intrínseco não suportado em código gerenciado
C:\Users\salom\Dropbox\Treinamento Pavic\Programacao Paralela\Project2\include\stb_image.h(2642): warning C4793: '`anonymous namespace'::stbi__idct_simd': função compilada como nativa:
  	Encontrado um intrínseco não suportado em código gerenciado
C:\Users\salom\Dropbox\Treinamento Pavic\Programacao Paralela\Project2\include\stb_image.h(2642): warning C4793: '`anonymous namespace'::stbi__idct_simd': função compilada como nativa:
  	Encontrado um intrínseco não suportado em código gerenciado
C:\Users\salom\Dropbox\Treinamento Pavic\Programacao Paralela\Project2\include\stb_image.h(2642): warning C4793: '`anonymous namespace'::stbi__idct_simd': função compilada como nativa:
  	Encontrado um intrínseco não suportado em código gerenciado
C:\Users\salom\Dropbox\Treinamento Pavic\Programacao Paralela\Project2\include\stb_image.h(2642): warning C4793: '`anonymous namespace'::stbi__idct_simd': função compilada como nativa:
  	Encontrado um intrínseco não suportado em código gerenciado
C:\Users\salom\Dropbox\Treinamento Pavic\Programacao Paralela\Project2\include\stb_image.h(2642): warning C4793: '`anonymous namespace'::stbi__idct_simd': função compilada como nativa:
  	Encontrado um intrínseco não suportado em código gerenciado
C:\Users\salom\Dropbox\Treinamento Pavic\Programacao Paralela\Project2\include\stb_image.h(2642): warning C4793: '`anonymous namespace'::stbi__idct_simd': função compilada como nativa:
  	Encontrado um intrínseco não suportado em código gerenciado
C:\Users\salom\Dropbox\Treinamento Pavic\Programacao Paralela\Project2\include\stb_image.h(2642): warning C4793: '`anonymous namespace'::stbi__idct_simd': função compilada como nativa:
  	Encontrado um intrínseco não suportado em código gerenciado
C:\Users\salom\Dropbox\Treinamento Pavic\Programacao Paralela\Project2\include\stb_image.h(2642): warning C4793: '`anonymous namespace'::stbi__idct_simd': função compilada como nativa:
  	Encontrado um intrínseco não suportado em código gerenciado
C:\Users\salom\Dropbox\Treinamento Pavic\Programacao Paralela\Project2\include\stb_image.h(2642): warning C4793: '`anonymous namespace'::stbi__idct_simd': função compilada como nativa:
  	Encontrado um intrínseco não suportado em código gerenciado
C:\Users\salom\Dropbox\Treinamento Pavic\Programacao Paralela\Project2\include\stb_image.h(2642): warning C4793: '`anonymous namespace'::stbi__idct_simd': função compilada como nativa:
  	Encontrado um intrínseco não suportado em código gerenciado
C:\Users\salom\Dropbox\Treinamento Pavic\Programacao Paralela\Project2\include\stb_image.h(2642): warning C4793: '`anonymous namespace'::stbi__idct_simd': função compilada como nativa:
  	Encontrado um intrínseco não suportado em código gerenciado
C:\Users\salom\Dropbox\Treinamento Pavic\Programacao Paralela\Project2\include\stb_image.h(2642): warning C4793: '`anonymous namespace'::stbi__idct_simd': função compilada como nativa:
  	Encontrado um intrínseco não suportado em código gerenciado
C:\Users\salom\Dropbox\Treinamento Pavic\Programacao Paralela\Project2\include\stb_image.h(2642): warning C4793: '`anonymous namespace'::stbi__idct_simd': função compilada como nativa:
  	Encontrado um intrínseco não suportado em código gerenciado
C:\Users\salom\Dropbox\Treinamento Pavic\Programacao Paralela\Project2\include\stb_image.h(2642): warning C4793: '`anonymous namespace'::stbi__idct_simd': função compilada como nativa:
  	Encontrado um intrínseco não suportado em código gerenciado
C:\Users\salom\Dropbox\Treinamento Pavic\Programacao Paralela\Project2\include\stb_image.h(2642): warning C4793: '`anonymous namespace'::stbi__idct_simd': função compilada como nativa:
  	Encontrado um intrínseco não suportado em código gerenciado
C:\Users\salom\Dropbox\Treinamento Pavic\Programacao Paralela\Project2\include\stb_image.h(2642): warning C4793: '`anonymous namespace'::stbi__idct_simd': função compilada como nativa:
  	Encontrado um intrínseco não suportado em código gerenciado
C:\Users\salom\Dropbox\Treinamento Pavic\Programacao Paralela\Project2\include\stb_image.h(2642): warning C4793: '`anonymous namespace'::stbi__idct_simd': função compilada como nativa:
  	Encontrado um intrínseco não suportado em código gerenciado
C:\Users\salom\Dropbox\Treinamento Pavic\Programacao Paralela\Project2\include\stb_image.h(2642): warning C4793: '`anonymous namespace'::stbi__idct_simd': função compilada como nativa:
  	Encontrado um intrínseco não suportado em código gerenciado
C:\Users\salom\Dropbox\Treinamento Pavic\Programacao Paralela\Project2\include\stb_image.h(2642): warning C4793: '`anonymous namespace'::stbi__idct_simd': função compilada como nativa:
  	Encontrado um intrínseco não suportado em código gerenciado
C:\Users\salom\Dropbox\Treinamento Pavic\Programacao Paralela\Project2\include\stb_image.h(2642): warning C4793: '`anonymous namespace'::stbi__idct_simd': função compilada como nativa:
  	Encontrado um intrínseco não suportado em código gerenciado
C:\Users\salom\Dropbox\Treinamento Pavic\Programacao Paralela\Project2\include\stb_image.h(2642): warning C4793: '`anonymous namespace'::stbi__idct_simd': função compilada como nativa:
  	Encontrado um intrínseco não suportado em código gerenciado
C:\Users\salom\Dropbox\Treinamento Pavic\Programacao Paralela\Project2\include\stb_image.h(2642): warning C4793: '`anonymous namespace'::stbi__idct_simd': função compilada como nativa:
  	Encontrado um intrínseco não suportado em código gerenciado
C:\Users\salom\Dropbox\Treinamento Pavic\Programacao Paralela\Project2\include\stb_image.h(2642): warning C4793: '`anonymous namespace'::stbi__idct_simd': função compilada como nativa:
  	Encontrado um intrínseco não suportado em código gerenciado
C:\Users\salom\Dropbox\Treinamento Pavic\Programacao Paralela\Project2\include\stb_image.h(2642): warning C4793: '`anonymous namespace'::stbi__idct_simd': função compilada como nativa:
  	Encontrado um intrínseco não suportado em código gerenciado
C:\Users\salom\Dropbox\Treinamento Pavic\Programacao Paralela\Project2\include\stb_image.h(2642): warning C4793: '`anonymous namespace'::stbi__idct_simd': função compilada como nativa:
  	Encontrado um intrínseco não suportado em código gerenciado
C:\Users\salom\Dropbox\Treinamento Pavic\Programacao Paralela\Project2\include\stb_image.h(2642): warning C4793: '`anonymous namespace'::stbi__idct_simd': função compilada como nativa:
  	Encontrado um intrínseco não suportado em código gerenciado
C:\Users\salom\Dropbox\Treinamento Pavic\Programacao Paralela\Project2\include\stb_image.h(2642): warning C4793: '`anonymous namespace'::stbi__idct_simd': função compilada como nativa:
  	Encontrado um intrínseco não suportado em código gerenciado
C:\Users\salom\Dropbox\Treinamento Pavic\Programacao Paralela\Project2\include\stb_image.h(2642): warning C4793: '`anonymous namespace'::stbi__idct_simd': função compilada como nativa:
  	Encontrado um intrínseco não suportado em código gerenciado
C:\Users\salom\Dropbox\Treinamento Pavic\Programacao Paralela\Project2\include\stb_image.h(2642): warning C4793: '`anonymous namespace'::stbi__idct_simd': função compilada como nativa:
  	Encontrado um intrínseco não suportado em código gerenciado
C:\Users\salom\Dropbox\Treinamento Pavic\Programacao Paralela\Project2\include\stb_image.h(2642): warning C4793: '`anonymous namespace'::stbi__idct_simd': função compilada como nativa:
  	Encontrado um intrínseco não suportado em código gerenciado
C:\Users\salom\Dropbox\Treinamento Pavic\Programacao Paralela\Project2\include\stb_image.h(2642): warning C4793: '`anonymous namespace'::stbi__idct_simd': função compilada como nativa:
  	Encontrado um intrínseco não suportado em código gerenciado
C:\Users\salom\Dropbox\Treinamento Pavic\Programacao Paralela\Project2\include\stb_image.h(2642): warning C4793: '`anonymous namespace'::stbi__idct_simd': função compilada como nativa:
  	Encontrado um intrínseco não suportado em código gerenciado
C:\Users\salom\Dropbox\Treinamento Pavic\Programacao Paralela\Project2\include\stb_image.h(2642): warning C4793: '`anonymous namespace'::stbi__idct_simd': função compilada como nativa:
  	Encontrado um intrínseco não suportado em código gerenciado
C:\Users\salom\Dropbox\Treinamento Pavic\Programacao Paralela\Project2\include\stb_image.h(2642): warning C4793: '`anonymous namespace'::stbi__idct_simd': função compilada como nativa:
  	Encontrado um intrínseco não suportado em código gerenciado
C:\Users\salom\Dropbox\Treinamento Pavic\Programacao Paralela\Project2\include\stb_image.h(2642): warning C4793: '`anonymous namespace'::stbi__idct_simd': função compilada como nativa:
  	Encontrado um intrínseco não suportado em código gerenciado
C:\Users\salom\Dropbox\Treinamento Pavic\Programacao Paralela\Project2\include\stb_image.h(2642): warning C4793: '`anonymous namespace'::stbi__idct_simd': função compilada como nativa:
  	Encontrado um intrínseco não suportado em código gerenciado
C:\Users\salom\Dropbox\Treinamento Pavic\Programacao Paralela\Project2\include\stb_image.h(2642): warning C4793: '`anonymous namespace'::stbi__idct_simd': função compilada como nativa:
  	Encontrado um intrínseco não suportado em código gerenciado
C:\Users\salom\Dropbox\Treinamento Pavic\Programacao Paralela\Project2\include\stb_image.h(2642): warning C4793: '`anonymous namespace'::stbi__idct_simd': função compilada como nativa:
  	Encontrado um intrínseco não suportado em código gerenciado
C:\Users\salom\Dropbox\Treinamento Pavic\Programacao Paralela\Project2\include\stb_image.h(2642): warning C4793: '`anonymous namespace'::stbi__idct_simd': função compilada como nativa:
  	Encontrado um intrínseco não suportado em código gerenciado
C:\Users\salom\Dropbox\Treinamento Pavic\Programacao Paralela\Project2\include\stb_image.h(2642): warning C4793: '`anonymous namespace'::stbi__idct_simd': função compilada como nativa:
  	Encontrado um intrínseco não suportado em código gerenciado
C:\Users\salom\Dropbox\Treinamento Pavic\Programacao Paralela\Project2\include\stb_image.h(2646): warning C4793: '`anonymous namespace'::stbi__idct_simd': função compilada como nativa:
  	Encontrado um intrínseco não suportado em código gerenciado
C:\Users\salom\Dropbox\Treinamento Pavic\Programacao Paralela\Project2\include\stb_image.h(2647): warning C4793: '`anonymous namespace'::stbi__idct_simd': função compilada como nativa:
  	Encontrado um intrínseco não suportado em código gerenciado
C:\Users\salom\Dropbox\Treinamento Pavic\Programacao Paralela\Project2\include\stb_image.h(2648): warning C4793: '`anonymous namespace'::stbi__idct_simd': função compilada como nativa:
  	Encontrado um intrínseco não suportado em código gerenciado
C:\Users\salom\Dropbox\Treinamento Pavic\Programacao Paralela\Project2\include\stb_image.h(2649): warning C4793: '`anonymous namespace'::stbi__idct_simd': função compilada como nativa:
  	Encontrado um intrínseco não suportado em código gerenciado
C:\Users\salom\Dropbox\Treinamento Pavic\Programacao Paralela\Project2\include\stb_image.h(2652): warning C4793: '`anonymous namespace'::stbi__idct_simd': função compilada como nativa:
  	Encontrado um intrínseco não suportado em código gerenciado
C:\Users\salom\Dropbox\Treinamento Pavic\Programacao Paralela\Project2\include\stb_image.h(2652): warning C4793: '`anonymous namespace'::stbi__idct_simd': função compilada como nativa:
  	Encontrado um intrínseco não suportado em código gerenciado
C:\Users\salom\Dropbox\Treinamento Pavic\Programacao Paralela\Project2\include\stb_image.h(2653): warning C4793: '`anonymous namespace'::stbi__idct_simd': função compilada como nativa:
  	Encontrado um intrínseco não suportado em código gerenciado
C:\Users\salom\Dropbox\Treinamento Pavic\Programacao Paralela\Project2\include\stb_image.h(2653): warning C4793: '`anonymous namespace'::stbi__idct_simd': função compilada como nativa:
  	Encontrado um intrínseco não suportado em código gerenciado
C:\Users\salom\Dropbox\Treinamento Pavic\Programacao Paralela\Project2\include\stb_image.h(2656): warning C4793: '`anonymous namespace'::stbi__idct_simd': função compilada como nativa:
  	Encontrado um intrínseco não suportado em código gerenciado
C:\Users\salom\Dropbox\Treinamento Pavic\Programacao Paralela\Project2\include\stb_image.h(2656): warning C4793: '`anonymous namespace'::stbi__idct_simd': função compilada como nativa:
  	Encontrado um intrínseco não suportado em código gerenciado
C:\Users\salom\Dropbox\Treinamento Pavic\Programacao Paralela\Project2\include\stb_image.h(2657): warning C4793: '`anonymous namespace'::stbi__idct_simd': função compilada como nativa:
  	Encontrado um intrínseco não suportado em código gerenciado
C:\Users\salom\Dropbox\Treinamento Pavic\Programacao Paralela\Project2\include\stb_image.h(2657): warning C4793: '`anonymous namespace'::stbi__idct_simd': função compilada como nativa:
  	Encontrado um intrínseco não suportado em código gerenciado
C:\Users\salom\Dropbox\Treinamento Pavic\Programacao Paralela\Project2\include\stb_image.h(2660): warning C4793: '`anonymous namespace'::stbi__idct_simd': função compilada como nativa:
  	Encontrado um intrínseco não suportado em código gerenciado
C:\Users\salom\Dropbox\Treinamento Pavic\Programacao Paralela\Project2\include\stb_image.h(2660): warning C4793: '`anonymous namespace'::stbi__idct_simd': função compilada como nativa:
  	Encontrado um intrínseco não suportado em código gerenciado
C:\Users\salom\Dropbox\Treinamento Pavic\Programacao Paralela\Project2\include\stb_image.h(2661): warning C4793: '`anonymous namespace'::stbi__idct_simd': função compilada como nativa:
  	Encontrado um intrínseco não suportado em código gerenciado
C:\Users\salom\Dropbox\Treinamento Pavic\Programacao Paralela\Project2\include\stb_image.h(2661): warning C4793: '`anonymous namespace'::stbi__idct_simd': função compilada como nativa:
  	Encontrado um intrínseco não suportado em código gerenciado
C:\Users\salom\Dropbox\Treinamento Pavic\Programacao Paralela\Project2\include\stb_image.h(2664): warning C4793: '`anonymous namespace'::stbi__idct_simd': função compilada como nativa:
  	Encontrado um intrínseco não suportado em código gerenciado
C:\Users\salom\Dropbox\Treinamento Pavic\Programacao Paralela\Project2\include\stb_image.h(2665): warning C4793: '`anonymous namespace'::stbi__idct_simd': função compilada como nativa:
  	Encontrado um intrínseco não suportado em código gerenciado
C:\Users\salom\Dropbox\Treinamento Pavic\Programacao Paralela\Project2\include\stb_image.h(2665): warning C4793: '`anonymous namespace'::stbi__idct_simd': função compilada como nativa:
  	Encontrado um intrínseco não suportado em código gerenciado
C:\Users\salom\Dropbox\Treinamento Pavic\Programacao Paralela\Project2\include\stb_image.h(2666): warning C4793: '`anonymous namespace'::stbi__idct_simd': função compilada como nativa:
  	Encontrado um intrínseco não suportado em código gerenciado
C:\Users\salom\Dropbox\Treinamento Pavic\Programacao Paralela\Project2\include\stb_image.h(2667): warning C4793: '`anonymous namespace'::stbi__idct_simd': função compilada como nativa:
  	Encontrado um intrínseco não suportado em código gerenciado
C:\Users\salom\Dropbox\Treinamento Pavic\Programacao Paralela\Project2\include\stb_image.h(2667): warning C4793: '`anonymous namespace'::stbi__idct_simd': função compilada como nativa:
  	Encontrado um intrínseco não suportado em código gerenciado
C:\Users\salom\Dropbox\Treinamento Pavic\Programacao Paralela\Project2\include\stb_image.h(2668): warning C4793: '`anonymous namespace'::stbi__idct_simd': função compilada como nativa:
  	Encontrado um intrínseco não suportado em código gerenciado
C:\Users\salom\Dropbox\Treinamento Pavic\Programacao Paralela\Project2\include\stb_image.h(2669): warning C4793: '`anonymous namespace'::stbi__idct_simd': função compilada como nativa:
  	Encontrado um intrínseco não suportado em código gerenciado
C:\Users\salom\Dropbox\Treinamento Pavic\Programacao Paralela\Project2\include\stb_image.h(2669): warning C4793: '`anonymous namespace'::stbi__idct_simd': função compilada como nativa:
  	Encontrado um intrínseco não suportado em código gerenciado
C:\Users\salom\Dropbox\Treinamento Pavic\Programacao Paralela\Project2\include\stb_image.h(2670): warning C4793: '`anonymous namespace'::stbi__idct_simd': função compilada como nativa:
  	Encontrado um intrínseco não suportado em código gerenciado
C:\Users\salom\Dropbox\Treinamento Pavic\Programacao Paralela\Project2\include\stb_image.h(2671): warning C4793: '`anonymous namespace'::stbi__idct_simd': função compilada como nativa:
  	Encontrado um intrínseco não suportado em código gerenciado
C:\Users\salom\Dropbox\Treinamento Pavic\Programacao Paralela\Project2\include\stb_image.h(2671): warning C4793: '`anonymous namespace'::stbi__idct_simd': função compilada como nativa:
  	Encontrado um intrínseco não suportado em código gerenciado
C:\Users\salom\Dropbox\Treinamento Pavic\Programacao Paralela\Project2\include\stb_image.h(3665): warning C4793: '`anonymous namespace'::stbi__YCbCr_to_RGB_simd': função compilada como nativa:
  	Encontrado um intrínseco não suportado em código gerenciado
C:\Users\salom\Dropbox\Treinamento Pavic\Programacao Paralela\Project2\include\stb_image.h(3666): warning C4793: '`anonymous namespace'::stbi__YCbCr_to_RGB_simd': função compilada como nativa:
  	Encontrado um intrínseco não suportado em código gerenciado
C:\Users\salom\Dropbox\Treinamento Pavic\Programacao Paralela\Project2\include\stb_image.h(3667): warning C4793: '`anonymous namespace'::stbi__YCbCr_to_RGB_simd': função compilada como nativa:
  	Encontrado um intrínseco não suportado em código gerenciado
C:\Users\salom\Dropbox\Treinamento Pavic\Programacao Paralela\Project2\include\stb_image.h(3668): warning C4793: '`anonymous namespace'::stbi__YCbCr_to_RGB_simd': função compilada como nativa:
  	Encontrado um intrínseco não suportado em código gerenciado
C:\Users\salom\Dropbox\Treinamento Pavic\Programacao Paralela\Project2\include\stb_image.h(3669): warning C4793: '`anonymous namespace'::stbi__YCbCr_to_RGB_simd': função compilada como nativa:
  	Encontrado um intrínseco não suportado em código gerenciado
C:\Users\salom\Dropbox\Treinamento Pavic\Programacao Paralela\Project2\include\stb_image.h(3670): warning C4793: '`anonymous namespace'::stbi__YCbCr_to_RGB_simd': função compilada como nativa:
  	Encontrado um intrínseco não suportado em código gerenciado
C:\Users\salom\Dropbox\Treinamento Pavic\Programacao Paralela\Project2\include\stb_image.h(3671): warning C4793: '`anonymous namespace'::stbi__YCbCr_to_RGB_simd': função compilada como nativa:
  	Encontrado um intrínseco não suportado em código gerenciado
C:\Users\salom\Dropbox\Treinamento Pavic\Programacao Paralela\Project2\include\stb_image.h(3675): warning C4793: '`anonymous namespace'::stbi__YCbCr_to_RGB_simd': função compilada como nativa:
  	Encontrado um intrínseco não suportado em código gerenciado
C:\Users\salom\Dropbox\Treinamento Pavic\Programacao Paralela\Project2\include\stb_image.h(3676): warning C4793: '`anonymous namespace'::stbi__YCbCr_to_RGB_simd': função compilada como nativa:
  	Encontrado um intrínseco não suportado em código gerenciado
C:\Users\salom\Dropbox\Treinamento Pavic\Programacao Paralela\Project2\include\stb_image.h(3677): warning C4793: '`anonymous namespace'::stbi__YCbCr_to_RGB_simd': função compilada como nativa:
  	Encontrado um intrínseco não suportado em código gerenciado
C:\Users\salom\Dropbox\Treinamento Pavic\Programacao Paralela\Project2\include\stb_image.h(3678): warning C4793: '`anonymous namespace'::stbi__YCbCr_to_RGB_simd': função compilada como nativa:
  	Encontrado um intrínseco não suportado em código gerenciado
C:\Users\salom\Dropbox\Treinamento Pavic\Programacao Paralela\Project2\include\stb_image.h(3679): warning C4793: '`anonymous namespace'::stbi__YCbCr_to_RGB_simd': função compilada como nativa:
  	Encontrado um intrínseco não suportado em código gerenciado
C:\Users\salom\Dropbox\Treinamento Pavic\Programacao Paralela\Project2\include\stb_image.h(3682): warning C4793: '`anonymous namespace'::stbi__YCbCr_to_RGB_simd': função compilada como nativa:
  	Encontrado um intrínseco não suportado em código gerenciado
C:\Users\salom\Dropbox\Treinamento Pavic\Programacao Paralela\Project2\include\stb_image.h(3683): warning C4793: '`anonymous namespace'::stbi__YCbCr_to_RGB_simd': função compilada como nativa:
  	Encontrado um intrínseco não suportado em código gerenciado
C:\Users\salom\Dropbox\Treinamento Pavic\Programacao Paralela\Project2\include\stb_image.h(3683): warning C4793: '`anonymous namespace'::stbi__YCbCr_to_RGB_simd': função compilada como nativa:
  	Encontrado um intrínseco não suportado em código gerenciado
C:\Users\salom\Dropbox\Treinamento Pavic\Programacao Paralela\Project2\include\stb_image.h(3684): warning C4793: '`anonymous namespace'::stbi__YCbCr_to_RGB_simd': função compilada como nativa:
  	Encontrado um intrínseco não suportado em código gerenciado
C:\Users\salom\Dropbox\Treinamento Pavic\Programacao Paralela\Project2\include\stb_image.h(3684): warning C4793: '`anonymous namespace'::stbi__YCbCr_to_RGB_simd': função compilada como nativa:
  	Encontrado um intrínseco não suportado em código gerenciado
C:\Users\salom\Dropbox\Treinamento Pavic\Programacao Paralela\Project2\include\stb_image.h(3687): warning C4793: '`anonymous namespace'::stbi__YCbCr_to_RGB_simd': função compilada como nativa:
  	Encontrado um intrínseco não suportado em código gerenciado
C:\Users\salom\Dropbox\Treinamento Pavic\Programacao Paralela\Project2\include\stb_image.h(3688): warning C4793: '`anonymous namespace'::stbi__YCbCr_to_RGB_simd': função compilada como nativa:
  	Encontrado um intrínseco não suportado em código gerenciado
C:\Users\salom\Dropbox\Treinamento Pavic\Programacao Paralela\Project2\include\stb_image.h(3689): warning C4793: '`anonymous namespace'::stbi__YCbCr_to_RGB_simd': função compilada como nativa:
  	Encontrado um intrínseco não suportado em código gerenciado
C:\Users\salom\Dropbox\Treinamento Pavic\Programacao Paralela\Project2\include\stb_image.h(3690): warning C4793: '`anonymous namespace'::stbi__YCbCr_to_RGB_simd': função compilada como nativa:
  	Encontrado um intrínseco não suportado em código gerenciado
C:\Users\salom\Dropbox\Treinamento Pavic\Programacao Paralela\Project2\include\stb_image.h(3691): warning C4793: '`anonymous namespace'::stbi__YCbCr_to_RGB_simd': função compilada como nativa:
  	Encontrado um intrínseco não suportado em código gerenciado
C:\Users\salom\Dropbox\Treinamento Pavic\Programacao Paralela\Project2\include\stb_image.h(3692): warning C4793: '`anonymous namespace'::stbi__YCbCr_to_RGB_simd': função compilada como nativa:
  	Encontrado um intrínseco não suportado em código gerenciado
C:\Users\salom\Dropbox\Treinamento Pavic\Programacao Paralela\Project2\include\stb_image.h(3693): warning C4793: '`anonymous namespace'::stbi__YCbCr_to_RGB_simd': função compilada como nativa:
  	Encontrado um intrínseco não suportado em código gerenciado
C:\Users\salom\Dropbox\Treinamento Pavic\Programacao Paralela\Project2\include\stb_image.h(3694): warning C4793: '`anonymous namespace'::stbi__YCbCr_to_RGB_simd': função compilada como nativa:
  	Encontrado um intrínseco não suportado em código gerenciado
C:\Users\salom\Dropbox\Treinamento Pavic\Programacao Paralela\Project2\include\stb_image.h(3695): warning C4793: '`anonymous namespace'::stbi__YCbCr_to_RGB_simd': função compilada como nativa:
  	Encontrado um intrínseco não suportado em código gerenciado
C:\Users\salom\Dropbox\Treinamento Pavic\Programacao Paralela\Project2\include\stb_image.h(3698): warning C4793: '`anonymous namespace'::stbi__YCbCr_to_RGB_simd': função compilada como nativa:
  	Encontrado um intrínseco não suportado em código gerenciado
C:\Users\salom\Dropbox\Treinamento Pavic\Programacao Paralela\Project2\include\stb_image.h(3699): warning C4793: '`anonymous namespace'::stbi__YCbCr_to_RGB_simd': função compilada como nativa:
  	Encontrado um intrínseco não suportado em código gerenciado
C:\Users\salom\Dropbox\Treinamento Pavic\Programacao Paralela\Project2\include\stb_image.h(3700): warning C4793: '`anonymous namespace'::stbi__YCbCr_to_RGB_simd': função compilada como nativa:
  	Encontrado um intrínseco não suportado em código gerenciado
C:\Users\salom\Dropbox\Treinamento Pavic\Programacao Paralela\Project2\include\stb_image.h(3703): warning C4793: '`anonymous namespace'::stbi__YCbCr_to_RGB_simd': função compilada como nativa:
  	Encontrado um intrínseco não suportado em código gerenciado
C:\Users\salom\Dropbox\Treinamento Pavic\Programacao Paralela\Project2\include\stb_image.h(3704): warning C4793: '`anonymous namespace'::stbi__YCbCr_to_RGB_simd': função compilada como nativa:
  	Encontrado um intrínseco não suportado em código gerenciado
C:\Users\salom\Dropbox\Treinamento Pavic\Programacao Paralela\Project2\include\stb_image.h(3707): warning C4793: '`anonymous namespace'::stbi__YCbCr_to_RGB_simd': função compilada como nativa:
  	Encontrado um intrínseco não suportado em código gerenciado
C:\Users\salom\Dropbox\Treinamento Pavic\Programacao Paralela\Project2\include\stb_image.h(3708): warning C4793: '`anonymous namespace'::stbi__YCbCr_to_RGB_simd': função compilada como nativa:
  	Encontrado um intrínseco não suportado em código gerenciado
C:\Users\salom\Dropbox\Treinamento Pavic\Programacao Paralela\Project2\include\stb_image.h(3709): warning C4793: '`anonymous namespace'::stbi__YCbCr_to_RGB_simd': função compilada como nativa:
  	Encontrado um intrínseco não suportado em código gerenciado
C:\Users\salom\Dropbox\Treinamento Pavic\Programacao Paralela\Project2\include\stb_image.h(3710): warning C4793: '`anonymous namespace'::stbi__YCbCr_to_RGB_simd': função compilada como nativa:
  	Encontrado um intrínseco não suportado em código gerenciado
C:\Users\salom\Dropbox\Treinamento Pavic\Programacao Paralela\Project2\include\stb_image.h(3713): warning C4793: '`anonymous namespace'::stbi__YCbCr_to_RGB_simd': função compilada como nativa:
  	Encontrado um intrínseco não suportado em código gerenciado
C:\Users\salom\Dropbox\Treinamento Pavic\Programacao Paralela\Project2\include\stb_image.h(3714): warning C4793: '`anonymous namespace'::stbi__YCbCr_to_RGB_simd': função compilada como nativa:
  	Encontrado um intrínseco não suportado em código gerenciado
C:\Users\salom\Dropbox\Treinamento Pavic\Programacao Paralela\Project2\include\stb_image.h(3517): warning C4793: '`anonymous namespace'::stbi__resample_row_hv_2_simd': função compilada como nativa:
  	Encontrado um intrínseco não suportado em código gerenciado
C:\Users\salom\Dropbox\Treinamento Pavic\Programacao Paralela\Project2\include\stb_image.h(3518): warning C4793: '`anonymous namespace'::stbi__resample_row_hv_2_simd': função compilada como nativa:
  	Encontrado um intrínseco não suportado em código gerenciado
C:\Users\salom\Dropbox\Treinamento Pavic\Programacao Paralela\Project2\include\stb_image.h(3519): warning C4793: '`anonymous namespace'::stbi__resample_row_hv_2_simd': função compilada como nativa:
  	Encontrado um intrínseco não suportado em código gerenciado
C:\Users\salom\Dropbox\Treinamento Pavic\Programacao Paralela\Project2\include\stb_image.h(3520): warning C4793: '`anonymous namespace'::stbi__resample_row_hv_2_simd': função compilada como nativa:
  	Encontrado um intrínseco não suportado em código gerenciado
C:\Users\salom\Dropbox\Treinamento Pavic\Programacao Paralela\Project2\include\stb_image.h(3521): warning C4793: '`anonymous namespace'::stbi__resample_row_hv_2_simd': função compilada como nativa:
  	Encontrado um intrínseco não suportado em código gerenciado
C:\Users\salom\Dropbox\Treinamento Pavic\Programacao Paralela\Project2\include\stb_image.h(3522): warning C4793: '`anonymous namespace'::stbi__resample_row_hv_2_simd': função compilada como nativa:
  	Encontrado um intrínseco não suportado em código gerenciado
C:\Users\salom\Dropbox\Treinamento Pavic\Programacao Paralela\Project2\include\stb_image.h(3523): warning C4793: '`anonymous namespace'::stbi__resample_row_hv_2_simd': função compilada como nativa:
  	Encontrado um intrínseco não suportado em código gerenciado
C:\Users\salom\Dropbox\Treinamento Pavic\Programacao Paralela\Project2\include\stb_image.h(3524): warning C4793: '`anonymous namespace'::stbi__resample_row_hv_2_simd': função compilada como nativa:
  	Encontrado um intrínseco não suportado em código gerenciado
C:\Users\salom\Dropbox\Treinamento Pavic\Programacao Paralela\Project2\include\stb_image.h(3531): warning C4793: '`anonymous namespace'::stbi__resample_row_hv_2_simd': função compilada como nativa:
  	Encontrado um intrínseco não suportado em código gerenciado
C:\Users\salom\Dropbox\Treinamento Pavic\Programacao Paralela\Project2\include\stb_image.h(3532): warning C4793: '`anonymous namespace'::stbi__resample_row_hv_2_simd': função compilada como nativa:
  	Encontrado um intrínseco não suportado em código gerenciado
C:\Users\salom\Dropbox\Treinamento Pavic\Programacao Paralela\Project2\include\stb_image.h(3533): warning C4793: '`anonymous namespace'::stbi__resample_row_hv_2_simd': função compilada como nativa:
  	Encontrado um intrínseco não suportado em código gerenciado
C:\Users\salom\Dropbox\Treinamento Pavic\Programacao Paralela\Project2\include\stb_image.h(3534): warning C4793: '`anonymous namespace'::stbi__resample_row_hv_2_simd': função compilada como nativa:
  	Encontrado um intrínseco não suportado em código gerenciado
C:\Users\salom\Dropbox\Treinamento Pavic\Programacao Paralela\Project2\include\stb_image.h(3540): warning C4793: '`anonymous namespace'::stbi__resample_row_hv_2_simd': função compilada como nativa:
  	Encontrado um intrínseco não suportado em código gerenciado
C:\Users\salom\Dropbox\Treinamento Pavic\Programacao Paralela\Project2\include\stb_image.h(3541): warning C4793: '`anonymous namespace'::stbi__resample_row_hv_2_simd': função compilada como nativa:
  	Encontrado um intrínseco não suportado em código gerenciado
C:\Users\salom\Dropbox\Treinamento Pavic\Programacao Paralela\Project2\include\stb_image.h(3542): warning C4793: '`anonymous namespace'::stbi__resample_row_hv_2_simd': função compilada como nativa:
  	Encontrado um intrínseco não suportado em código gerenciado
C:\Users\salom\Dropbox\Treinamento Pavic\Programacao Paralela\Project2\include\stb_image.h(3543): warning C4793: '`anonymous namespace'::stbi__resample_row_hv_2_simd': função compilada como nativa:
  	Encontrado um intrínseco não suportado em código gerenciado
C:\Users\salom\Dropbox\Treinamento Pavic\Programacao Paralela\Project2\include\stb_image.h(3544): warning C4793: '`anonymous namespace'::stbi__resample_row_hv_2_simd': função compilada como nativa:
  	Encontrado um intrínseco não suportado em código gerenciado
C:\Users\salom\Dropbox\Treinamento Pavic\Programacao Paralela\Project2\include\stb_image.h(3545): warning C4793: '`anonymous namespace'::stbi__resample_row_hv_2_simd': função compilada como nativa:
  	Encontrado um intrínseco não suportado em código gerenciado
C:\Users\salom\Dropbox\Treinamento Pavic\Programacao Paralela\Project2\include\stb_image.h(3546): warning C4793: '`anonymous namespace'::stbi__resample_row_hv_2_simd': função compilada como nativa:
  	Encontrado um intrínseco não suportado em código gerenciado
C:\Users\salom\Dropbox\Treinamento Pavic\Programacao Paralela\Project2\include\stb_image.h(3549): warning C4793: '`anonymous namespace'::stbi__resample_row_hv_2_simd': função compilada como nativa:
  	Encontrado um intrínseco não suportado em código gerenciado
C:\Users\salom\Dropbox\Treinamento Pavic\Programacao Paralela\Project2\include\stb_image.h(3550): warning C4793: '`anonymous namespace'::stbi__resample_row_hv_2_simd': função compilada como nativa:
  	Encontrado um intrínseco não suportado em código gerenciado
C:\Users\salom\Dropbox\Treinamento Pavic\Programacao Paralela\Project2\include\stb_image.h(3551): warning C4793: '`anonymous namespace'::stbi__resample_row_hv_2_simd': função compilada como nativa:
  	Encontrado um intrínseco não suportado em código gerenciado
C:\Users\salom\Dropbox\Treinamento Pavic\Programacao Paralela\Project2\include\stb_image.h(3552): warning C4793: '`anonymous namespace'::stbi__resample_row_hv_2_simd': função compilada como nativa:
  	Encontrado um intrínseco não suportado em código gerenciado
C:\Users\salom\Dropbox\Treinamento Pavic\Programacao Paralela\Project2\include\stb_image.h(3555): warning C4793: '`anonymous namespace'::stbi__resample_row_hv_2_simd': função compilada como nativa:
  	Encontrado um intrínseco não suportado em código gerenciado
C:\Users\salom\Dropbox\Treinamento Pavic\Programacao Paralela\Project2\include\stb_image.h(3556): warning C4793: '`anonymous namespace'::stbi__resample_row_hv_2_simd': função compilada como nativa:
  	Encontrado um intrínseco não suportado em código gerenciado
C:\Users\salom\Dropbox\Treinamento Pavic\Programacao Paralela\Project2\include\stb_image_write.h(480): warning C4793: '`anonymous namespace'::stbiw__outfile': função compilada como nativa:
  	varargs não suportados sob /clr
C:\Users\salom\Dropbox\Treinamento Pavic\Programacao Paralela\Project2\include\stb_image_write.h(486): warning C4793: '`anonymous namespace'::stbiw__outfile': função compilada como nativa:
  	Encontrado um intrínseco não suportado em código gerenciado
C:\Users\salom\Dropbox\Treinamento Pavic\Programacao Paralela\Project2\include\stb_image_write.h(488): warning C4793: '`anonymous namespace'::stbiw__outfile': função compilada como nativa:
  	Encontrado um intrínseco não suportado em código gerenciado
C:\Users\salom\Dropbox\Treinamento Pavic\Programacao Paralela\Project2\include\stb_image_write.h(379): warning C4793: '`anonymous namespace'::stbiw__writef': função compilada como nativa:
  	varargs não suportados sob /clr
C:\Users\salom\Dropbox\Treinamento Pavic\Programacao Paralela\Project2\include\stb_image_write.h(381): warning C4793: '`anonymous namespace'::stbiw__writef': função compilada como nativa:
  	Encontrado um intrínseco não suportado em código gerenciado
C:\Users\salom\Dropbox\Treinamento Pavic\Programacao Paralela\Project2\include\stb_image_write.h(383): warning C4793: '`anonymous namespace'::stbiw__writef': função compilada como nativa:
  	Encontrado um intrínseco não suportado em código gerenciado
C:\Users\salom\Dropbox\Treinamento Pavic\Programacao Paralela\Project2\include\stb_image_write.h(354): warning C4793: '`anonymous namespace'::stbiw__writefv': função compilada como nativa:
  	Encontrado um intrínseco não suportado em código gerenciado
C:\Users\salom\Dropbox\Treinamento Pavic\Programacao Paralela\Project2\include\stb_image_write.h(357): warning C4793: '`anonymous namespace'::stbiw__writefv': função compilada como nativa:
  	Encontrado um intrínseco não suportado em código gerenciado
C:\Users\salom\Dropbox\Treinamento Pavic\Programacao Paralela\Project2\include\stb_image_write.h(363): warning C4793: '`anonymous namespace'::stbiw__writefv': função compilada como nativa:
  	Encontrado um intrínseco não suportado em código gerenciado
  MyForm.obj : Módulo MSIL encontrado; vínculo incremental está desabilitado para MSIL; executando link completo
  Project2.vcxproj -> C:\Users\salom\Dropbox\Treinamento Pavic\Programacao Paralela\Project2\x64\Debug\Project2.exe
